.bulknsld = 9.80277e-06 in [9e-06,1e-05]
.dq = -0.00732191 in [-0.01,0.01]
.l_lipid = 10.2099 in [9,13]
.prefactor = 32688.9 in [15000,40000]
.sigma = 2.20555 in [1,4]
.vf_bilayer = 0.979754 in [0.95,1]

[chisq=120.2114(84), nllf=50308.5]
              Parameter       mean  median    best [   68% interval] [   95% interval]
 1             bulknsld 9.66(28)e-6 0.000009779 0.000009803 [0.00000932 0.00000995] [0.00000908 0.00000999]
 2                   dq 4.3(63)e-3  0.0071 -0.0073 [ -0.003   0.010] [ -0.010   0.010]
 3              l_lipid    9.9(11)   9.157  10.210 [   9.01   11.32] [   9.00   12.50]
 4            prefactor 29.1(52)e3   28540   32690 [  25900   35100] [  17300   39800]
 5                sigma   1.86(67)   1.620   2.206 [   1.32    2.59] [   1.14    3.93]
 6           vf_bilayer  0.977(16)  0.9788  0.9798 [  0.959   0.997] [  0.952   1.000]

Statistics and plots based on 9660 samples (76.2% of total samples drawn)
/Library/Frameworks/Python.framework/Versions/3.7/lib/python3.7/site-packages/bumps/dream/varplot.py:240: MatplotlibDeprecationWarning: shading='flat' when X and Y have the same dimensions as C is deprecated since 3.3.  Either specify the corners of the quadrilaterals with X and Y, or pass shading='auto', 'nearest' or 'gouraud', or set rcParams['pcolor.shading'].  This will become an error two minor releases later.
  pylab.pcolormesh(x, y, z, vmin=vmin, vmax=vmax, cmap=cmap)
/Library/Frameworks/Python.framework/Versions/3.7/lib/python3.7/site-packages/bumps/dream/varplot.py:244: VisibleDeprecationWarning: Creating an ndarray from ragged nested sequences (which is a list-or-tuple of lists-or-tuples-or ndarrays with different lengths or shapes) is deprecated. If you meant to do this, you must specify 'dtype=object' when creating the ndarray.
  centers, height, maxlikelihood = array(bins).T
/Library/Frameworks/Python.framework/Versions/3.7/lib/python3.7/site-packages/bumps/dream/varplot.py:240: MatplotlibDeprecationWarning: shading='flat' when X and Y have the same dimensions as C is deprecated since 3.3.  Either specify the corners of the quadrilaterals with X and Y, or pass shading='auto', 'nearest' or 'gouraud', or set rcParams['pcolor.shading'].  This will become an error two minor releases later.
  pylab.pcolormesh(x, y, z, vmin=vmin, vmax=vmax, cmap=cmap)
/Library/Frameworks/Python.framework/Versions/3.7/lib/python3.7/site-packages/bumps/dream/varplot.py:244: VisibleDeprecationWarning: Creating an ndarray from ragged nested sequences (which is a list-or-tuple of lists-or-tuples-or ndarrays with different lengths or shapes) is deprecated. If you meant to do this, you must specify 'dtype=object' when creating the ndarray.
  centers, height, maxlikelihood = array(bins).T
/Library/Frameworks/Python.framework/Versions/3.7/lib/python3.7/site-packages/bumps/dream/varplot.py:240: MatplotlibDeprecationWarning: shading='flat' when X and Y have the same dimensions as C is deprecated since 3.3.  Either specify the corners of the quadrilaterals with X and Y, or pass shading='auto', 'nearest' or 'gouraud', or set rcParams['pcolor.shading'].  This will become an error two minor releases later.
  pylab.pcolormesh(x, y, z, vmin=vmin, vmax=vmax, cmap=cmap)
/Library/Frameworks/Python.framework/Versions/3.7/lib/python3.7/site-packages/bumps/dream/varplot.py:244: VisibleDeprecationWarning: Creating an ndarray from ragged nested sequences (which is a list-or-tuple of lists-or-tuples-or ndarrays with different lengths or shapes) is deprecated. If you meant to do this, you must specify 'dtype=object' when creating the ndarray.
  centers, height, maxlikelihood = array(bins).T
/Library/Frameworks/Python.framework/Versions/3.7/lib/python3.7/site-packages/bumps/dream/varplot.py:240: MatplotlibDeprecationWarning: shading='flat' when X and Y have the same dimensions as C is deprecated since 3.3.  Either specify the corners of the quadrilaterals with X and Y, or pass shading='auto', 'nearest' or 'gouraud', or set rcParams['pcolor.shading'].  This will become an error two minor releases later.
  pylab.pcolormesh(x, y, z, vmin=vmin, vmax=vmax, cmap=cmap)
/Library/Frameworks/Python.framework/Versions/3.7/lib/python3.7/site-packages/bumps/dream/varplot.py:244: VisibleDeprecationWarning: Creating an ndarray from ragged nested sequences (which is a list-or-tuple of lists-or-tuples-or ndarrays with different lengths or shapes) is deprecated. If you meant to do this, you must specify 'dtype=object' when creating the ndarray.
  centers, height, maxlikelihood = array(bins).T
/Library/Frameworks/Python.framework/Versions/3.7/lib/python3.7/site-packages/bumps/dream/varplot.py:240: MatplotlibDeprecationWarning: shading='flat' when X and Y have the same dimensions as C is deprecated since 3.3.  Either specify the corners of the quadrilaterals with X and Y, or pass shading='auto', 'nearest' or 'gouraud', or set rcParams['pcolor.shading'].  This will become an error two minor releases later.
  pylab.pcolormesh(x, y, z, vmin=vmin, vmax=vmax, cmap=cmap)
/Library/Frameworks/Python.framework/Versions/3.7/lib/python3.7/site-packages/bumps/dream/varplot.py:244: VisibleDeprecationWarning: Creating an ndarray from ragged nested sequences (which is a list-or-tuple of lists-or-tuples-or ndarrays with different lengths or shapes) is deprecated. If you meant to do this, you must specify 'dtype=object' when creating the ndarray.
  centers, height, maxlikelihood = array(bins).T
/Library/Frameworks/Python.framework/Versions/3.7/lib/python3.7/site-packages/bumps/dream/varplot.py:240: MatplotlibDeprecationWarning: shading='flat' when X and Y have the same dimensions as C is deprecated since 3.3.  Either specify the corners of the quadrilaterals with X and Y, or pass shading='auto', 'nearest' or 'gouraud', or set rcParams['pcolor.shading'].  This will become an error two minor releases later.
  pylab.pcolormesh(x, y, z, vmin=vmin, vmax=vmax, cmap=cmap)
/Library/Frameworks/Python.framework/Versions/3.7/lib/python3.7/site-packages/bumps/dream/varplot.py:244: VisibleDeprecationWarning: Creating an ndarray from ragged nested sequences (which is a list-or-tuple of lists-or-tuples-or ndarrays with different lengths or shapes) is deprecated. If you meant to do this, you must specify 'dtype=object' when creating the ndarray.
  centers, height, maxlikelihood = array(bins).T
