[0] = l_siox = 12.6908 in [10,30]
[1] = rho_siox = 3.68354 in [3.2,3.8]
[2] = l_submembrane = 6.85844 in [1,10]
[3] = l_lipid1 = 12.6917 in [10,15]
[4] = l_lipid2 = 10.9271 in [10,15]
[5] = vf_bilayer = 0.998638 in [0.9,1]
[6] = rho_solv_0 = 3.9978 in [3.46,4.06]
[7] = global_rough = 4.75239 in [2,5]
[8] = sigma = 4.29113 in [2,5]
[9] = background_0 = -8.84393 in [-9,-5]

[chisq=0.88(17), nllf=29.479]
              Parameter       mean  median    best [   68% interval] [   95% interval]
 1               l_siox   14.0(25)  13.861  12.691 [  10.99   16.94] [  10.12   18.52]
 2             rho_siox   3.54(14)   3.551   3.684 [   3.40    3.71] [   3.24    3.78]
 3        l_submembrane    6.0(25)   6.289   6.858 [   2.90    8.88] [   1.44    9.81]
 4             l_lipid1   11.7(11)  11.576  12.692 [  10.50   13.03] [  10.05   13.89]
 5             l_lipid2   12.4(12)  12.534  10.927 [  11.03   13.70] [  10.13   14.38]
 6           vf_bilayer  0.967(20)  0.9678  0.9986 [  0.943   0.988] [  0.930   0.998]
 7           rho_solv_0 3.9978(10) 3.99780 3.99780 [ 3.9968  3.9988] [ 3.9958  3.9998]
 8         global_rough   3.78(80)   3.870   4.752 [   2.83    4.69] [   2.18    4.95]
 9                sigma   3.43(64)   3.505   4.291 [   2.62    4.09] [   2.21    4.44]
10         background_0  -8.23(48)  -8.307  -8.844 [  -8.78   -7.67] [  -8.97   -7.34]

Statistics and plots based on 32100 samples (62.7% of total samples drawn)
/Users/frank/opt/anaconda3/envs/Python37/lib/python3.7/site-packages/bumps/dream/varplot.py:240: MatplotlibDeprecationWarning: shading='flat' when X and Y have the same dimensions as C is deprecated since 3.3.  Either specify the corners of the quadrilaterals with X and Y, or pass shading='auto', 'nearest' or 'gouraud', or set rcParams['pcolor.shading'].  This will become an error two minor releases later.
  pylab.pcolormesh(x, y, z, vmin=vmin, vmax=vmax, cmap=cmap)
/Users/frank/opt/anaconda3/envs/Python37/lib/python3.7/site-packages/bumps/dream/varplot.py:244: VisibleDeprecationWarning: Creating an ndarray from ragged nested sequences (which is a list-or-tuple of lists-or-tuples-or ndarrays with different lengths or shapes) is deprecated. If you meant to do this, you must specify 'dtype=object' when creating the ndarray.
  centers, height, maxlikelihood = array(bins).T
/Users/frank/opt/anaconda3/envs/Python37/lib/python3.7/site-packages/bumps/dream/varplot.py:240: MatplotlibDeprecationWarning: shading='flat' when X and Y have the same dimensions as C is deprecated since 3.3.  Either specify the corners of the quadrilaterals with X and Y, or pass shading='auto', 'nearest' or 'gouraud', or set rcParams['pcolor.shading'].  This will become an error two minor releases later.
  pylab.pcolormesh(x, y, z, vmin=vmin, vmax=vmax, cmap=cmap)
/Users/frank/opt/anaconda3/envs/Python37/lib/python3.7/site-packages/bumps/dream/varplot.py:244: VisibleDeprecationWarning: Creating an ndarray from ragged nested sequences (which is a list-or-tuple of lists-or-tuples-or ndarrays with different lengths or shapes) is deprecated. If you meant to do this, you must specify 'dtype=object' when creating the ndarray.
  centers, height, maxlikelihood = array(bins).T
/Users/frank/opt/anaconda3/envs/Python37/lib/python3.7/site-packages/bumps/dream/varplot.py:240: MatplotlibDeprecationWarning: shading='flat' when X and Y have the same dimensions as C is deprecated since 3.3.  Either specify the corners of the quadrilaterals with X and Y, or pass shading='auto', 'nearest' or 'gouraud', or set rcParams['pcolor.shading'].  This will become an error two minor releases later.
  pylab.pcolormesh(x, y, z, vmin=vmin, vmax=vmax, cmap=cmap)
/Users/frank/opt/anaconda3/envs/Python37/lib/python3.7/site-packages/bumps/dream/varplot.py:244: VisibleDeprecationWarning: Creating an ndarray from ragged nested sequences (which is a list-or-tuple of lists-or-tuples-or ndarrays with different lengths or shapes) is deprecated. If you meant to do this, you must specify 'dtype=object' when creating the ndarray.
  centers, height, maxlikelihood = array(bins).T
/Users/frank/opt/anaconda3/envs/Python37/lib/python3.7/site-packages/bumps/dream/varplot.py:240: MatplotlibDeprecationWarning: shading='flat' when X and Y have the same dimensions as C is deprecated since 3.3.  Either specify the corners of the quadrilaterals with X and Y, or pass shading='auto', 'nearest' or 'gouraud', or set rcParams['pcolor.shading'].  This will become an error two minor releases later.
  pylab.pcolormesh(x, y, z, vmin=vmin, vmax=vmax, cmap=cmap)
/Users/frank/opt/anaconda3/envs/Python37/lib/python3.7/site-packages/bumps/dream/varplot.py:244: VisibleDeprecationWarning: Creating an ndarray from ragged nested sequences (which is a list-or-tuple of lists-or-tuples-or ndarrays with different lengths or shapes) is deprecated. If you meant to do this, you must specify 'dtype=object' when creating the ndarray.
  centers, height, maxlikelihood = array(bins).T
/Users/frank/opt/anaconda3/envs/Python37/lib/python3.7/site-packages/bumps/dream/varplot.py:240: MatplotlibDeprecationWarning: shading='flat' when X and Y have the same dimensions as C is deprecated since 3.3.  Either specify the corners of the quadrilaterals with X and Y, or pass shading='auto', 'nearest' or 'gouraud', or set rcParams['pcolor.shading'].  This will become an error two minor releases later.
  pylab.pcolormesh(x, y, z, vmin=vmin, vmax=vmax, cmap=cmap)
/Users/frank/opt/anaconda3/envs/Python37/lib/python3.7/site-packages/bumps/dream/varplot.py:244: VisibleDeprecationWarning: Creating an ndarray from ragged nested sequences (which is a list-or-tuple of lists-or-tuples-or ndarrays with different lengths or shapes) is deprecated. If you meant to do this, you must specify 'dtype=object' when creating the ndarray.
  centers, height, maxlikelihood = array(bins).T
/Users/frank/opt/anaconda3/envs/Python37/lib/python3.7/site-packages/bumps/dream/varplot.py:240: MatplotlibDeprecationWarning: shading='flat' when X and Y have the same dimensions as C is deprecated since 3.3.  Either specify the corners of the quadrilaterals with X and Y, or pass shading='auto', 'nearest' or 'gouraud', or set rcParams['pcolor.shading'].  This will become an error two minor releases later.
  pylab.pcolormesh(x, y, z, vmin=vmin, vmax=vmax, cmap=cmap)
/Users/frank/opt/anaconda3/envs/Python37/lib/python3.7/site-packages/bumps/dream/varplot.py:244: VisibleDeprecationWarning: Creating an ndarray from ragged nested sequences (which is a list-or-tuple of lists-or-tuples-or ndarrays with different lengths or shapes) is deprecated. If you meant to do this, you must specify 'dtype=object' when creating the ndarray.
  centers, height, maxlikelihood = array(bins).T
/Users/frank/opt/anaconda3/envs/Python37/lib/python3.7/site-packages/bumps/dream/varplot.py:240: MatplotlibDeprecationWarning: shading='flat' when X and Y have the same dimensions as C is deprecated since 3.3.  Either specify the corners of the quadrilaterals with X and Y, or pass shading='auto', 'nearest' or 'gouraud', or set rcParams['pcolor.shading'].  This will become an error two minor releases later.
  pylab.pcolormesh(x, y, z, vmin=vmin, vmax=vmax, cmap=cmap)
/Users/frank/opt/anaconda3/envs/Python37/lib/python3.7/site-packages/bumps/dream/varplot.py:244: VisibleDeprecationWarning: Creating an ndarray from ragged nested sequences (which is a list-or-tuple of lists-or-tuples-or ndarrays with different lengths or shapes) is deprecated. If you meant to do this, you must specify 'dtype=object' when creating the ndarray.
  centers, height, maxlikelihood = array(bins).T
/Users/frank/opt/anaconda3/envs/Python37/lib/python3.7/site-packages/bumps/dream/varplot.py:240: MatplotlibDeprecationWarning: shading='flat' when X and Y have the same dimensions as C is deprecated since 3.3.  Either specify the corners of the quadrilaterals with X and Y, or pass shading='auto', 'nearest' or 'gouraud', or set rcParams['pcolor.shading'].  This will become an error two minor releases later.
  pylab.pcolormesh(x, y, z, vmin=vmin, vmax=vmax, cmap=cmap)
/Users/frank/opt/anaconda3/envs/Python37/lib/python3.7/site-packages/bumps/dream/varplot.py:244: VisibleDeprecationWarning: Creating an ndarray from ragged nested sequences (which is a list-or-tuple of lists-or-tuples-or ndarrays with different lengths or shapes) is deprecated. If you meant to do this, you must specify 'dtype=object' when creating the ndarray.
  centers, height, maxlikelihood = array(bins).T
/Users/frank/opt/anaconda3/envs/Python37/lib/python3.7/site-packages/bumps/dream/varplot.py:240: MatplotlibDeprecationWarning: shading='flat' when X and Y have the same dimensions as C is deprecated since 3.3.  Either specify the corners of the quadrilaterals with X and Y, or pass shading='auto', 'nearest' or 'gouraud', or set rcParams['pcolor.shading'].  This will become an error two minor releases later.
  pylab.pcolormesh(x, y, z, vmin=vmin, vmax=vmax, cmap=cmap)
/Users/frank/opt/anaconda3/envs/Python37/lib/python3.7/site-packages/bumps/dream/varplot.py:244: VisibleDeprecationWarning: Creating an ndarray from ragged nested sequences (which is a list-or-tuple of lists-or-tuples-or ndarrays with different lengths or shapes) is deprecated. If you meant to do this, you must specify 'dtype=object' when creating the ndarray.
  centers, height, maxlikelihood = array(bins).T
/Users/frank/opt/anaconda3/envs/Python37/lib/python3.7/site-packages/bumps/dream/varplot.py:240: MatplotlibDeprecationWarning: shading='flat' when X and Y have the same dimensions as C is deprecated since 3.3.  Either specify the corners of the quadrilaterals with X and Y, or pass shading='auto', 'nearest' or 'gouraud', or set rcParams['pcolor.shading'].  This will become an error two minor releases later.
  pylab.pcolormesh(x, y, z, vmin=vmin, vmax=vmax, cmap=cmap)
/Users/frank/opt/anaconda3/envs/Python37/lib/python3.7/site-packages/bumps/dream/varplot.py:244: VisibleDeprecationWarning: Creating an ndarray from ragged nested sequences (which is a list-or-tuple of lists-or-tuples-or ndarrays with different lengths or shapes) is deprecated. If you meant to do this, you must specify 'dtype=object' when creating the ndarray.
  centers, height, maxlikelihood = array(bins).T
