-- Model 0 kr031.refl
[0] = d_oxide = 27.9754 in [5,40]
[1] = d_Cr = 10.2471 in [10,60]
[2] = d_gold = 142.252 in [120,180]
[3] = l_tether = 8.05362 in [6,18]
[4] = l_lipid1 = 14.576 in [8,22]
[5] = l_lipid2 = 12.6626 in [7,20]
[6] = dl_lipid_gcrinse1 = -0.166917 in [-3,1]
[7] = nf_tether = 0.507393 in [0.4,1]
[8] = mult_tether = 2.27686 in [0.1,4]
[9] = vf_bilayer = 0.959942 in [0.8,1]
[10] = vf_bilayer_gcrinse1 = 0.987199 in [0.6,1]
[11] = fraction_rinse2 = 0.662316 in [0.5,1]
[12] = dp_on0 = 12.1952 in [-7,15]
[13] = dp_on1 = 0.671456 in [-7,7]
[14] = dp_on2 = 4.01153 in [-7,7]
[15] = dp_on3 = -0.0136508 in [-7,7]
[16] = dp_on4 = -5.97008 in [-7,7]
[17] = dp_on5 = -5.58483 in [-7,7]
[18] = dp_on6 = -1.72684 in [-7,7]
[19] = dp_on7 = 4.49304 in [-7,7]
[20] = dp_on8 = 0.365027 in [-7,7]
[21] = vf_on1 = 0.0463285 in [-0.001,0.1]
[22] = vf_on2 = 0.204716 in [-0.001,0.4]
[23] = vf_on3 = 0.332134 in [-0.001,0.5]
[24] = vf_on4 = 0.110572 in [-0.001,0.4]
[25] = vf_on5 = 0.214571 in [-0.001,0.4]
[26] = vf_on6 = 0.0442866 in [-0.001,0.4]
[27] = vf_on7 = 0.205525 in [-0.001,0.4]
[28] = frac2_on0 = 0.323825 in [0,1]
[29] = frac2_on1 = 0.497759 in [0,1]
[30] = frac2_on2 = 0.0810223 in [0,1]
[31] = frac2_on3 = 0.0991714 in [0,1]
[32] = frac2_on4 = 0.758009 in [0,1]
[33] = frac2_on5 = 0.298384 in [0,1]
[34] = frac2_on6 = 0.475047 in [0,1]
[35] = frac2_on7 = 0.98004 in [0,1]
[36] = rho_SiOx = 3.68546 in [3.2,3.8]
[37] = rho_Cr = 3.65056 in [2.7,4.25]
[38] = rho_Au = 4.51852 in [4.2,4.8]
[39] = rho_solv_0 = 6.11475 in [5.8,6.34]
[40] = rho_solv_1 = -0.559737 in [-0.56,-0.1]
[41] = rho_solv_2 = -0.32457 in [-0.56,-0.1]
[42] = rho_solv_3 = 6.19107 in [5.8,6.34]
[43] = global_rough = 17.926 in [1,25]
[44] = rough_cr_au = 6.51233 in [1,10]
[45] = sigma = 2.05736 in [2,5]
[46] = thetaoffset0 = 0.000858427 in [-0.01,0.01]
[47] = background_0 = -6.71371 in [-9,-5]
[48] = background_1 = -8.11221 in [-9,-5]
[49] = background_2 = -6.24408 in [-9,-5]
[50] = background_3 = -7.55685 in [-9,-5]

[chisq=11.42(49), nllf=639.512]
-- Model 1 kr032.refl
None
[chisq=40.8030(89), nllf=2284.97]
-- Model 2 kr035.refl
None
[chisq=38.3498(89), nllf=2147.59]
-- Model 3 kr036.refl
None
[chisq=20.4280(89), nllf=1143.97]
[overall chisq=31.32(14), nllf=6216.04]
              Parameter       mean  median    best [   68% interval] [   95% interval]
 1              d_oxide   21.0(98)   21.13   27.98 [    9.0    32.2] [    5.6    38.6]
 2                 d_Cr     32(14)   31.42   10.25 [   17.4    48.1] [   11.1    58.3]
 3               d_gold    148(16)  147.44  142.25 [  129.1   168.0] [  121.6   177.3]
 4             l_tether   12.1(35)   12.10    8.05 [    8.0    16.4] [    6.2    17.8]
 5             l_lipid1   15.3(37)   15.34   14.58 [   11.0    19.5] [    8.8    21.4]
 6             l_lipid2   13.8(35)   13.96   12.66 [    9.7    17.7] [    7.4    19.4]
 7    dl_lipid_gcrinse1   -0.9(12)  -0.895  -0.167 [  -2.34    0.40] [  -2.86    0.89]
 8            nf_tether   0.70(18)   0.698   0.507 [   0.49    0.92] [   0.42    0.99]
 9          mult_tether    2.0(11)   2.082   2.277 [   0.66    3.32] [   0.19    3.88]
10           vf_bilayer  0.901(59)   0.901   0.960 [   0.83    0.97] [   0.81    1.00]
11  vf_bilayer_gcrinse1   0.83(11)   0.845   0.987 [   0.71    0.96] [   0.62    0.99]
12      fraction_rinse2   0.74(14)   0.743   0.662 [   0.58    0.90] [   0.51    0.99]
13               dp_on0    4.0(66)    3.95   12.20 [   -3.9    12.2] [   -6.5    14.5]
14               dp_on1    0.3(41)    0.24    0.67 [   -4.6     5.1] [   -6.7     6.7]
15               dp_on2   -0.0(40)   -0.05    4.01 [   -4.7     4.6] [   -6.5     6.6]
16               dp_on3   -0.0(41)   -0.20   -0.01 [   -4.9     4.8] [   -6.7     6.6]
17               dp_on4   -0.1(42)    0.02   -5.97 [   -5.2     5.0] [   -6.7     6.6]
18               dp_on5   -0.1(41)   -0.11   -5.58 [   -5.1     4.9] [   -6.6     6.7]
19               dp_on6   -0.0(41)   -0.06   -1.73 [   -4.9     5.0] [   -6.6     6.7]
20               dp_on7   -0.0(40)   -0.08    4.49 [   -4.6     4.7] [   -6.6     6.7]
21               dp_on8   -0.1(41)    0.02    0.37 [   -5.1     4.8] [   -6.7     6.6]
22               vf_on1  49(29)e-3  0.0470  0.0463 [  0.015   0.084] [  0.002   0.097]
23               vf_on2   0.19(11)   0.185   0.205 [   0.06    0.33] [   0.01    0.39]
24               vf_on3   0.24(14)   0.244   0.332 [   0.07    0.41] [   0.01    0.49]
25               vf_on4   0.19(11)   0.194   0.111 [   0.06    0.33] [   0.01    0.39]
26               vf_on5   0.20(12)   0.205   0.215 [   0.06    0.34] [   0.01    0.39]
27               vf_on6   0.20(12)   0.203   0.044 [   0.06    0.33] [   0.01    0.39]
28               vf_on7   0.20(12)   0.195   0.206 [   0.06    0.33] [   0.01    0.39]
29            frac2_on0   0.50(28)   0.494   0.324 [   0.17    0.83] [   0.03    0.97]
30            frac2_on1   0.50(30)   0.487   0.498 [   0.15    0.87] [   0.02    0.97]
31            frac2_on2   0.48(28)   0.476   0.081 [   0.15    0.81] [   0.03    0.97]
32            frac2_on3   0.49(29)   0.500   0.099 [   0.15    0.83] [   0.02    0.97]
33            frac2_on4   0.51(29)   0.502   0.758 [   0.18    0.86] [   0.02    0.98]
34            frac2_on5   0.51(29)   0.491   0.298 [   0.17    0.85] [   0.04    0.98]
35            frac2_on6   0.48(29)   0.471   0.475 [   0.15    0.83] [   0.02    0.97]
36            frac2_on7   0.51(29)   0.514   0.980 [   0.17    0.86] [   0.03    0.98]
37             rho_SiOx   3.48(17)   3.471   3.685 [   3.27    3.69] [   3.21    3.78]
38               rho_Cr   3.48(44)   3.492   3.651 [   2.98    3.98] [   2.75    4.21]
39               rho_Au   4.51(16)   4.519   4.519 [   4.32    4.70] [   4.22    4.79]
40           rho_solv_0   6.07(15)   6.067   6.115 [   5.89    6.25] [   5.82    6.32]
41           rho_solv_1  -0.34(13)  -0.342  -0.560 [  -0.50   -0.17] [  -0.55   -0.11]
42           rho_solv_2  -0.33(13)  -0.329  -0.325 [  -0.49   -0.18] [  -0.55   -0.11]
43           rho_solv_3   6.08(15)   6.074   6.191 [   5.90    6.26] [   5.82    6.33]
44         global_rough   13.4(64)   13.32   17.93 [    5.9    20.9] [    2.2    24.4]
45          rough_cr_au    5.6(27)   5.635   6.512 [   2.46    8.85] [   1.19    9.90]
46                sigma   3.57(87)   3.572   2.057 [   2.52    4.57] [   2.10    4.97]
47         thetaoffset0 0.0(55)e-3 -0.0002  0.0009 [ -0.006   0.006] [ -0.010   0.009]
48         background_0   -7.2(11)  -7.150  -6.714 [  -8.50   -5.95] [  -8.92   -5.44]
49         background_1   -7.0(11)  -7.015  -8.112 [  -8.29   -5.69] [  -8.92   -5.17]
50         background_2   -7.0(12)  -7.010  -6.244 [  -8.43   -5.56] [  -8.94   -5.11]
51         background_3   -7.1(11)  -7.061  -7.557 [  -8.38   -5.94] [  -8.94   -5.41]

Statistics and plots based on 3054 samples (50.0% of total samples drawn)
/Users/frank/opt/anaconda3/envs/Python37/lib/python3.7/site-packages/bumps/dream/varplot.py:244: VisibleDeprecationWarning: Creating an ndarray from ragged nested sequences (which is a list-or-tuple of lists-or-tuples-or ndarrays with different lengths or shapes) is deprecated. If you meant to do this, you must specify 'dtype=object' when creating the ndarray.
  centers, height, maxlikelihood = array(bins).T
/Users/frank/opt/anaconda3/envs/Python37/lib/python3.7/site-packages/bumps/dream/varplot.py:244: VisibleDeprecationWarning: Creating an ndarray from ragged nested sequences (which is a list-or-tuple of lists-or-tuples-or ndarrays with different lengths or shapes) is deprecated. If you meant to do this, you must specify 'dtype=object' when creating the ndarray.
  centers, height, maxlikelihood = array(bins).T
/Users/frank/opt/anaconda3/envs/Python37/lib/python3.7/site-packages/bumps/dream/varplot.py:248: RuntimeWarning: divide by zero encountered in true_divide
  maxlikelihood *= np.sum(height)/np.sum(maxlikelihood)
/Users/frank/opt/anaconda3/envs/Python37/lib/python3.7/site-packages/bumps/dream/varplot.py:248: RuntimeWarning: invalid value encountered in multiply
  maxlikelihood *= np.sum(height)/np.sum(maxlikelihood)
/Users/frank/opt/anaconda3/envs/Python37/lib/python3.7/site-packages/bumps/dream/varplot.py:244: VisibleDeprecationWarning: Creating an ndarray from ragged nested sequences (which is a list-or-tuple of lists-or-tuples-or ndarrays with different lengths or shapes) is deprecated. If you meant to do this, you must specify 'dtype=object' when creating the ndarray.
  centers, height, maxlikelihood = array(bins).T
/Users/frank/opt/anaconda3/envs/Python37/lib/python3.7/site-packages/bumps/dream/varplot.py:244: VisibleDeprecationWarning: Creating an ndarray from ragged nested sequences (which is a list-or-tuple of lists-or-tuples-or ndarrays with different lengths or shapes) is deprecated. If you meant to do this, you must specify 'dtype=object' when creating the ndarray.
  centers, height, maxlikelihood = array(bins).T
/Users/frank/opt/anaconda3/envs/Python37/lib/python3.7/site-packages/bumps/dream/varplot.py:244: VisibleDeprecationWarning: Creating an ndarray from ragged nested sequences (which is a list-or-tuple of lists-or-tuples-or ndarrays with different lengths or shapes) is deprecated. If you meant to do this, you must specify 'dtype=object' when creating the ndarray.
  centers, height, maxlikelihood = array(bins).T
/Users/frank/opt/anaconda3/envs/Python37/lib/python3.7/site-packages/bumps/dream/varplot.py:244: VisibleDeprecationWarning: Creating an ndarray from ragged nested sequences (which is a list-or-tuple of lists-or-tuples-or ndarrays with different lengths or shapes) is deprecated. If you meant to do this, you must specify 'dtype=object' when creating the ndarray.
  centers, height, maxlikelihood = array(bins).T
/Users/frank/opt/anaconda3/envs/Python37/lib/python3.7/site-packages/bumps/dream/varplot.py:244: VisibleDeprecationWarning: Creating an ndarray from ragged nested sequences (which is a list-or-tuple of lists-or-tuples-or ndarrays with different lengths or shapes) is deprecated. If you meant to do this, you must specify 'dtype=object' when creating the ndarray.
  centers, height, maxlikelihood = array(bins).T
/Users/frank/opt/anaconda3/envs/Python37/lib/python3.7/site-packages/bumps/dream/varplot.py:244: VisibleDeprecationWarning: Creating an ndarray from ragged nested sequences (which is a list-or-tuple of lists-or-tuples-or ndarrays with different lengths or shapes) is deprecated. If you meant to do this, you must specify 'dtype=object' when creating the ndarray.
  centers, height, maxlikelihood = array(bins).T
/Users/frank/opt/anaconda3/envs/Python37/lib/python3.7/site-packages/bumps/dream/varplot.py:244: VisibleDeprecationWarning: Creating an ndarray from ragged nested sequences (which is a list-or-tuple of lists-or-tuples-or ndarrays with different lengths or shapes) is deprecated. If you meant to do this, you must specify 'dtype=object' when creating the ndarray.
  centers, height, maxlikelihood = array(bins).T
/Users/frank/opt/anaconda3/envs/Python37/lib/python3.7/site-packages/bumps/dream/varplot.py:244: VisibleDeprecationWarning: Creating an ndarray from ragged nested sequences (which is a list-or-tuple of lists-or-tuples-or ndarrays with different lengths or shapes) is deprecated. If you meant to do this, you must specify 'dtype=object' when creating the ndarray.
  centers, height, maxlikelihood = array(bins).T
/Users/frank/opt/anaconda3/envs/Python37/lib/python3.7/site-packages/bumps/dream/varplot.py:244: VisibleDeprecationWarning: Creating an ndarray from ragged nested sequences (which is a list-or-tuple of lists-or-tuples-or ndarrays with different lengths or shapes) is deprecated. If you meant to do this, you must specify 'dtype=object' when creating the ndarray.
  centers, height, maxlikelihood = array(bins).T
/Users/frank/opt/anaconda3/envs/Python37/lib/python3.7/site-packages/bumps/dream/varplot.py:244: VisibleDeprecationWarning: Creating an ndarray from ragged nested sequences (which is a list-or-tuple of lists-or-tuples-or ndarrays with different lengths or shapes) is deprecated. If you meant to do this, you must specify 'dtype=object' when creating the ndarray.
  centers, height, maxlikelihood = array(bins).T
/Users/frank/opt/anaconda3/envs/Python37/lib/python3.7/site-packages/bumps/dream/varplot.py:244: VisibleDeprecationWarning: Creating an ndarray from ragged nested sequences (which is a list-or-tuple of lists-or-tuples-or ndarrays with different lengths or shapes) is deprecated. If you meant to do this, you must specify 'dtype=object' when creating the ndarray.
  centers, height, maxlikelihood = array(bins).T
/Users/frank/opt/anaconda3/envs/Python37/lib/python3.7/site-packages/bumps/dream/varplot.py:244: VisibleDeprecationWarning: Creating an ndarray from ragged nested sequences (which is a list-or-tuple of lists-or-tuples-or ndarrays with different lengths or shapes) is deprecated. If you meant to do this, you must specify 'dtype=object' when creating the ndarray.
  centers, height, maxlikelihood = array(bins).T
/Users/frank/opt/anaconda3/envs/Python37/lib/python3.7/site-packages/bumps/dream/varplot.py:244: VisibleDeprecationWarning: Creating an ndarray from ragged nested sequences (which is a list-or-tuple of lists-or-tuples-or ndarrays with different lengths or shapes) is deprecated. If you meant to do this, you must specify 'dtype=object' when creating the ndarray.
  centers, height, maxlikelihood = array(bins).T
/Users/frank/opt/anaconda3/envs/Python37/lib/python3.7/site-packages/bumps/dream/varplot.py:244: VisibleDeprecationWarning: Creating an ndarray from ragged nested sequences (which is a list-or-tuple of lists-or-tuples-or ndarrays with different lengths or shapes) is deprecated. If you meant to do this, you must specify 'dtype=object' when creating the ndarray.
  centers, height, maxlikelihood = array(bins).T
/Users/frank/opt/anaconda3/envs/Python37/lib/python3.7/site-packages/bumps/dream/varplot.py:244: VisibleDeprecationWarning: Creating an ndarray from ragged nested sequences (which is a list-or-tuple of lists-or-tuples-or ndarrays with different lengths or shapes) is deprecated. If you meant to do this, you must specify 'dtype=object' when creating the ndarray.
  centers, height, maxlikelihood = array(bins).T
/Users/frank/opt/anaconda3/envs/Python37/lib/python3.7/site-packages/bumps/dream/varplot.py:244: VisibleDeprecationWarning: Creating an ndarray from ragged nested sequences (which is a list-or-tuple of lists-or-tuples-or ndarrays with different lengths or shapes) is deprecated. If you meant to do this, you must specify 'dtype=object' when creating the ndarray.
  centers, height, maxlikelihood = array(bins).T
/Users/frank/opt/anaconda3/envs/Python37/lib/python3.7/site-packages/bumps/dream/varplot.py:244: VisibleDeprecationWarning: Creating an ndarray from ragged nested sequences (which is a list-or-tuple of lists-or-tuples-or ndarrays with different lengths or shapes) is deprecated. If you meant to do this, you must specify 'dtype=object' when creating the ndarray.
  centers, height, maxlikelihood = array(bins).T
/Users/frank/opt/anaconda3/envs/Python37/lib/python3.7/site-packages/bumps/dream/varplot.py:244: VisibleDeprecationWarning: Creating an ndarray from ragged nested sequences (which is a list-or-tuple of lists-or-tuples-or ndarrays with different lengths or shapes) is deprecated. If you meant to do this, you must specify 'dtype=object' when creating the ndarray.
  centers, height, maxlikelihood = array(bins).T
/Users/frank/opt/anaconda3/envs/Python37/lib/python3.7/site-packages/bumps/dream/varplot.py:244: VisibleDeprecationWarning: Creating an ndarray from ragged nested sequences (which is a list-or-tuple of lists-or-tuples-or ndarrays with different lengths or shapes) is deprecated. If you meant to do this, you must specify 'dtype=object' when creating the ndarray.
  centers, height, maxlikelihood = array(bins).T
/Users/frank/opt/anaconda3/envs/Python37/lib/python3.7/site-packages/bumps/dream/varplot.py:244: VisibleDeprecationWarning: Creating an ndarray from ragged nested sequences (which is a list-or-tuple of lists-or-tuples-or ndarrays with different lengths or shapes) is deprecated. If you meant to do this, you must specify 'dtype=object' when creating the ndarray.
  centers, height, maxlikelihood = array(bins).T
/Users/frank/opt/anaconda3/envs/Python37/lib/python3.7/site-packages/bumps/dream/varplot.py:244: VisibleDeprecationWarning: Creating an ndarray from ragged nested sequences (which is a list-or-tuple of lists-or-tuples-or ndarrays with different lengths or shapes) is deprecated. If you meant to do this, you must specify 'dtype=object' when creating the ndarray.
  centers, height, maxlikelihood = array(bins).T
/Users/frank/opt/anaconda3/envs/Python37/lib/python3.7/site-packages/bumps/dream/varplot.py:244: VisibleDeprecationWarning: Creating an ndarray from ragged nested sequences (which is a list-or-tuple of lists-or-tuples-or ndarrays with different lengths or shapes) is deprecated. If you meant to do this, you must specify 'dtype=object' when creating the ndarray.
  centers, height, maxlikelihood = array(bins).T
/Users/frank/opt/anaconda3/envs/Python37/lib/python3.7/site-packages/bumps/dream/varplot.py:244: VisibleDeprecationWarning: Creating an ndarray from ragged nested sequences (which is a list-or-tuple of lists-or-tuples-or ndarrays with different lengths or shapes) is deprecated. If you meant to do this, you must specify 'dtype=object' when creating the ndarray.
  centers, height, maxlikelihood = array(bins).T
/Users/frank/opt/anaconda3/envs/Python37/lib/python3.7/site-packages/bumps/dream/varplot.py:244: VisibleDeprecationWarning: Creating an ndarray from ragged nested sequences (which is a list-or-tuple of lists-or-tuples-or ndarrays with different lengths or shapes) is deprecated. If you meant to do this, you must specify 'dtype=object' when creating the ndarray.
  centers, height, maxlikelihood = array(bins).T
/Users/frank/opt/anaconda3/envs/Python37/lib/python3.7/site-packages/bumps/dream/varplot.py:244: VisibleDeprecationWarning: Creating an ndarray from ragged nested sequences (which is a list-or-tuple of lists-or-tuples-or ndarrays with different lengths or shapes) is deprecated. If you meant to do this, you must specify 'dtype=object' when creating the ndarray.
  centers, height, maxlikelihood = array(bins).T
/Users/frank/opt/anaconda3/envs/Python37/lib/python3.7/site-packages/bumps/dream/varplot.py:244: VisibleDeprecationWarning: Creating an ndarray from ragged nested sequences (which is a list-or-tuple of lists-or-tuples-or ndarrays with different lengths or shapes) is deprecated. If you meant to do this, you must specify 'dtype=object' when creating the ndarray.
  centers, height, maxlikelihood = array(bins).T
/Users/frank/opt/anaconda3/envs/Python37/lib/python3.7/site-packages/bumps/dream/varplot.py:244: VisibleDeprecationWarning: Creating an ndarray from ragged nested sequences (which is a list-or-tuple of lists-or-tuples-or ndarrays with different lengths or shapes) is deprecated. If you meant to do this, you must specify 'dtype=object' when creating the ndarray.
  centers, height, maxlikelihood = array(bins).T
/Users/frank/opt/anaconda3/envs/Python37/lib/python3.7/site-packages/bumps/dream/varplot.py:244: VisibleDeprecationWarning: Creating an ndarray from ragged nested sequences (which is a list-or-tuple of lists-or-tuples-or ndarrays with different lengths or shapes) is deprecated. If you meant to do this, you must specify 'dtype=object' when creating the ndarray.
  centers, height, maxlikelihood = array(bins).T
/Users/frank/opt/anaconda3/envs/Python37/lib/python3.7/site-packages/bumps/dream/varplot.py:244: VisibleDeprecationWarning: Creating an ndarray from ragged nested sequences (which is a list-or-tuple of lists-or-tuples-or ndarrays with different lengths or shapes) is deprecated. If you meant to do this, you must specify 'dtype=object' when creating the ndarray.
  centers, height, maxlikelihood = array(bins).T
/Users/frank/opt/anaconda3/envs/Python37/lib/python3.7/site-packages/bumps/dream/varplot.py:244: VisibleDeprecationWarning: Creating an ndarray from ragged nested sequences (which is a list-or-tuple of lists-or-tuples-or ndarrays with different lengths or shapes) is deprecated. If you meant to do this, you must specify 'dtype=object' when creating the ndarray.
  centers, height, maxlikelihood = array(bins).T
/Users/frank/opt/anaconda3/envs/Python37/lib/python3.7/site-packages/bumps/dream/varplot.py:244: VisibleDeprecationWarning: Creating an ndarray from ragged nested sequences (which is a list-or-tuple of lists-or-tuples-or ndarrays with different lengths or shapes) is deprecated. If you meant to do this, you must specify 'dtype=object' when creating the ndarray.
  centers, height, maxlikelihood = array(bins).T
/Users/frank/opt/anaconda3/envs/Python37/lib/python3.7/site-packages/bumps/dream/varplot.py:244: VisibleDeprecationWarning: Creating an ndarray from ragged nested sequences (which is a list-or-tuple of lists-or-tuples-or ndarrays with different lengths or shapes) is deprecated. If you meant to do this, you must specify 'dtype=object' when creating the ndarray.
  centers, height, maxlikelihood = array(bins).T
/Users/frank/opt/anaconda3/envs/Python37/lib/python3.7/site-packages/bumps/dream/varplot.py:244: VisibleDeprecationWarning: Creating an ndarray from ragged nested sequences (which is a list-or-tuple of lists-or-tuples-or ndarrays with different lengths or shapes) is deprecated. If you meant to do this, you must specify 'dtype=object' when creating the ndarray.
  centers, height, maxlikelihood = array(bins).T
/Users/frank/opt/anaconda3/envs/Python37/lib/python3.7/site-packages/bumps/dream/varplot.py:244: VisibleDeprecationWarning: Creating an ndarray from ragged nested sequences (which is a list-or-tuple of lists-or-tuples-or ndarrays with different lengths or shapes) is deprecated. If you meant to do this, you must specify 'dtype=object' when creating the ndarray.
  centers, height, maxlikelihood = array(bins).T
/Users/frank/opt/anaconda3/envs/Python37/lib/python3.7/site-packages/bumps/dream/varplot.py:248: RuntimeWarning: divide by zero encountered in true_divide
  maxlikelihood *= np.sum(height)/np.sum(maxlikelihood)
/Users/frank/opt/anaconda3/envs/Python37/lib/python3.7/site-packages/bumps/dream/varplot.py:248: RuntimeWarning: invalid value encountered in multiply
  maxlikelihood *= np.sum(height)/np.sum(maxlikelihood)
/Users/frank/opt/anaconda3/envs/Python37/lib/python3.7/site-packages/bumps/dream/varplot.py:244: VisibleDeprecationWarning: Creating an ndarray from ragged nested sequences (which is a list-or-tuple of lists-or-tuples-or ndarrays with different lengths or shapes) is deprecated. If you meant to do this, you must specify 'dtype=object' when creating the ndarray.
  centers, height, maxlikelihood = array(bins).T
/Users/frank/opt/anaconda3/envs/Python37/lib/python3.7/site-packages/bumps/dream/varplot.py:244: VisibleDeprecationWarning: Creating an ndarray from ragged nested sequences (which is a list-or-tuple of lists-or-tuples-or ndarrays with different lengths or shapes) is deprecated. If you meant to do this, you must specify 'dtype=object' when creating the ndarray.
  centers, height, maxlikelihood = array(bins).T
/Users/frank/opt/anaconda3/envs/Python37/lib/python3.7/site-packages/bumps/dream/varplot.py:244: VisibleDeprecationWarning: Creating an ndarray from ragged nested sequences (which is a list-or-tuple of lists-or-tuples-or ndarrays with different lengths or shapes) is deprecated. If you meant to do this, you must specify 'dtype=object' when creating the ndarray.
  centers, height, maxlikelihood = array(bins).T
/Users/frank/opt/anaconda3/envs/Python37/lib/python3.7/site-packages/bumps/dream/varplot.py:244: VisibleDeprecationWarning: Creating an ndarray from ragged nested sequences (which is a list-or-tuple of lists-or-tuples-or ndarrays with different lengths or shapes) is deprecated. If you meant to do this, you must specify 'dtype=object' when creating the ndarray.
  centers, height, maxlikelihood = array(bins).T
/Users/frank/opt/anaconda3/envs/Python37/lib/python3.7/site-packages/bumps/dream/varplot.py:244: VisibleDeprecationWarning: Creating an ndarray from ragged nested sequences (which is a list-or-tuple of lists-or-tuples-or ndarrays with different lengths or shapes) is deprecated. If you meant to do this, you must specify 'dtype=object' when creating the ndarray.
  centers, height, maxlikelihood = array(bins).T
/Users/frank/opt/anaconda3/envs/Python37/lib/python3.7/site-packages/bumps/dream/varplot.py:248: RuntimeWarning: divide by zero encountered in true_divide
  maxlikelihood *= np.sum(height)/np.sum(maxlikelihood)
/Users/frank/opt/anaconda3/envs/Python37/lib/python3.7/site-packages/bumps/dream/varplot.py:248: RuntimeWarning: invalid value encountered in multiply
  maxlikelihood *= np.sum(height)/np.sum(maxlikelihood)
/Users/frank/opt/anaconda3/envs/Python37/lib/python3.7/site-packages/bumps/dream/varplot.py:244: VisibleDeprecationWarning: Creating an ndarray from ragged nested sequences (which is a list-or-tuple of lists-or-tuples-or ndarrays with different lengths or shapes) is deprecated. If you meant to do this, you must specify 'dtype=object' when creating the ndarray.
  centers, height, maxlikelihood = array(bins).T
/Users/frank/opt/anaconda3/envs/Python37/lib/python3.7/site-packages/bumps/dream/varplot.py:244: VisibleDeprecationWarning: Creating an ndarray from ragged nested sequences (which is a list-or-tuple of lists-or-tuples-or ndarrays with different lengths or shapes) is deprecated. If you meant to do this, you must specify 'dtype=object' when creating the ndarray.
  centers, height, maxlikelihood = array(bins).T
/Users/frank/opt/anaconda3/envs/Python37/lib/python3.7/site-packages/bumps/dream/varplot.py:244: VisibleDeprecationWarning: Creating an ndarray from ragged nested sequences (which is a list-or-tuple of lists-or-tuples-or ndarrays with different lengths or shapes) is deprecated. If you meant to do this, you must specify 'dtype=object' when creating the ndarray.
  centers, height, maxlikelihood = array(bins).T
/Users/frank/opt/anaconda3/envs/Python37/lib/python3.7/site-packages/bumps/dream/varplot.py:244: VisibleDeprecationWarning: Creating an ndarray from ragged nested sequences (which is a list-or-tuple of lists-or-tuples-or ndarrays with different lengths or shapes) is deprecated. If you meant to do this, you must specify 'dtype=object' when creating the ndarray.
  centers, height, maxlikelihood = array(bins).T
/Users/frank/opt/anaconda3/envs/Python37/lib/python3.7/site-packages/bumps/dream/varplot.py:244: VisibleDeprecationWarning: Creating an ndarray from ragged nested sequences (which is a list-or-tuple of lists-or-tuples-or ndarrays with different lengths or shapes) is deprecated. If you meant to do this, you must specify 'dtype=object' when creating the ndarray.
  centers, height, maxlikelihood = array(bins).T
/Users/frank/opt/anaconda3/envs/Python37/lib/python3.7/site-packages/bumps/dream/varplot.py:248: RuntimeWarning: divide by zero encountered in true_divide
  maxlikelihood *= np.sum(height)/np.sum(maxlikelihood)
/Users/frank/opt/anaconda3/envs/Python37/lib/python3.7/site-packages/bumps/dream/varplot.py:248: RuntimeWarning: invalid value encountered in multiply
  maxlikelihood *= np.sum(height)/np.sum(maxlikelihood)
/Users/frank/opt/anaconda3/envs/Python37/lib/python3.7/site-packages/bumps/dream/varplot.py:244: VisibleDeprecationWarning: Creating an ndarray from ragged nested sequences (which is a list-or-tuple of lists-or-tuples-or ndarrays with different lengths or shapes) is deprecated. If you meant to do this, you must specify 'dtype=object' when creating the ndarray.
  centers, height, maxlikelihood = array(bins).T
/Users/frank/opt/anaconda3/envs/Python37/lib/python3.7/site-packages/bumps/dream/varplot.py:244: VisibleDeprecationWarning: Creating an ndarray from ragged nested sequences (which is a list-or-tuple of lists-or-tuples-or ndarrays with different lengths or shapes) is deprecated. If you meant to do this, you must specify 'dtype=object' when creating the ndarray.
  centers, height, maxlikelihood = array(bins).T
/Users/frank/opt/anaconda3/envs/Python37/lib/python3.7/site-packages/bumps/dream/varplot.py:244: VisibleDeprecationWarning: Creating an ndarray from ragged nested sequences (which is a list-or-tuple of lists-or-tuples-or ndarrays with different lengths or shapes) is deprecated. If you meant to do this, you must specify 'dtype=object' when creating the ndarray.
  centers, height, maxlikelihood = array(bins).T
/Users/frank/opt/anaconda3/envs/Python37/lib/python3.7/site-packages/bumps/dream/varplot.py:244: VisibleDeprecationWarning: Creating an ndarray from ragged nested sequences (which is a list-or-tuple of lists-or-tuples-or ndarrays with different lengths or shapes) is deprecated. If you meant to do this, you must specify 'dtype=object' when creating the ndarray.
  centers, height, maxlikelihood = array(bins).T
/Users/frank/opt/anaconda3/envs/Python37/lib/python3.7/site-packages/bumps/dream/varplot.py:244: VisibleDeprecationWarning: Creating an ndarray from ragged nested sequences (which is a list-or-tuple of lists-or-tuples-or ndarrays with different lengths or shapes) is deprecated. If you meant to do this, you must specify 'dtype=object' when creating the ndarray.
  centers, height, maxlikelihood = array(bins).T
