[0] = l_siox = 19.1681 in [10,30]
[1] = rho_siox = 3.4827 in [3.2,3.8]
[2] = l_submembrane = 1.66141 in [1,10]
[3] = l_lipid1 = 12.4838 in [10,15]
[4] = l_lipid2 = 11.6987 in [10,15]
[5] = vf_bilayer = 0.958357 in [0.9,1]
[6] = rho_solv_0 = 2.48471 in [1.96,2.56]
[7] = global_rough = 3.33765 in [2,5]
[8] = sigma = 2.32177 in [2,5]
[9] = background_0 = -8.44482 in [-9,-5]

[chisq=0.76(17), nllf=25.6165]
              Parameter       mean  median    best [   68% interval] [   95% interval]
 1               l_siox   17.4(13)  17.366  19.168 [  16.02   18.77] [  15.16   20.10]
 2             rho_siox   3.65(11)   3.663   3.483 [   3.52    3.77] [   3.44    3.79]
 3        l_submembrane   2.23(95)   2.031   1.661 [   1.26    3.32] [   1.03    4.41]
 4             l_lipid1   11.8(12)  11.625  12.484 [  10.33   13.14] [  10.05   14.21]
 5             l_lipid2   12.5(13)  12.603  11.699 [  11.10   13.89] [  10.09   14.77]
 6           vf_bilayer  0.963(23)  0.9642  0.9584 [  0.938   0.989] [  0.913   0.999]
 7           rho_solv_0 2.4850(88)  2.4851  2.4847 [  2.476   2.494] [  2.468   2.501]
 8         global_rough   3.77(80)   3.963   3.338 [   2.80    4.60] [   2.17    4.90]
 9                sigma   2.95(66)   2.802   2.322 [   2.25    3.70] [   2.04    4.37]
10         background_0  -8.14(50)  -8.180  -8.445 [  -8.70   -7.58] [  -8.95   -7.19]

Statistics and plots based on 42100 samples (82.4% of total samples drawn)
/Users/frank/opt/anaconda3/envs/Python37/lib/python3.7/site-packages/bumps/dream/varplot.py:240: MatplotlibDeprecationWarning: shading='flat' when X and Y have the same dimensions as C is deprecated since 3.3.  Either specify the corners of the quadrilaterals with X and Y, or pass shading='auto', 'nearest' or 'gouraud', or set rcParams['pcolor.shading'].  This will become an error two minor releases later.
  pylab.pcolormesh(x, y, z, vmin=vmin, vmax=vmax, cmap=cmap)
/Users/frank/opt/anaconda3/envs/Python37/lib/python3.7/site-packages/bumps/dream/varplot.py:244: VisibleDeprecationWarning: Creating an ndarray from ragged nested sequences (which is a list-or-tuple of lists-or-tuples-or ndarrays with different lengths or shapes) is deprecated. If you meant to do this, you must specify 'dtype=object' when creating the ndarray.
  centers, height, maxlikelihood = array(bins).T
/Users/frank/opt/anaconda3/envs/Python37/lib/python3.7/site-packages/bumps/dream/varplot.py:240: MatplotlibDeprecationWarning: shading='flat' when X and Y have the same dimensions as C is deprecated since 3.3.  Either specify the corners of the quadrilaterals with X and Y, or pass shading='auto', 'nearest' or 'gouraud', or set rcParams['pcolor.shading'].  This will become an error two minor releases later.
  pylab.pcolormesh(x, y, z, vmin=vmin, vmax=vmax, cmap=cmap)
/Users/frank/opt/anaconda3/envs/Python37/lib/python3.7/site-packages/bumps/dream/varplot.py:244: VisibleDeprecationWarning: Creating an ndarray from ragged nested sequences (which is a list-or-tuple of lists-or-tuples-or ndarrays with different lengths or shapes) is deprecated. If you meant to do this, you must specify 'dtype=object' when creating the ndarray.
  centers, height, maxlikelihood = array(bins).T
/Users/frank/opt/anaconda3/envs/Python37/lib/python3.7/site-packages/bumps/dream/varplot.py:240: MatplotlibDeprecationWarning: shading='flat' when X and Y have the same dimensions as C is deprecated since 3.3.  Either specify the corners of the quadrilaterals with X and Y, or pass shading='auto', 'nearest' or 'gouraud', or set rcParams['pcolor.shading'].  This will become an error two minor releases later.
  pylab.pcolormesh(x, y, z, vmin=vmin, vmax=vmax, cmap=cmap)
/Users/frank/opt/anaconda3/envs/Python37/lib/python3.7/site-packages/bumps/dream/varplot.py:244: VisibleDeprecationWarning: Creating an ndarray from ragged nested sequences (which is a list-or-tuple of lists-or-tuples-or ndarrays with different lengths or shapes) is deprecated. If you meant to do this, you must specify 'dtype=object' when creating the ndarray.
  centers, height, maxlikelihood = array(bins).T
/Users/frank/opt/anaconda3/envs/Python37/lib/python3.7/site-packages/bumps/dream/varplot.py:240: MatplotlibDeprecationWarning: shading='flat' when X and Y have the same dimensions as C is deprecated since 3.3.  Either specify the corners of the quadrilaterals with X and Y, or pass shading='auto', 'nearest' or 'gouraud', or set rcParams['pcolor.shading'].  This will become an error two minor releases later.
  pylab.pcolormesh(x, y, z, vmin=vmin, vmax=vmax, cmap=cmap)
/Users/frank/opt/anaconda3/envs/Python37/lib/python3.7/site-packages/bumps/dream/varplot.py:244: VisibleDeprecationWarning: Creating an ndarray from ragged nested sequences (which is a list-or-tuple of lists-or-tuples-or ndarrays with different lengths or shapes) is deprecated. If you meant to do this, you must specify 'dtype=object' when creating the ndarray.
  centers, height, maxlikelihood = array(bins).T
/Users/frank/opt/anaconda3/envs/Python37/lib/python3.7/site-packages/bumps/dream/varplot.py:240: MatplotlibDeprecationWarning: shading='flat' when X and Y have the same dimensions as C is deprecated since 3.3.  Either specify the corners of the quadrilaterals with X and Y, or pass shading='auto', 'nearest' or 'gouraud', or set rcParams['pcolor.shading'].  This will become an error two minor releases later.
  pylab.pcolormesh(x, y, z, vmin=vmin, vmax=vmax, cmap=cmap)
/Users/frank/opt/anaconda3/envs/Python37/lib/python3.7/site-packages/bumps/dream/varplot.py:244: VisibleDeprecationWarning: Creating an ndarray from ragged nested sequences (which is a list-or-tuple of lists-or-tuples-or ndarrays with different lengths or shapes) is deprecated. If you meant to do this, you must specify 'dtype=object' when creating the ndarray.
  centers, height, maxlikelihood = array(bins).T
/Users/frank/opt/anaconda3/envs/Python37/lib/python3.7/site-packages/bumps/dream/varplot.py:240: MatplotlibDeprecationWarning: shading='flat' when X and Y have the same dimensions as C is deprecated since 3.3.  Either specify the corners of the quadrilaterals with X and Y, or pass shading='auto', 'nearest' or 'gouraud', or set rcParams['pcolor.shading'].  This will become an error two minor releases later.
  pylab.pcolormesh(x, y, z, vmin=vmin, vmax=vmax, cmap=cmap)
/Users/frank/opt/anaconda3/envs/Python37/lib/python3.7/site-packages/bumps/dream/varplot.py:244: VisibleDeprecationWarning: Creating an ndarray from ragged nested sequences (which is a list-or-tuple of lists-or-tuples-or ndarrays with different lengths or shapes) is deprecated. If you meant to do this, you must specify 'dtype=object' when creating the ndarray.
  centers, height, maxlikelihood = array(bins).T
/Users/frank/opt/anaconda3/envs/Python37/lib/python3.7/site-packages/bumps/dream/varplot.py:240: MatplotlibDeprecationWarning: shading='flat' when X and Y have the same dimensions as C is deprecated since 3.3.  Either specify the corners of the quadrilaterals with X and Y, or pass shading='auto', 'nearest' or 'gouraud', or set rcParams['pcolor.shading'].  This will become an error two minor releases later.
  pylab.pcolormesh(x, y, z, vmin=vmin, vmax=vmax, cmap=cmap)
/Users/frank/opt/anaconda3/envs/Python37/lib/python3.7/site-packages/bumps/dream/varplot.py:244: VisibleDeprecationWarning: Creating an ndarray from ragged nested sequences (which is a list-or-tuple of lists-or-tuples-or ndarrays with different lengths or shapes) is deprecated. If you meant to do this, you must specify 'dtype=object' when creating the ndarray.
  centers, height, maxlikelihood = array(bins).T
/Users/frank/opt/anaconda3/envs/Python37/lib/python3.7/site-packages/bumps/dream/varplot.py:240: MatplotlibDeprecationWarning: shading='flat' when X and Y have the same dimensions as C is deprecated since 3.3.  Either specify the corners of the quadrilaterals with X and Y, or pass shading='auto', 'nearest' or 'gouraud', or set rcParams['pcolor.shading'].  This will become an error two minor releases later.
  pylab.pcolormesh(x, y, z, vmin=vmin, vmax=vmax, cmap=cmap)
/Users/frank/opt/anaconda3/envs/Python37/lib/python3.7/site-packages/bumps/dream/varplot.py:244: VisibleDeprecationWarning: Creating an ndarray from ragged nested sequences (which is a list-or-tuple of lists-or-tuples-or ndarrays with different lengths or shapes) is deprecated. If you meant to do this, you must specify 'dtype=object' when creating the ndarray.
  centers, height, maxlikelihood = array(bins).T
/Users/frank/opt/anaconda3/envs/Python37/lib/python3.7/site-packages/bumps/dream/varplot.py:240: MatplotlibDeprecationWarning: shading='flat' when X and Y have the same dimensions as C is deprecated since 3.3.  Either specify the corners of the quadrilaterals with X and Y, or pass shading='auto', 'nearest' or 'gouraud', or set rcParams['pcolor.shading'].  This will become an error two minor releases later.
  pylab.pcolormesh(x, y, z, vmin=vmin, vmax=vmax, cmap=cmap)
/Users/frank/opt/anaconda3/envs/Python37/lib/python3.7/site-packages/bumps/dream/varplot.py:244: VisibleDeprecationWarning: Creating an ndarray from ragged nested sequences (which is a list-or-tuple of lists-or-tuples-or ndarrays with different lengths or shapes) is deprecated. If you meant to do this, you must specify 'dtype=object' when creating the ndarray.
  centers, height, maxlikelihood = array(bins).T
/Users/frank/opt/anaconda3/envs/Python37/lib/python3.7/site-packages/bumps/dream/varplot.py:240: MatplotlibDeprecationWarning: shading='flat' when X and Y have the same dimensions as C is deprecated since 3.3.  Either specify the corners of the quadrilaterals with X and Y, or pass shading='auto', 'nearest' or 'gouraud', or set rcParams['pcolor.shading'].  This will become an error two minor releases later.
  pylab.pcolormesh(x, y, z, vmin=vmin, vmax=vmax, cmap=cmap)
/Users/frank/opt/anaconda3/envs/Python37/lib/python3.7/site-packages/bumps/dream/varplot.py:244: VisibleDeprecationWarning: Creating an ndarray from ragged nested sequences (which is a list-or-tuple of lists-or-tuples-or ndarrays with different lengths or shapes) is deprecated. If you meant to do this, you must specify 'dtype=object' when creating the ndarray.
  centers, height, maxlikelihood = array(bins).T
