[0] = Parameter(15.2111, name='l_siox', bounds=(10,30))
[1] = Parameter(3.69204, name='rho_siox', bounds=(3.2,3.8))
[2] = Parameter(2.88736, name='l_submembrane', bounds=(1,10))
[3] = Parameter(11.3493, name='l_lipid1', bounds=(10,15))
[4] = Parameter(14.2379, name='l_lipid2', bounds=(10,15))
[5] = Parameter(0.985437, name='vf_bilayer', bounds=(0.9,1))
[6] = Parameter(1.00109, name='rho_solv_0', bounds=(0.46,1.06))
[7] = Parameter(3.96825, name='global_rough', bounds=(2,5))
[8] = Parameter(2.05141, name='sigma', bounds=(2,5))
[9] = Parameter(-8.27334, name='background_0', bounds=(-9,-5))

[chisq=1.03(17), nllf=34.441]
              Parameter       mean  median    best [   68% interval] [   95% interval]
 1               l_siox   17.9(17)  17.873  15.211 [  16.13   19.65] [  14.74   21.12]
 2             rho_siox   3.55(14)   3.544   3.692 [   3.41    3.72] [   3.32    3.79]
 3        l_submembrane   2.28(67)   2.262   2.887 [   1.54    3.01] [   1.08    3.58]
 4             l_lipid1   11.7(12)  11.546  11.349 [  10.38   13.05] [  10.05   14.46]
 5             l_lipid2   12.7(14)  12.735  14.238 [  11.00   14.36] [  10.13   14.92]
 6           vf_bilayer  0.957(29)  0.9610  0.9854 [  0.921   0.990] [  0.903   0.999]
 7           rho_solv_0 0.9984(99)  0.9979  1.0011 [  0.989   1.008] [  0.980   1.019]
 8         global_rough   3.35(76)   3.357   3.968 [   2.46    4.19] [   2.07    4.75]
 9                sigma   2.69(53)   2.575   2.051 [   2.16    3.25] [   2.02    3.97]
10         background_0  -8.01(59)  -8.037  -8.273 [  -8.69   -7.33] [  -8.95   -6.92]
