-- Model 0 data0
.probe
  .back_absorption = back_absorption data0 = 1
  .background = background data0 = -9.67692e-08 in [-1e-07,1e-05]
  .intensity = intensity data0 = 1.03253 in [0.9,1.05]
  .sample_broadening = sample_broadening data0 = 0
  .theta_offset = theta_offset data0 = 0
.sample
  .layers
    [0]
      .interface = siox interface = 2.06444 in [2,3]
      .material
        .irho = silicon irho = 0
        .rho = silicon rho = 2.069
      .thickness = silicon thickness = 0
    [1]
      .interface = siox interface = 2.06444 in [2,3]
      .material
        .irho = siox irho = 0
        .rho = siox rho = 3.47627 in [3.1,3.7]
      .thickness = siox thickness = 61.0862 in [20,80]
    [2]
      .bulknsld = d2o rho = 5.95671 in [5.6,6.4]
      .global_rough = siox interface = 2.06444 in [2,3]
      .interface = bilayer interface = 0
      .l_surfasil = surfasil thickness = 60.455 in [20,70]
      .rho_substrate = siox rho = 3.47627 in [3.1,3.7]
      .sigma = surfasil roughness = 7.27068 in [2,10]
      .thickness = bilayer thickness = 150
      .vf_surfasil = surfasil volfrac = 0.9971 in [0.8,1]
    [3]
      .interface = d2o interface = 2
      .material
        .irho = d2o irho = 0
        .rho = d2o rho = 5.95671 in [5.6,6.4]
      .thickness = d2o thickness = 0
  .thickness = stack thickness = 211.086

[chisq=6.497(97), nllf=350.813]
-- Model 1 data1
.probe
  .back_absorption = back_absorption data1 = 1
  .background = background data1 = 8.70363e-07 in [-1e-07,1e-05]
  .intensity = intensity data0 = 1.03253 in [0.9,1.05]
  .sample_broadening = sample_broadening data1 = 0
  .theta_offset = theta_offset data0 = 0
.sample
  .layers
    [0]
      .interface = siox interface = 2.06444 in [2,3]
      .material
        .irho = silicon irho = 0
        .rho = silicon rho = 2.069
      .thickness = silicon thickness = 0
    [1]
      .interface = siox interface = 2.06444 in [2,3]
      .material
        .irho = siox irho = 0
        .rho = siox rho = 3.47627 in [3.1,3.7]
      .thickness = siox thickness = 61.0862 in [20,80]
    [2]
      .bulknsld = h2o rho = 5.03877 in [4,5.6]
      .global_rough = siox interface = 2.06444 in [2,3]
      .interface = bilayer interface = 0
      .l_surfasil = surfasil thickness = 60.455 in [20,70]
      .rho_substrate = siox rho = 3.47627 in [3.1,3.7]
      .sigma = surfasil roughness = 7.27068 in [2,10]
      .thickness = bilayer thickness = 150
      .vf_surfasil = surfasil volfrac = 0.9971 in [0.8,1]
    [3]
      .interface = h2o interface = 2
      .material
        .irho = h2o irho = 0
        .rho = h2o rho = 5.03877 in [4,5.6]
      .thickness = h2o thickness = 0
  .thickness = stack thickness = 211.086

[chisq=6.736(97), nllf=363.736]
[overall chisq=6.971(62), nllf=714.549]
              Parameter       mean  median    best [   68% interval] [   95% interval]
 1     background data0 0.20(26)e-6 0.000000128 -0.000000097 [-0.00000003 0.00000042] [-0.00000009 0.00000089]
 2      intensity data0  1.016(28)   1.024   1.033 [   0.99    1.04] [   0.94    1.05]
 3       siox interface   2.57(28)   2.586   2.064 [   2.27    2.88] [   2.06    2.98]
 4             siox rho  3.516(87)   3.516   3.476 [   3.44    3.61] [   3.32    3.66]
 5       siox thickness   61.2(15)  61.283  61.086 [  59.83   62.69] [  58.22   64.02]
 6              d2o rho  5.970(53)   5.968   5.957 [   5.92    6.02] [   5.87    6.08]
 7   surfasil thickness  60.68(56)  60.647  60.455 [  60.20   61.16] [  59.52   61.97]
 8   surfasil roughness   6.94(65)   6.941   7.271 [   6.34    7.55] [   5.57    8.28]
 9     surfasil volfrac 0.9910(86)  0.9935  0.9971 [  0.985   0.998] [  0.966   1.000]
10     background data1 0.95(46)e-6 0.00000087 0.00000087 [0.0000005 0.0000014] [0.0000002 0.0000020]
11              h2o rho  5.028(50)   5.028   5.039 [   4.98    5.08] [   4.91    5.11]

Statistics and plots based on 6048 samples (50.0% of total samples drawn)
