-- Model 0 
.l_lipid = 13.1849 in [10,15]
.sigma = 2.37316 in [2,3.5]

[chisq=0.00(77), nllf=0]
-- Model 1 sim0.dat
.background = background0 = 0.0725022 in [0.01,0.2]
.n = 100
.radius = 500
.radius_effective = (radius + 50.0) = 550
.radius_effective_mode = 1
.radius_pd = 0.292847 in [0.05,0.5]
.radius_pd_n = 35
.radius_pd_nsigma = 3
.scale = 0.0652854 in [0.0001,0.5]
.sld1 = 6.09132
.sld10 = 6.09131
.sld100 = 6.09132
.sld100_M0 = 0
.sld100_mphi = 0
.sld100_mtheta = 0
.sld10_M0 = 0
.sld10_mphi = 0
.sld10_mtheta = 0
.sld11 = 6.09129
.sld11_M0 = 0
.sld11_mphi = 0
.sld11_mtheta = 0
.sld12 = 6.09113
.sld12_M0 = 0
.sld12_mphi = 0
.sld12_mtheta = 0
.sld13 = 6.09038
.sld13_M0 = 0
.sld13_mphi = 0
.sld13_mtheta = 0
.sld14 = 6.08733
.sld14_M0 = 0
.sld14_mphi = 0
.sld14_mtheta = 0
.sld15 = 6.07689
.sld15_M0 = 0
.sld15_mphi = 0
.sld15_mtheta = 0
.sld16 = 6.04697
.sld16_M0 = 0
.sld16_mphi = 0
.sld16_mtheta = 0
.sld17 = 5.97499
.sld17_M0 = 0
.sld17_mphi = 0
.sld17_mtheta = 0
.sld18 = 5.82959
.sld18_M0 = 0
.sld18_mphi = 0
.sld18_mtheta = 0
.sld19 = 5.58308
.sld19_M0 = 0
.sld19_mphi = 0
.sld19_mtheta = 0
.sld1_M0 = 0
.sld1_mphi = 0
.sld1_mtheta = 0
.sld2 = 6.09132
.sld20 = 5.23259
.sld20_M0 = 0
.sld20_mphi = 0
.sld20_mtheta = 0
.sld21 = 4.81616
.sld21_M0 = 0
.sld21_mphi = 0
.sld21_mtheta = 0
.sld22 = 4.40636
.sld22_M0 = 0
.sld22_mphi = 0
.sld22_mtheta = 0
.sld23 = 4.07934
.sld23_M0 = 0
.sld23_mphi = 0
.sld23_mtheta = 0
.sld24 = 3.87728
.sld24_M0 = 0
.sld24_mphi = 0
.sld24_mtheta = 0
.sld25 = 3.78663
.sld25_M0 = 0
.sld25_mphi = 0
.sld25_mtheta = 0
.sld26 = 3.74059
.sld26_M0 = 0
.sld26_mphi = 0
.sld26_mtheta = 0
.sld27 = 3.64095
.sld27_M0 = 0
.sld27_mphi = 0
.sld27_mtheta = 0
.sld28 = 3.39197
.sld28_M0 = 0
.sld28_mphi = 0
.sld28_mtheta = 0
.sld29 = 2.94031
.sld29_M0 = 0
.sld29_mphi = 0
.sld29_mtheta = 0
.sld2_M0 = 0
.sld2_mphi = 0
.sld2_mtheta = 0
.sld3 = 6.09132
.sld30 = 2.30695
.sld30_M0 = 0
.sld30_mphi = 0
.sld30_mtheta = 0
.sld31 = 1.58807
.sld31_M0 = 0
.sld31_mphi = 0
.sld31_mtheta = 0
.sld32 = 0.913574
.sld32_M0 = 0
.sld32_mphi = 0
.sld32_mtheta = 0
.sld33 = 0.385645
.sld33_M0 = 0
.sld33_mphi = 0
.sld33_mtheta = 0
.sld34 = 0.0394347
.sld34_M0 = 0
.sld34_mphi = 0
.sld34_mtheta = 0
.sld35 = -0.151595
.sld35_M0 = 0
.sld35_mphi = 0
.sld35_mtheta = 0
.sld36 = -0.241605
.sld36_M0 = 0
.sld36_mphi = 0
.sld36_mtheta = 0
.sld37 = -0.280684
.sld37_M0 = 0
.sld37_mphi = 0
.sld37_mtheta = 0
.sld38 = -0.30179
.sld38_M0 = 0
.sld38_mphi = 0
.sld38_mtheta = 0
.sld39 = -0.322448
.sld39_M0 = 0
.sld39_mphi = 0
.sld39_mtheta = 0
.sld3_M0 = 0
.sld3_mphi = 0
.sld3_mtheta = 0
.sld4 = 6.09132
.sld40 = -0.350632
.sld40_M0 = 0
.sld40_mphi = 0
.sld40_mtheta = 0
.sld41 = -0.388569
.sld41_M0 = 0
.sld41_mphi = 0
.sld41_mtheta = 0
.sld42 = -0.433863
.sld42_M0 = 0
.sld42_mphi = 0
.sld42_mtheta = 0
.sld43 = -0.479877
.sld43_M0 = 0
.sld43_mphi = 0
.sld43_mtheta = 0
.sld44 = -0.517229
.sld44_M0 = 0
.sld44_mphi = 0
.sld44_mtheta = 0
.sld45 = -0.53685
.sld45_M0 = 0
.sld45_mphi = 0
.sld45_mtheta = 0
.sld46 = -0.533542
.sld46_M0 = 0
.sld46_mphi = 0
.sld46_mtheta = 0
.sld47 = -0.5082
.sld47_M0 = 0
.sld47_mphi = 0
.sld47_mtheta = 0
.sld48 = -0.467423
.sld48_M0 = 0
.sld48_mphi = 0
.sld48_mtheta = 0
.sld49 = -0.420737
.sld49_M0 = 0
.sld49_mphi = 0
.sld49_mtheta = 0
.sld4_M0 = 0
.sld4_mphi = 0
.sld4_mtheta = 0
.sld5 = 6.09132
.sld50 = -0.377006
.sld50_M0 = 0
.sld50_mphi = 0
.sld50_mtheta = 0
.sld51 = -0.341756
.sld51_M0 = 0
.sld51_mphi = 0
.sld51_mtheta = 0
.sld52 = -0.316119
.sld52_M0 = 0
.sld52_mphi = 0
.sld52_mtheta = 0
.sld53 = -0.296459
.sld53_M0 = 0
.sld53_mphi = 0
.sld53_mtheta = 0
.sld54 = -0.272648
.sld54_M0 = 0
.sld54_mphi = 0
.sld54_mtheta = 0
.sld55 = -0.223413
.sld55_M0 = 0
.sld55_mphi = 0
.sld55_mtheta = 0
.sld56 = -0.11071
.sld56_M0 = 0
.sld56_mphi = 0
.sld56_mtheta = 0
.sld57 = 0.118882
.sld57_M0 = 0
.sld57_mphi = 0
.sld57_mtheta = 0
.sld58 = 0.515553
.sld58_M0 = 0
.sld58_mphi = 0
.sld58_mtheta = 0
.sld59 = 1.09128
.sld59_M0 = 0
.sld59_mphi = 0
.sld59_mtheta = 0
.sld5_M0 = 0
.sld5_mphi = 0
.sld5_mtheta = 0
.sld6 = 6.09132
.sld60 = 1.79071
.sld60_M0 = 0
.sld60_mphi = 0
.sld60_mtheta = 0
.sld61 = 2.49832
.sld61_M0 = 0
.sld61_mphi = 0
.sld61_mtheta = 0
.sld62 = 3.08762
.sld62_M0 = 0
.sld62_mphi = 0
.sld62_mtheta = 0
.sld63 = 3.48109
.sld63_M0 = 0
.sld63_mphi = 0
.sld63_mtheta = 0
.sld64 = 3.68033
.sld64_M0 = 0
.sld64_mphi = 0
.sld64_mtheta = 0
.sld65 = 3.75446
.sld65_M0 = 0
.sld65_mphi = 0
.sld65_mtheta = 0
.sld66 = 3.80383
.sld66_M0 = 0
.sld66_mphi = 0
.sld66_mtheta = 0
.sld67 = 3.9209
.sld67_M0 = 0
.sld67_mphi = 0
.sld67_mtheta = 0
.sld68 = 4.15913
.sld68_M0 = 0
.sld68_mphi = 0
.sld68_mtheta = 0
.sld69 = 4.51574
.sld69_M0 = 0
.sld69_mphi = 0
.sld69_mtheta = 0
.sld6_M0 = 0
.sld6_mphi = 0
.sld6_mtheta = 0
.sld7 = 6.09132
.sld70 = 4.93579
.sld70_M0 = 0
.sld70_mphi = 0
.sld70_mtheta = 0
.sld71 = 5.34006
.sld71_M0 = 0
.sld71_mphi = 0
.sld71_mtheta = 0
.sld72 = 5.66335
.sld72_M0 = 0
.sld72_mphi = 0
.sld72_mtheta = 0
.sld73 = 5.87968
.sld73_M0 = 0
.sld73_mphi = 0
.sld73_mtheta = 0
.sld74 = 6.00113
.sld74_M0 = 0
.sld74_mphi = 0
.sld74_mtheta = 0
.sld75 = 6.05838
.sld75_M0 = 0
.sld75_mphi = 0
.sld75_mtheta = 0
.sld76 = 6.08106
.sld76_M0 = 0
.sld76_mphi = 0
.sld76_mtheta = 0
.sld77 = 6.0886
.sld77_M0 = 0
.sld77_mphi = 0
.sld77_mtheta = 0
.sld78 = 6.09071
.sld78_M0 = 0
.sld78_mphi = 0
.sld78_mtheta = 0
.sld79 = 6.0912
.sld79_M0 = 0
.sld79_mphi = 0
.sld79_mtheta = 0
.sld7_M0 = 0
.sld7_mphi = 0
.sld7_mtheta = 0
.sld8 = 6.09132
.sld80 = 6.0913
.sld80_M0 = 0
.sld80_mphi = 0
.sld80_mtheta = 0
.sld81 = 6.09132
.sld81_M0 = 0
.sld81_mphi = 0
.sld81_mtheta = 0
.sld82 = 6.09132
.sld82_M0 = 0
.sld82_mphi = 0
.sld82_mtheta = 0
.sld83 = 6.09132
.sld83_M0 = 0
.sld83_mphi = 0
.sld83_mtheta = 0
.sld84 = 6.09132
.sld84_M0 = 0
.sld84_mphi = 0
.sld84_mtheta = 0
.sld85 = 6.09132
.sld85_M0 = 0
.sld85_mphi = 0
.sld85_mtheta = 0
.sld86 = 6.09132
.sld86_M0 = 0
.sld86_mphi = 0
.sld86_mtheta = 0
.sld87 = 6.09132
.sld87_M0 = 0
.sld87_mphi = 0
.sld87_mtheta = 0
.sld88 = 6.09132
.sld88_M0 = 0
.sld88_mphi = 0
.sld88_mtheta = 0
.sld89 = 6.09132
.sld89_M0 = 0
.sld89_mphi = 0
.sld89_mtheta = 0
.sld8_M0 = 0
.sld8_mphi = 0
.sld8_mtheta = 0
.sld9 = 6.09132
.sld90 = 6.09132
.sld90_M0 = 0
.sld90_mphi = 0
.sld90_mtheta = 0
.sld91 = 6.09132
.sld91_M0 = 0
.sld91_mphi = 0
.sld91_mtheta = 0
.sld92 = 6.09132
.sld92_M0 = 0
.sld92_mphi = 0
.sld92_mtheta = 0
.sld93 = 6.09132
.sld93_M0 = 0
.sld93_mphi = 0
.sld93_mtheta = 0
.sld94 = 6.09132
.sld94_M0 = 0
.sld94_mphi = 0
.sld94_mtheta = 0
.sld95 = 6.09132
.sld95_M0 = 0
.sld95_mphi = 0
.sld95_mtheta = 0
.sld96 = 6.09132
.sld96_M0 = 0
.sld96_mphi = 0
.sld96_mtheta = 0
.sld97 = 6.09132
.sld97_M0 = 0
.sld97_mphi = 0
.sld97_mtheta = 0
.sld98 = 6.09132
.sld98_M0 = 0
.sld98_mphi = 0
.sld98_mtheta = 0
.sld99 = 6.09132
.sld99_M0 = 0
.sld99_mphi = 0
.sld99_mtheta = 0
.sld9_M0 = 0
.sld9_mphi = 0
.sld9_mtheta = 0
.sld_core = sld_solvent0 = 6.09132 in [5,6.4]
.sld_core_M0 = 0
.sld_core_mphi = 0
.sld_core_mtheta = 0
.sld_solvent = sld_solvent0 = 6.09132 in [5,6.4]
.sld_solvent_M0 = 0
.sld_solvent_mphi = 0
.sld_solvent_mtheta = 0
.structure_factor_mode = 0
.thickness1 = 1
.thickness10 = 1
.thickness100 = 1
.thickness100_pd = 0
.thickness100_pd_n = 35
.thickness100_pd_nsigma = 3
.thickness10_pd = 0
.thickness10_pd_n = 35
.thickness10_pd_nsigma = 3
.thickness11 = 1
.thickness11_pd = 0
.thickness11_pd_n = 35
.thickness11_pd_nsigma = 3
.thickness12 = 1
.thickness12_pd = 0
.thickness12_pd_n = 35
.thickness12_pd_nsigma = 3
.thickness13 = 1
.thickness13_pd = 0
.thickness13_pd_n = 35
.thickness13_pd_nsigma = 3
.thickness14 = 1
.thickness14_pd = 0
.thickness14_pd_n = 35
.thickness14_pd_nsigma = 3
.thickness15 = 1
.thickness15_pd = 0
.thickness15_pd_n = 35
.thickness15_pd_nsigma = 3
.thickness16 = 1
.thickness16_pd = 0
.thickness16_pd_n = 35
.thickness16_pd_nsigma = 3
.thickness17 = 1
.thickness17_pd = 0
.thickness17_pd_n = 35
.thickness17_pd_nsigma = 3
.thickness18 = 1
.thickness18_pd = 0
.thickness18_pd_n = 35
.thickness18_pd_nsigma = 3
.thickness19 = 1
.thickness19_pd = 0
.thickness19_pd_n = 35
.thickness19_pd_nsigma = 3
.thickness1_pd = 0
.thickness1_pd_n = 35
.thickness1_pd_nsigma = 3
.thickness2 = 1
.thickness20 = 1
.thickness20_pd = 0
.thickness20_pd_n = 35
.thickness20_pd_nsigma = 3
.thickness21 = 1
.thickness21_pd = 0
.thickness21_pd_n = 35
.thickness21_pd_nsigma = 3
.thickness22 = 1
.thickness22_pd = 0
.thickness22_pd_n = 35
.thickness22_pd_nsigma = 3
.thickness23 = 1
.thickness23_pd = 0
.thickness23_pd_n = 35
.thickness23_pd_nsigma = 3
.thickness24 = 1
.thickness24_pd = 0
.thickness24_pd_n = 35
.thickness24_pd_nsigma = 3
.thickness25 = 1
.thickness25_pd = 0
.thickness25_pd_n = 35
.thickness25_pd_nsigma = 3
.thickness26 = 1
.thickness26_pd = 0
.thickness26_pd_n = 35
.thickness26_pd_nsigma = 3
.thickness27 = 1
.thickness27_pd = 0
.thickness27_pd_n = 35
.thickness27_pd_nsigma = 3
.thickness28 = 1
.thickness28_pd = 0
.thickness28_pd_n = 35
.thickness28_pd_nsigma = 3
.thickness29 = 1
.thickness29_pd = 0
.thickness29_pd_n = 35
.thickness29_pd_nsigma = 3
.thickness2_pd = 0
.thickness2_pd_n = 35
.thickness2_pd_nsigma = 3
.thickness3 = 1
.thickness30 = 1
.thickness30_pd = 0
.thickness30_pd_n = 35
.thickness30_pd_nsigma = 3
.thickness31 = 1
.thickness31_pd = 0
.thickness31_pd_n = 35
.thickness31_pd_nsigma = 3
.thickness32 = 1
.thickness32_pd = 0
.thickness32_pd_n = 35
.thickness32_pd_nsigma = 3
.thickness33 = 1
.thickness33_pd = 0
.thickness33_pd_n = 35
.thickness33_pd_nsigma = 3
.thickness34 = 1
.thickness34_pd = 0
.thickness34_pd_n = 35
.thickness34_pd_nsigma = 3
.thickness35 = 1
.thickness35_pd = 0
.thickness35_pd_n = 35
.thickness35_pd_nsigma = 3
.thickness36 = 1
.thickness36_pd = 0
.thickness36_pd_n = 35
.thickness36_pd_nsigma = 3
.thickness37 = 1
.thickness37_pd = 0
.thickness37_pd_n = 35
.thickness37_pd_nsigma = 3
.thickness38 = 1
.thickness38_pd = 0
.thickness38_pd_n = 35
.thickness38_pd_nsigma = 3
.thickness39 = 1
.thickness39_pd = 0
.thickness39_pd_n = 35
.thickness39_pd_nsigma = 3
.thickness3_pd = 0
.thickness3_pd_n = 35
.thickness3_pd_nsigma = 3
.thickness4 = 1
.thickness40 = 1
.thickness40_pd = 0
.thickness40_pd_n = 35
.thickness40_pd_nsigma = 3
.thickness41 = 1
.thickness41_pd = 0
.thickness41_pd_n = 35
.thickness41_pd_nsigma = 3
.thickness42 = 1
.thickness42_pd = 0
.thickness42_pd_n = 35
.thickness42_pd_nsigma = 3
.thickness43 = 1
.thickness43_pd = 0
.thickness43_pd_n = 35
.thickness43_pd_nsigma = 3
.thickness44 = 1
.thickness44_pd = 0
.thickness44_pd_n = 35
.thickness44_pd_nsigma = 3
.thickness45 = 1
.thickness45_pd = 0
.thickness45_pd_n = 35
.thickness45_pd_nsigma = 3
.thickness46 = 1
.thickness46_pd = 0
.thickness46_pd_n = 35
.thickness46_pd_nsigma = 3
.thickness47 = 1
.thickness47_pd = 0
.thickness47_pd_n = 35
.thickness47_pd_nsigma = 3
.thickness48 = 1
.thickness48_pd = 0
.thickness48_pd_n = 35
.thickness48_pd_nsigma = 3
.thickness49 = 1
.thickness49_pd = 0
.thickness49_pd_n = 35
.thickness49_pd_nsigma = 3
.thickness4_pd = 0
.thickness4_pd_n = 35
.thickness4_pd_nsigma = 3
.thickness5 = 1
.thickness50 = 1
.thickness50_pd = 0
.thickness50_pd_n = 35
.thickness50_pd_nsigma = 3
.thickness51 = 1
.thickness51_pd = 0
.thickness51_pd_n = 35
.thickness51_pd_nsigma = 3
.thickness52 = 1
.thickness52_pd = 0
.thickness52_pd_n = 35
.thickness52_pd_nsigma = 3
.thickness53 = 1
.thickness53_pd = 0
.thickness53_pd_n = 35
.thickness53_pd_nsigma = 3
.thickness54 = 1
.thickness54_pd = 0
.thickness54_pd_n = 35
.thickness54_pd_nsigma = 3
.thickness55 = 1
.thickness55_pd = 0
.thickness55_pd_n = 35
.thickness55_pd_nsigma = 3
.thickness56 = 1
.thickness56_pd = 0
.thickness56_pd_n = 35
.thickness56_pd_nsigma = 3
.thickness57 = 1
.thickness57_pd = 0
.thickness57_pd_n = 35
.thickness57_pd_nsigma = 3
.thickness58 = 1
.thickness58_pd = 0
.thickness58_pd_n = 35
.thickness58_pd_nsigma = 3
.thickness59 = 1
.thickness59_pd = 0
.thickness59_pd_n = 35
.thickness59_pd_nsigma = 3
.thickness5_pd = 0
.thickness5_pd_n = 35
.thickness5_pd_nsigma = 3
.thickness6 = 1
.thickness60 = 1
.thickness60_pd = 0
.thickness60_pd_n = 35
.thickness60_pd_nsigma = 3
.thickness61 = 1
.thickness61_pd = 0
.thickness61_pd_n = 35
.thickness61_pd_nsigma = 3
.thickness62 = 1
.thickness62_pd = 0
.thickness62_pd_n = 35
.thickness62_pd_nsigma = 3
.thickness63 = 1
.thickness63_pd = 0
.thickness63_pd_n = 35
.thickness63_pd_nsigma = 3
.thickness64 = 1
.thickness64_pd = 0
.thickness64_pd_n = 35
.thickness64_pd_nsigma = 3
.thickness65 = 1
.thickness65_pd = 0
.thickness65_pd_n = 35
.thickness65_pd_nsigma = 3
.thickness66 = 1
.thickness66_pd = 0
.thickness66_pd_n = 35
.thickness66_pd_nsigma = 3
.thickness67 = 1
.thickness67_pd = 0
.thickness67_pd_n = 35
.thickness67_pd_nsigma = 3
.thickness68 = 1
.thickness68_pd = 0
.thickness68_pd_n = 35
.thickness68_pd_nsigma = 3
.thickness69 = 1
.thickness69_pd = 0
.thickness69_pd_n = 35
.thickness69_pd_nsigma = 3
.thickness6_pd = 0
.thickness6_pd_n = 35
.thickness6_pd_nsigma = 3
.thickness7 = 1
.thickness70 = 1
.thickness70_pd = 0
.thickness70_pd_n = 35
.thickness70_pd_nsigma = 3
.thickness71 = 1
.thickness71_pd = 0
.thickness71_pd_n = 35
.thickness71_pd_nsigma = 3
.thickness72 = 1
.thickness72_pd = 0
.thickness72_pd_n = 35
.thickness72_pd_nsigma = 3
.thickness73 = 1
.thickness73_pd = 0
.thickness73_pd_n = 35
.thickness73_pd_nsigma = 3
.thickness74 = 1
.thickness74_pd = 0
.thickness74_pd_n = 35
.thickness74_pd_nsigma = 3
.thickness75 = 1
.thickness75_pd = 0
.thickness75_pd_n = 35
.thickness75_pd_nsigma = 3
.thickness76 = 1
.thickness76_pd = 0
.thickness76_pd_n = 35
.thickness76_pd_nsigma = 3
.thickness77 = 1
.thickness77_pd = 0
.thickness77_pd_n = 35
.thickness77_pd_nsigma = 3
.thickness78 = 1
.thickness78_pd = 0
.thickness78_pd_n = 35
.thickness78_pd_nsigma = 3
.thickness79 = 1
.thickness79_pd = 0
.thickness79_pd_n = 35
.thickness79_pd_nsigma = 3
.thickness7_pd = 0
.thickness7_pd_n = 35
.thickness7_pd_nsigma = 3
.thickness8 = 1
.thickness80 = 1
.thickness80_pd = 0
.thickness80_pd_n = 35
.thickness80_pd_nsigma = 3
.thickness81 = 1
.thickness81_pd = 0
.thickness81_pd_n = 35
.thickness81_pd_nsigma = 3
.thickness82 = 1
.thickness82_pd = 0
.thickness82_pd_n = 35
.thickness82_pd_nsigma = 3
.thickness83 = 1
.thickness83_pd = 0
.thickness83_pd_n = 35
.thickness83_pd_nsigma = 3
.thickness84 = 1
.thickness84_pd = 0
.thickness84_pd_n = 35
.thickness84_pd_nsigma = 3
.thickness85 = 1
.thickness85_pd = 0
.thickness85_pd_n = 35
.thickness85_pd_nsigma = 3
.thickness86 = 1
.thickness86_pd = 0
.thickness86_pd_n = 35
.thickness86_pd_nsigma = 3
.thickness87 = 1
.thickness87_pd = 0
.thickness87_pd_n = 35
.thickness87_pd_nsigma = 3
.thickness88 = 1
.thickness88_pd = 0
.thickness88_pd_n = 35
.thickness88_pd_nsigma = 3
.thickness89 = 1
.thickness89_pd = 0
.thickness89_pd_n = 35
.thickness89_pd_nsigma = 3
.thickness8_pd = 0
.thickness8_pd_n = 35
.thickness8_pd_nsigma = 3
.thickness9 = 1
.thickness90 = 1
.thickness90_pd = 0
.thickness90_pd_n = 35
.thickness90_pd_nsigma = 3
.thickness91 = 1
.thickness91_pd = 0
.thickness91_pd_n = 35
.thickness91_pd_nsigma = 3
.thickness92 = 1
.thickness92_pd = 0
.thickness92_pd_n = 35
.thickness92_pd_nsigma = 3
.thickness93 = 1
.thickness93_pd = 0
.thickness93_pd_n = 35
.thickness93_pd_nsigma = 3
.thickness94 = 1
.thickness94_pd = 0
.thickness94_pd_n = 35
.thickness94_pd_nsigma = 3
.thickness95 = 1
.thickness95_pd = 0
.thickness95_pd_n = 35
.thickness95_pd_nsigma = 3
.thickness96 = 1
.thickness96_pd = 0
.thickness96_pd_n = 35
.thickness96_pd_nsigma = 3
.thickness97 = 1
.thickness97_pd = 0
.thickness97_pd_n = 35
.thickness97_pd_nsigma = 3
.thickness98 = 1
.thickness98_pd = 0
.thickness98_pd_n = 35
.thickness98_pd_nsigma = 3
.thickness99 = 1
.thickness99_pd = 0
.thickness99_pd_n = 35
.thickness99_pd_nsigma = 3
.thickness9_pd = 0
.thickness9_pd_n = 35
.thickness9_pd_nsigma = 3
.up_angle = 0
.up_frac_f = 0
.up_frac_i = 0
.up_phi = 0
.volfraction = 0.489667 in [0.01,0.8]

[chisq=2.301(42), nllf=162.2]
[overall chisq=2.368(60), nllf=162.2]
Traceback (most recent call last):
  File "/Users/frank/opt/anaconda3/envs/Python38/lib/python3.8/site-packages/sasmodels/data.py", line 438, in wrapper
    return func(*args, **kw)
  File "/Users/frank/opt/anaconda3/envs/Python38/lib/python3.8/site-packages/sasmodels/data.py", line 501, in _plot_result1D
    plt.plot(theory_x, theory_scale*mtheory, '-')
  File "/Users/frank/opt/anaconda3/envs/Python38/lib/python3.8/site-packages/matplotlib/pyplot.py", line 2740, in plot
    return gca().plot(
  File "/Users/frank/opt/anaconda3/envs/Python38/lib/python3.8/site-packages/matplotlib/axes/_axes.py", line 1662, in plot
    lines = [*self._get_lines(*args, data=data, **kwargs)]
  File "/Users/frank/opt/anaconda3/envs/Python38/lib/python3.8/site-packages/matplotlib/axes/_base.py", line 311, in __call__
    yield from self._plot_args(
  File "/Users/frank/opt/anaconda3/envs/Python38/lib/python3.8/site-packages/matplotlib/axes/_base.py", line 504, in _plot_args
    raise ValueError(f"x and y must have same first dimension, but "
ValueError: x and y must have same first dimension, but have shapes (239,) and (141,)
              Parameter       mean  median    best [   68% interval] [   95% interval]
 1              l_lipid  13.25(19)  13.237  13.185 [  13.06   13.44] [  12.76   13.61]
 2                sigma   2.60(50)   2.521   2.373 [   2.06    3.26] [   2.00    3.49]
 3          background0 0.07242(15) 0.072406 0.072502 [0.07227 0.07258] [0.07212 0.07272]
 4            radius_pd   0.27(10)   0.265   0.293 [   0.15    0.38] [   0.13    0.48]
 5                scale   0.22(12)   0.220   0.065 [   0.07    0.36] [   0.05    0.45]
 6         sld_solvent0   5.67(41)   5.714   6.091 [   5.18    6.16] [   5.04    6.31]
 7          volfraction   0.26(19)   0.172   0.490 [   0.11    0.58] [   0.08    0.65]

Statistics and plots based on 13926 samples (100.0% of total samples drawn)
