-- Model 0 sim0
.probe
  .back_absorption = back_absorption sim0 = 1
  .background = background_0 = 9.77111e-07 in [-1e-07,1e-05]
  .intensity = 0.999264 in [0.9,1.05]
  .sample_broadening = 0.000525479 in [-0.005,0.02]
  .theta_offset = -0.00080459 in [-0.015,0.005]
.sample
  .layers
    [0]
      .interface = siox_interface = 7.45065 in [2,9]
      .material
        .irho = silicon irho = 0
        .rho = silicon rho = 2.069
      .thickness = silicon thickness = 0
    [1]
      .interface = siox_interface = 7.45065 in [2,9]
      .material
        .irho = siox irho = 0
        .rho = rho_siox = 4.11068 in [3.1,5.1]
      .thickness = siox_thickness = 10.6213 in [5,40]
    [2]
      .interface = tiox interface = 0
      .material
        .irho = tiox irho = 0
        .rho = rho_tiox = 1.00514 in [-0.15829,1.84171]
      .thickness = tiox_thickness = 112.818 in [66.379,266.38]
    [3]
      .bulknsld = rho_solv_0 = 6.19655 in [5.3,6.5]
      .global_rough = tiox_roughness = 6.93984 in [2,9]
      .interface = bilayer interface = 0
      .l_lipid1 = inner_acyl_chain_thickness = 10.87 in [8,16]
      .l_lipid2 = outer_acyl_chain_thickness = 14.0626 in [8,16]
      .l_submembrane = submembrane_thickness = 13.6973 in [0,50]
      .rho_substrate = rho_tiox = 1.00514 in [-0.15829,1.84171]
      .sigma = bilayer_roughness = 4.53966 in [2,9]
      .thickness = bilayer thickness = 150
      .vf_bilayer = volume_fraction_bilayer = 0.90312 in [0,1]
    [4]
      .interface = d2o interface = 5
      .material
        .irho = d2o irho = 0
        .rho = rho_solv_0 = 6.19655 in [5.3,6.5]
      .thickness = d2o thickness = 0
  .thickness = stack thickness = 273.439

[chisq=0.96(14), nllf=61.852]
-- Model 1 sim1
.probe
  .back_absorption = back_absorption sim1 = 1
  .background = background_1 = 3.9075e-06 in [-1e-07,1e-05]
  .intensity = 0.999264 in [0.9,1.05]
  .sample_broadening = 0.000525479 in [-0.005,0.02]
  .theta_offset = -0.00080459 in [-0.015,0.005]
.sample
  .layers
    [0]
      .interface = siox_interface = 7.45065 in [2,9]
      .material
        .irho = silicon irho = 0
        .rho = silicon rho = 2.069
      .thickness = silicon thickness = 0
    [1]
      .interface = siox_interface = 7.45065 in [2,9]
      .material
        .irho = siox irho = 0
        .rho = rho_siox = 4.11068 in [3.1,5.1]
      .thickness = siox_thickness = 10.6213 in [5,40]
    [2]
      .interface = tiox interface = 0
      .material
        .irho = tiox irho = 0
        .rho = rho_tiox = 1.00514 in [-0.15829,1.84171]
      .thickness = tiox_thickness = 112.818 in [66.379,266.38]
    [3]
      .bulknsld = rho_solv_1 = -0.539562 in [-0.6,0.6]
      .global_rough = tiox_roughness = 6.93984 in [2,9]
      .interface = bilayer interface = 0
      .l_lipid1 = inner_acyl_chain_thickness = 10.87 in [8,16]
      .l_lipid2 = outer_acyl_chain_thickness = 14.0626 in [8,16]
      .l_submembrane = submembrane_thickness = 13.6973 in [0,50]
      .rho_substrate = rho_tiox = 1.00514 in [-0.15829,1.84171]
      .sigma = bilayer_roughness = 4.53966 in [2,9]
      .thickness = bilayer thickness = 150
      .vf_bilayer = volume_fraction_bilayer = 0.90312 in [0,1]
    [4]
      .interface = h2o interface = 5
      .material
        .irho = h2o irho = 0
        .rho = rho_solv_1 = -0.539562 in [-0.6,0.6]
      .thickness = h2o thickness = 0
  .thickness = stack thickness = 273.439

[chisq=1.04(14), nllf=66.9444]
[overall chisq=1.073(84), nllf=128.796]
              Parameter       mean  median    best [   68% interval] [   95% interval]
 1         background_0 1.016(52)e-6 0.000001020 0.000000977 [0.00000096 0.00000107] [0.00000091 0.00000111]
 2            intensity 0.99920(76) 0.99920 0.99926 [ 0.9986  1.0000] [ 0.9976  1.0006]
 3    sample_broadening 0.63(37)e-3 0.00062 0.00053 [ 0.0002  0.0010] [-0.0001  0.0013]
 4         theta_offset -0.40(87)e-3 -0.00043 -0.00080 [-0.0012  0.0005] [-0.0020  0.0013]
 5       siox_interface   7.10(42)   7.179   7.451 [   6.60    7.49] [   6.21    7.74]
 6             rho_siox   3.85(49)   3.779   4.111 [   3.33    4.43] [   3.14    4.91]
 7       siox_thickness   12.5(27)  12.319  10.621 [   9.42   15.65] [   8.11   17.47]
 8             rho_tiox 1.0061(66)  1.0062  1.0051 [  0.999   1.013] [  0.993   1.018]
 9       tiox_thickness  111.9(11) 112.005 112.818 [ 110.71  113.15] [ 109.91  113.79]
10           rho_solv_0  6.207(22)  6.2060  6.1965 [  6.187   6.229] [  6.167   6.248]
11       tiox_roughness   6.92(23)   6.916   6.940 [   6.69    7.18] [   6.48    7.38]
12 inner_acyl_chain_thickness  11.17(34)  11.199  10.870 [  10.87   11.51] [  10.45   11.85]
13 outer_acyl_chain_thickness  13.69(38)  13.704  14.063 [  13.30   14.05] [  13.02   14.46]
14 submembrane_thickness  13.83(19)  13.803  13.697 [  13.66   14.04] [  13.49   14.25]
15    bilayer_roughness   4.67(30)   4.666   4.540 [   4.35    4.95] [   4.14    5.38]
16 volume_fraction_bilayer  0.906(11)  0.9054  0.9031 [  0.896   0.916] [  0.888   0.931]
17         background_1 3.867(61)e-6 0.000003865 0.000003908 [0.00000380 0.00000393] [0.00000376 0.00000397]
18           rho_solv_1 -0.543(15) -0.5440 -0.5396 [ -0.559  -0.526] [ -0.571  -0.515]

Statistics and plots based on 21538 samples (57.1% of total samples drawn)
/Users/frank/opt/anaconda3/envs/Python37/lib/python3.7/site-packages/bumps/dream/varplot.py:240: MatplotlibDeprecationWarning: shading='flat' when X and Y have the same dimensions as C is deprecated since 3.3.  Either specify the corners of the quadrilaterals with X and Y, or pass shading='auto', 'nearest' or 'gouraud', or set rcParams['pcolor.shading'].  This will become an error two minor releases later.
  pylab.pcolormesh(x, y, z, vmin=vmin, vmax=vmax, cmap=cmap)
/Users/frank/opt/anaconda3/envs/Python37/lib/python3.7/site-packages/bumps/dream/varplot.py:244: VisibleDeprecationWarning: Creating an ndarray from ragged nested sequences (which is a list-or-tuple of lists-or-tuples-or ndarrays with different lengths or shapes) is deprecated. If you meant to do this, you must specify 'dtype=object' when creating the ndarray.
  centers, height, maxlikelihood = array(bins).T
/Users/frank/opt/anaconda3/envs/Python37/lib/python3.7/site-packages/bumps/dream/varplot.py:240: MatplotlibDeprecationWarning: shading='flat' when X and Y have the same dimensions as C is deprecated since 3.3.  Either specify the corners of the quadrilaterals with X and Y, or pass shading='auto', 'nearest' or 'gouraud', or set rcParams['pcolor.shading'].  This will become an error two minor releases later.
  pylab.pcolormesh(x, y, z, vmin=vmin, vmax=vmax, cmap=cmap)
/Users/frank/opt/anaconda3/envs/Python37/lib/python3.7/site-packages/bumps/dream/varplot.py:244: VisibleDeprecationWarning: Creating an ndarray from ragged nested sequences (which is a list-or-tuple of lists-or-tuples-or ndarrays with different lengths or shapes) is deprecated. If you meant to do this, you must specify 'dtype=object' when creating the ndarray.
  centers, height, maxlikelihood = array(bins).T
/Users/frank/opt/anaconda3/envs/Python37/lib/python3.7/site-packages/bumps/dream/varplot.py:240: MatplotlibDeprecationWarning: shading='flat' when X and Y have the same dimensions as C is deprecated since 3.3.  Either specify the corners of the quadrilaterals with X and Y, or pass shading='auto', 'nearest' or 'gouraud', or set rcParams['pcolor.shading'].  This will become an error two minor releases later.
  pylab.pcolormesh(x, y, z, vmin=vmin, vmax=vmax, cmap=cmap)
/Users/frank/opt/anaconda3/envs/Python37/lib/python3.7/site-packages/bumps/dream/varplot.py:244: VisibleDeprecationWarning: Creating an ndarray from ragged nested sequences (which is a list-or-tuple of lists-or-tuples-or ndarrays with different lengths or shapes) is deprecated. If you meant to do this, you must specify 'dtype=object' when creating the ndarray.
  centers, height, maxlikelihood = array(bins).T
/Users/frank/opt/anaconda3/envs/Python37/lib/python3.7/site-packages/bumps/dream/varplot.py:240: MatplotlibDeprecationWarning: shading='flat' when X and Y have the same dimensions as C is deprecated since 3.3.  Either specify the corners of the quadrilaterals with X and Y, or pass shading='auto', 'nearest' or 'gouraud', or set rcParams['pcolor.shading'].  This will become an error two minor releases later.
  pylab.pcolormesh(x, y, z, vmin=vmin, vmax=vmax, cmap=cmap)
/Users/frank/opt/anaconda3/envs/Python37/lib/python3.7/site-packages/bumps/dream/varplot.py:244: VisibleDeprecationWarning: Creating an ndarray from ragged nested sequences (which is a list-or-tuple of lists-or-tuples-or ndarrays with different lengths or shapes) is deprecated. If you meant to do this, you must specify 'dtype=object' when creating the ndarray.
  centers, height, maxlikelihood = array(bins).T
/Users/frank/opt/anaconda3/envs/Python37/lib/python3.7/site-packages/bumps/dream/varplot.py:240: MatplotlibDeprecationWarning: shading='flat' when X and Y have the same dimensions as C is deprecated since 3.3.  Either specify the corners of the quadrilaterals with X and Y, or pass shading='auto', 'nearest' or 'gouraud', or set rcParams['pcolor.shading'].  This will become an error two minor releases later.
  pylab.pcolormesh(x, y, z, vmin=vmin, vmax=vmax, cmap=cmap)
/Users/frank/opt/anaconda3/envs/Python37/lib/python3.7/site-packages/bumps/dream/varplot.py:244: VisibleDeprecationWarning: Creating an ndarray from ragged nested sequences (which is a list-or-tuple of lists-or-tuples-or ndarrays with different lengths or shapes) is deprecated. If you meant to do this, you must specify 'dtype=object' when creating the ndarray.
  centers, height, maxlikelihood = array(bins).T
/Users/frank/opt/anaconda3/envs/Python37/lib/python3.7/site-packages/bumps/dream/varplot.py:240: MatplotlibDeprecationWarning: shading='flat' when X and Y have the same dimensions as C is deprecated since 3.3.  Either specify the corners of the quadrilaterals with X and Y, or pass shading='auto', 'nearest' or 'gouraud', or set rcParams['pcolor.shading'].  This will become an error two minor releases later.
  pylab.pcolormesh(x, y, z, vmin=vmin, vmax=vmax, cmap=cmap)
/Users/frank/opt/anaconda3/envs/Python37/lib/python3.7/site-packages/bumps/dream/varplot.py:244: VisibleDeprecationWarning: Creating an ndarray from ragged nested sequences (which is a list-or-tuple of lists-or-tuples-or ndarrays with different lengths or shapes) is deprecated. If you meant to do this, you must specify 'dtype=object' when creating the ndarray.
  centers, height, maxlikelihood = array(bins).T
/Users/frank/opt/anaconda3/envs/Python37/lib/python3.7/site-packages/bumps/dream/varplot.py:240: MatplotlibDeprecationWarning: shading='flat' when X and Y have the same dimensions as C is deprecated since 3.3.  Either specify the corners of the quadrilaterals with X and Y, or pass shading='auto', 'nearest' or 'gouraud', or set rcParams['pcolor.shading'].  This will become an error two minor releases later.
  pylab.pcolormesh(x, y, z, vmin=vmin, vmax=vmax, cmap=cmap)
/Users/frank/opt/anaconda3/envs/Python37/lib/python3.7/site-packages/bumps/dream/varplot.py:244: VisibleDeprecationWarning: Creating an ndarray from ragged nested sequences (which is a list-or-tuple of lists-or-tuples-or ndarrays with different lengths or shapes) is deprecated. If you meant to do this, you must specify 'dtype=object' when creating the ndarray.
  centers, height, maxlikelihood = array(bins).T
/Users/frank/opt/anaconda3/envs/Python37/lib/python3.7/site-packages/bumps/dream/varplot.py:240: MatplotlibDeprecationWarning: shading='flat' when X and Y have the same dimensions as C is deprecated since 3.3.  Either specify the corners of the quadrilaterals with X and Y, or pass shading='auto', 'nearest' or 'gouraud', or set rcParams['pcolor.shading'].  This will become an error two minor releases later.
  pylab.pcolormesh(x, y, z, vmin=vmin, vmax=vmax, cmap=cmap)
/Users/frank/opt/anaconda3/envs/Python37/lib/python3.7/site-packages/bumps/dream/varplot.py:244: VisibleDeprecationWarning: Creating an ndarray from ragged nested sequences (which is a list-or-tuple of lists-or-tuples-or ndarrays with different lengths or shapes) is deprecated. If you meant to do this, you must specify 'dtype=object' when creating the ndarray.
  centers, height, maxlikelihood = array(bins).T
/Users/frank/opt/anaconda3/envs/Python37/lib/python3.7/site-packages/bumps/dream/varplot.py:240: MatplotlibDeprecationWarning: shading='flat' when X and Y have the same dimensions as C is deprecated since 3.3.  Either specify the corners of the quadrilaterals with X and Y, or pass shading='auto', 'nearest' or 'gouraud', or set rcParams['pcolor.shading'].  This will become an error two minor releases later.
  pylab.pcolormesh(x, y, z, vmin=vmin, vmax=vmax, cmap=cmap)
/Users/frank/opt/anaconda3/envs/Python37/lib/python3.7/site-packages/bumps/dream/varplot.py:244: VisibleDeprecationWarning: Creating an ndarray from ragged nested sequences (which is a list-or-tuple of lists-or-tuples-or ndarrays with different lengths or shapes) is deprecated. If you meant to do this, you must specify 'dtype=object' when creating the ndarray.
  centers, height, maxlikelihood = array(bins).T
/Users/frank/opt/anaconda3/envs/Python37/lib/python3.7/site-packages/bumps/dream/varplot.py:240: MatplotlibDeprecationWarning: shading='flat' when X and Y have the same dimensions as C is deprecated since 3.3.  Either specify the corners of the quadrilaterals with X and Y, or pass shading='auto', 'nearest' or 'gouraud', or set rcParams['pcolor.shading'].  This will become an error two minor releases later.
  pylab.pcolormesh(x, y, z, vmin=vmin, vmax=vmax, cmap=cmap)
/Users/frank/opt/anaconda3/envs/Python37/lib/python3.7/site-packages/bumps/dream/varplot.py:244: VisibleDeprecationWarning: Creating an ndarray from ragged nested sequences (which is a list-or-tuple of lists-or-tuples-or ndarrays with different lengths or shapes) is deprecated. If you meant to do this, you must specify 'dtype=object' when creating the ndarray.
  centers, height, maxlikelihood = array(bins).T
/Users/frank/opt/anaconda3/envs/Python37/lib/python3.7/site-packages/bumps/dream/varplot.py:240: MatplotlibDeprecationWarning: shading='flat' when X and Y have the same dimensions as C is deprecated since 3.3.  Either specify the corners of the quadrilaterals with X and Y, or pass shading='auto', 'nearest' or 'gouraud', or set rcParams['pcolor.shading'].  This will become an error two minor releases later.
  pylab.pcolormesh(x, y, z, vmin=vmin, vmax=vmax, cmap=cmap)
/Users/frank/opt/anaconda3/envs/Python37/lib/python3.7/site-packages/bumps/dream/varplot.py:244: VisibleDeprecationWarning: Creating an ndarray from ragged nested sequences (which is a list-or-tuple of lists-or-tuples-or ndarrays with different lengths or shapes) is deprecated. If you meant to do this, you must specify 'dtype=object' when creating the ndarray.
  centers, height, maxlikelihood = array(bins).T
/Users/frank/opt/anaconda3/envs/Python37/lib/python3.7/site-packages/bumps/dream/varplot.py:240: MatplotlibDeprecationWarning: shading='flat' when X and Y have the same dimensions as C is deprecated since 3.3.  Either specify the corners of the quadrilaterals with X and Y, or pass shading='auto', 'nearest' or 'gouraud', or set rcParams['pcolor.shading'].  This will become an error two minor releases later.
  pylab.pcolormesh(x, y, z, vmin=vmin, vmax=vmax, cmap=cmap)
/Users/frank/opt/anaconda3/envs/Python37/lib/python3.7/site-packages/bumps/dream/varplot.py:244: VisibleDeprecationWarning: Creating an ndarray from ragged nested sequences (which is a list-or-tuple of lists-or-tuples-or ndarrays with different lengths or shapes) is deprecated. If you meant to do this, you must specify 'dtype=object' when creating the ndarray.
  centers, height, maxlikelihood = array(bins).T
/Users/frank/opt/anaconda3/envs/Python37/lib/python3.7/site-packages/bumps/dream/varplot.py:240: MatplotlibDeprecationWarning: shading='flat' when X and Y have the same dimensions as C is deprecated since 3.3.  Either specify the corners of the quadrilaterals with X and Y, or pass shading='auto', 'nearest' or 'gouraud', or set rcParams['pcolor.shading'].  This will become an error two minor releases later.
  pylab.pcolormesh(x, y, z, vmin=vmin, vmax=vmax, cmap=cmap)
/Users/frank/opt/anaconda3/envs/Python37/lib/python3.7/site-packages/bumps/dream/varplot.py:244: VisibleDeprecationWarning: Creating an ndarray from ragged nested sequences (which is a list-or-tuple of lists-or-tuples-or ndarrays with different lengths or shapes) is deprecated. If you meant to do this, you must specify 'dtype=object' when creating the ndarray.
  centers, height, maxlikelihood = array(bins).T
/Users/frank/opt/anaconda3/envs/Python37/lib/python3.7/site-packages/bumps/dream/varplot.py:240: MatplotlibDeprecationWarning: shading='flat' when X and Y have the same dimensions as C is deprecated since 3.3.  Either specify the corners of the quadrilaterals with X and Y, or pass shading='auto', 'nearest' or 'gouraud', or set rcParams['pcolor.shading'].  This will become an error two minor releases later.
  pylab.pcolormesh(x, y, z, vmin=vmin, vmax=vmax, cmap=cmap)
/Users/frank/opt/anaconda3/envs/Python37/lib/python3.7/site-packages/bumps/dream/varplot.py:244: VisibleDeprecationWarning: Creating an ndarray from ragged nested sequences (which is a list-or-tuple of lists-or-tuples-or ndarrays with different lengths or shapes) is deprecated. If you meant to do this, you must specify 'dtype=object' when creating the ndarray.
  centers, height, maxlikelihood = array(bins).T
/Users/frank/opt/anaconda3/envs/Python37/lib/python3.7/site-packages/bumps/dream/varplot.py:240: MatplotlibDeprecationWarning: shading='flat' when X and Y have the same dimensions as C is deprecated since 3.3.  Either specify the corners of the quadrilaterals with X and Y, or pass shading='auto', 'nearest' or 'gouraud', or set rcParams['pcolor.shading'].  This will become an error two minor releases later.
  pylab.pcolormesh(x, y, z, vmin=vmin, vmax=vmax, cmap=cmap)
/Users/frank/opt/anaconda3/envs/Python37/lib/python3.7/site-packages/bumps/dream/varplot.py:244: VisibleDeprecationWarning: Creating an ndarray from ragged nested sequences (which is a list-or-tuple of lists-or-tuples-or ndarrays with different lengths or shapes) is deprecated. If you meant to do this, you must specify 'dtype=object' when creating the ndarray.
  centers, height, maxlikelihood = array(bins).T
/Users/frank/opt/anaconda3/envs/Python37/lib/python3.7/site-packages/bumps/dream/varplot.py:240: MatplotlibDeprecationWarning: shading='flat' when X and Y have the same dimensions as C is deprecated since 3.3.  Either specify the corners of the quadrilaterals with X and Y, or pass shading='auto', 'nearest' or 'gouraud', or set rcParams['pcolor.shading'].  This will become an error two minor releases later.
  pylab.pcolormesh(x, y, z, vmin=vmin, vmax=vmax, cmap=cmap)
/Users/frank/opt/anaconda3/envs/Python37/lib/python3.7/site-packages/bumps/dream/varplot.py:244: VisibleDeprecationWarning: Creating an ndarray from ragged nested sequences (which is a list-or-tuple of lists-or-tuples-or ndarrays with different lengths or shapes) is deprecated. If you meant to do this, you must specify 'dtype=object' when creating the ndarray.
  centers, height, maxlikelihood = array(bins).T
/Users/frank/opt/anaconda3/envs/Python37/lib/python3.7/site-packages/bumps/dream/varplot.py:240: MatplotlibDeprecationWarning: shading='flat' when X and Y have the same dimensions as C is deprecated since 3.3.  Either specify the corners of the quadrilaterals with X and Y, or pass shading='auto', 'nearest' or 'gouraud', or set rcParams['pcolor.shading'].  This will become an error two minor releases later.
  pylab.pcolormesh(x, y, z, vmin=vmin, vmax=vmax, cmap=cmap)
/Users/frank/opt/anaconda3/envs/Python37/lib/python3.7/site-packages/bumps/dream/varplot.py:244: VisibleDeprecationWarning: Creating an ndarray from ragged nested sequences (which is a list-or-tuple of lists-or-tuples-or ndarrays with different lengths or shapes) is deprecated. If you meant to do this, you must specify 'dtype=object' when creating the ndarray.
  centers, height, maxlikelihood = array(bins).T
/Users/frank/opt/anaconda3/envs/Python37/lib/python3.7/site-packages/bumps/dream/varplot.py:240: MatplotlibDeprecationWarning: shading='flat' when X and Y have the same dimensions as C is deprecated since 3.3.  Either specify the corners of the quadrilaterals with X and Y, or pass shading='auto', 'nearest' or 'gouraud', or set rcParams['pcolor.shading'].  This will become an error two minor releases later.
  pylab.pcolormesh(x, y, z, vmin=vmin, vmax=vmax, cmap=cmap)
/Users/frank/opt/anaconda3/envs/Python37/lib/python3.7/site-packages/bumps/dream/varplot.py:244: VisibleDeprecationWarning: Creating an ndarray from ragged nested sequences (which is a list-or-tuple of lists-or-tuples-or ndarrays with different lengths or shapes) is deprecated. If you meant to do this, you must specify 'dtype=object' when creating the ndarray.
  centers, height, maxlikelihood = array(bins).T
