-- Model 0 ch061
.probe
  .back_absorption = back_absorption ch061 = 1
  .background = background ch061 = 3.52929e-07 in [-1e-07,1e-05]
  .intensity = intensity ch061 = 0.988516 in [0.9,1.05]
  .sample_broadening = sample_broadening ch061 = 0.00131708 in [-0.005,0.02]
  .theta_offset = theta_offset ch061 = -0.00854164 in [-0.015,0.005]
.sample
  .layers
    [0]
      .interface = siox interface = 3.35817 in [2,9]
      .material
        .irho = silicon irho = 0
        .rho = silicon rho = 2.069
      .thickness = silicon thickness = 0
    [1]
      .interface = siox interface = 3.35817 in [2,9]
      .material
        .irho = siox irho = 0
        .rho = siox rho = 3.27838 in [3.1,5.1]
      .thickness = siox thickness = 10.3445 in [5,40]
    [2]
      .interface = tiox interface = 0
      .material
        .irho = tiox irho = 0
        .rho = tiox rho = 2.26952 in [1.163,3.163]
      .thickness = (total tiox thickness - 20.0) = 115.459
    [3]
      .bulknsld = d2o rho = 5.89279 in [5.3,6.5]
      .global_rough = tiox roughness = 3.26568 in [2,9]
      .interface = bilayer interface = 0
      .l_lipid1 = inner acyl chain thickness = 14.3881 in [8,16]
      .l_lipid2 = outer acyl chain thickness = 11.6114 in [8,16]
      .l_submembrane = submembrane thickness = 13.938 in [0,50]
      .rho_substrate = tiox rho = 2.26952 in [1.163,3.163]
      .sigma = bilayer roughness = 5.27042 in [2,9]
      .thickness = bilayer thickness = 150
      .vf_bilayer = volume fraction bilayer = 0.936728 in [0,1]
    [4]
      .interface = d2o interface = 5
      .material
        .irho = d2o irho = 0
        .rho = d2o rho = 5.89279 in [5.3,6.5]
      .thickness = d2o thickness = 0
  .thickness = stack thickness = 275.803

[chisq=0.83(14), nllf=53.7884]
-- Model 1 ch060
.probe
  .back_absorption = back_absorption ch060 = 1
  .background = background ch060 = 4.10961e-06 in [-1e-07,1e-05]
  .intensity = intensity ch061 = 0.988516 in [0.9,1.05]
  .sample_broadening = sample_broadening ch061 = 0.00131708 in [-0.005,0.02]
  .theta_offset = theta_offset ch061 = -0.00854164 in [-0.015,0.005]
.sample
  .layers
    [0]
      .interface = siox interface = 3.35817 in [2,9]
      .material
        .irho = silicon irho = 0
        .rho = silicon rho = 2.069
      .thickness = silicon thickness = 0
    [1]
      .interface = siox interface = 3.35817 in [2,9]
      .material
        .irho = siox irho = 0
        .rho = siox rho = 3.27838 in [3.1,5.1]
      .thickness = siox thickness = 10.3445 in [5,40]
    [2]
      .interface = tiox interface = 0
      .material
        .irho = tiox irho = 0
        .rho = tiox rho = 2.26952 in [1.163,3.163]
      .thickness = (total tiox thickness - 20.0) = 115.459
    [3]
      .bulknsld = h2o rho = -0.271155 in [-0.6,0.6]
      .global_rough = tiox roughness = 3.26568 in [2,9]
      .interface = bilayer interface = 0
      .l_lipid1 = inner acyl chain thickness = 14.3881 in [8,16]
      .l_lipid2 = outer acyl chain thickness = 11.6114 in [8,16]
      .l_submembrane = submembrane thickness = 13.938 in [0,50]
      .rho_substrate = tiox rho = 2.26952 in [1.163,3.163]
      .sigma = bilayer roughness = 5.27042 in [2,9]
      .thickness = bilayer thickness = 150
      .vf_bilayer = volume fraction bilayer = 0.936728 in [0,1]
    [4]
      .interface = h2o interface = 5
      .material
        .irho = h2o irho = 0
        .rho = h2o rho = -0.271155 in [-0.6,0.6]
      .thickness = h2o thickness = 0
  .thickness = stack thickness = 275.803

[chisq=1.26(14), nllf=80.9487]
[overall chisq=1.123(84), nllf=134.737]
              Parameter       mean  median    best [   68% interval] [   95% interval]
 1     background ch061 0.38(11)e-6 0.000000381 0.000000353 [0.00000027 0.00000048] [0.00000014 0.00000058]
 2      intensity ch061 0.9881(53)  0.9881  0.9885 [  0.984   0.993] [  0.978   1.000]
 3 sample_broadening ch061 1.2(19)e-3 0.00126 0.00132 [-0.0005  0.0031] [-0.0034  0.0047]
 4   theta_offset ch061 -7.2(20)e-3 -0.00725 -0.00854 [-0.0093 -0.0053] [-0.0105 -0.0029]
 5       siox interface   3.06(56)   3.078   3.358 [   2.46    3.62] [   2.08    4.19]
 6             siox rho   3.34(21)   3.291   3.278 [   3.14    3.57] [   3.10    3.85]
 7       siox thickness   10.0(17)  10.220  10.344 [   7.99   11.88] [   6.61   12.52]
 8             tiox rho  2.271(12)  2.2714  2.2695 [  2.259   2.283] [  2.250   2.297]
 9              d2o rho  5.923(49)   5.923   5.893 [   5.87    5.97] [   5.84    6.04]
10       tiox roughness   3.54(52)   3.592   3.266 [   2.98    4.03] [   2.29    4.45]
11 inner acyl chain thickness  14.44(47)  14.448  14.388 [  13.98   14.90] [  13.49   15.39]
12 outer acyl chain thickness  11.50(57)  11.486  11.611 [  10.96   12.04] [  10.17   12.61]
13 submembrane thickness  13.90(32)  13.897  13.938 [  13.60   14.21] [  13.27   14.56]
14    bilayer roughness   5.26(40)   5.251   5.270 [   4.89    5.65] [   4.45    6.13]
15 volume fraction bilayer  0.935(14)  0.9349  0.9367 [  0.923   0.950] [  0.910   0.967]
16     background ch060 4.06(15)e-6 0.000004063 0.000004110 [0.00000390 0.00000420] [0.00000377 0.00000434]
17              h2o rho -0.309(35)  -0.306  -0.271 [  -0.35   -0.27] [  -0.38   -0.24]
18 total tiox thickness 135.63(96) 135.611 135.459 [ 134.55  136.72] [ 134.03  137.56]

Statistics and plots based on 1980 samples (50.0% of total samples drawn)
