.background = 0.0005
.charge = 5
.concentration_salt = 0.15
.dielectconst = 71.08
.phi = 60
.phi_pd = 0
.phi_pd_n = 35
.phi_pd_nsigma = 3
.radius_effective = 20.75
.radius_effective_mode = 1
.radius_effective_pd = 0
.radius_effective_pd_n = 35
.radius_effective_pd_nsigma = 3
.radius_equatorial = 13.1124 in [5,17]
.radius_equatorial_pd = 0
.radius_equatorial_pd_n = 35
.radius_equatorial_pd_nsigma = 3
.radius_polar = 25.3244 in [17,35]
.radius_polar_pd = 0
.radius_polar_pd_n = 35
.radius_polar_pd_nsigma = 3
.scale = 1
.sld = 3.4
.sld_M0 = 0
.sld_mphi = 0
.sld_mtheta = 0
.sld_solvent = 6.4
.sld_solvent_M0 = 0
.sld_solvent_mphi = 0
.sld_solvent_mtheta = 0
.structure_factor_mode = 0
.temperature = 298
.theta = 60
.theta_pd = 0
.theta_pd_n = 35
.theta_pd_nsigma = 3
.up_angle = 0
.up_frac_f = 0
.up_frac_i = 0
.up_phi = 0
.volfraction = 0.00213513 in [0.0001,0.02]

[chisq=0.682(16), nllf=76.7584]
              Parameter       mean  median    best [   68% interval] [   95% interval]
 1    radius_equatorial  13.14(24)  13.099  13.112 [  12.93   13.39] [  12.70   13.61]
 2         radius_polar  25.24(77)  25.291  25.324 [  24.42   25.94] [  23.71   26.71]
 3          volfraction 0.002133(42) 0.002132 0.002135 [0.00209 0.00217] [0.00206 0.00222]

Statistics and plots based on 3330 samples (100.0% of total samples drawn)
