[0] = Parameter(18.3555, name='l_siox', bounds=(10,30))
[1] = Parameter(3.57671, name='rho_siox', bounds=(3.2,3.8))
[2] = Parameter(1.92249, name='l_submembrane', bounds=(1,10))
[3] = Parameter(12.4937, name='l_lipid1', bounds=(10,15))
[4] = Parameter(12.0049, name='l_lipid2', bounds=(10,15))
[5] = Parameter(0.935515, name='vf_bilayer', bounds=(0.9,1))
[6] = Parameter(4.00069, name='rho_solv_0', bounds=(3.46,4.06))
[7] = Parameter(2.84353, name='global_rough', bounds=(2,5))
[8] = Parameter(2.0574, name='sigma', bounds=(2,5))
[9] = Parameter(-7.53497, name='background_0', bounds=(-9,-5))

[chisq=1.20(17), nllf=40.3509]
              Parameter       mean  median    best [   68% interval] [   95% interval]
 1               l_siox   13.9(25)  13.631  18.356 [  11.16   16.95] [  10.13   18.79]
 2             rho_siox   3.58(14)   3.601   3.577 [   3.45    3.73] [   3.27    3.79]
 3        l_submembrane    5.7(25)   5.917   1.922 [   2.72    8.58] [   1.25    9.82]
 4             l_lipid1   12.1(13)  12.070  12.494 [  10.61   13.50] [  10.08   14.30]
 5             l_lipid2   12.4(14)  12.327  12.005 [  10.76   14.01] [  10.10   14.83]
 6           vf_bilayer  0.953(22)  0.9506  0.9355 [  0.929   0.978] [  0.917   0.997]
 7           rho_solv_0 4.00031(100) 4.00031 4.00069 [ 3.9993  4.0013] [ 3.9983  4.0022]
 8         global_rough   3.16(78)   3.072   2.844 [   2.30    4.05] [   2.05    4.75]
 9                sigma   3.19(70)   3.194   2.057 [   2.38    3.98] [   2.05    4.46]
10         background_0  -8.06(54)  -8.051  -7.535 [  -8.69   -7.45] [  -8.95   -7.12]
