[0] = Parameter(18.161, name='l_siox', bounds=(10,30))
[1] = Parameter(3.50384, name='rho_siox', bounds=(3.2,3.8))
[2] = Parameter(1.38539, name='l_submembrane', bounds=(1,10))
[3] = Parameter(14.3985, name='l_lipid1', bounds=(10,15))
[4] = Parameter(10.6077, name='l_lipid2', bounds=(10,15))
[5] = Parameter(0.92023, name='vf_bilayer', bounds=(0.9,1))
[6] = Parameter(2.04889, name='rho_solv_0', bounds=(1.46,2.06))
[7] = Parameter(2.43711, name='global_rough', bounds=(2,5))
[8] = Parameter(2.52122, name='sigma', bounds=(2,5))
[9] = Parameter(-8.5714, name='background_0', bounds=(-9,-5))

[chisq=1.18(17), nllf=39.6567]
              Parameter       mean  median    best [   68% interval] [   95% interval]
 1               l_siox   17.3(13)  17.312  18.161 [  15.96   18.67] [  15.01   19.91]
 2             rho_siox   3.60(11)   3.607   3.504 [   3.48    3.74] [   3.38    3.79]
 3        l_submembrane   2.55(92)   2.486   1.385 [   1.53    3.53] [   1.09    4.46]
 4             l_lipid1   12.3(13)  12.378  14.399 [  10.82   13.75] [  10.09   14.68]
 5             l_lipid2   11.9(12)  11.767  10.608 [  10.50   13.25] [  10.06   14.33]
 6           vf_bilayer  0.953(28)  0.9531  0.9202 [  0.920   0.986] [  0.903   0.998]
 7           rho_solv_0  2.012(34)   2.016   2.049 [   1.98    2.05] [   1.94    2.06]
 8         global_rough   3.20(73)   3.169   2.437 [   2.36    4.01] [   2.06    4.66]
 9                sigma   2.86(65)   2.740   2.521 [   2.19    3.56] [   2.03    4.38]
10         background_0  -8.07(56)  -8.090  -8.571 [  -8.71   -7.42] [  -8.96   -7.03]
