-- Model 0 sim0
.probe
  .back_absorption = back_absorption sim0 = 1
  .background = background_0 = 1.12039e-06 in [-1e-07,1e-05]
  .intensity = 1.00035 in [0.9,1.05]
  .sample_broadening = -0.000119522 in [-0.005,0.02]
  .theta_offset = 0.00109298 in [-0.015,0.005]
.sample
  .layers
    [0]
      .interface = siox_interface = 6.83634 in [2,9]
      .material
        .irho = silicon irho = 0
        .rho = silicon rho = 2.069
      .thickness = silicon thickness = 0
    [1]
      .interface = siox_interface = 6.83634 in [2,9]
      .material
        .irho = siox irho = 0
        .rho = rho_siox = 3.38262 in [3.1,5.1]
      .thickness = siox_thickness = 15.4514 in [5,40]
    [2]
      .interface = tiox interface = 0
      .material
        .irho = tiox irho = 0
        .rho = rho_tiox = 2.00077 in [0.84171,2.84171]
      .thickness = tiox_thickness = 110.531 in [66.379,266.38]
    [3]
      .bulknsld = rho_solv_0 = 6.24494 in [5.3,6.5]
      .global_rough = tiox_roughness = 7.38167 in [2,9]
      .interface = bilayer interface = 0
      .l_lipid1 = inner_acyl_chain_thickness = 10.9029 in [8,16]
      .l_lipid2 = outer_acyl_chain_thickness = 13.7754 in [8,16]
      .l_submembrane = submembrane_thickness = 13.9843 in [0,50]
      .rho_substrate = rho_tiox = 2.00077 in [0.84171,2.84171]
      .sigma = bilayer_roughness = 4.68856 in [2,9]
      .thickness = bilayer thickness = 150
      .vf_bilayer = volume_fraction_bilayer = 0.899014 in [0,1]
    [4]
      .interface = d2o interface = 5
      .material
        .irho = d2o irho = 0
        .rho = rho_solv_0 = 6.24494 in [5.3,6.5]
      .thickness = d2o thickness = 0
  .thickness = stack thickness = 275.982

[chisq=1.02(14), nllf=65.9142]
-- Model 1 sim1
.probe
  .back_absorption = back_absorption sim1 = 1
  .background = background_1 = 3.92975e-06 in [-1e-07,1e-05]
  .intensity = 1.00035 in [0.9,1.05]
  .sample_broadening = -0.000119522 in [-0.005,0.02]
  .theta_offset = 0.00109298 in [-0.015,0.005]
.sample
  .layers
    [0]
      .interface = siox_interface = 6.83634 in [2,9]
      .material
        .irho = silicon irho = 0
        .rho = silicon rho = 2.069
      .thickness = silicon thickness = 0
    [1]
      .interface = siox_interface = 6.83634 in [2,9]
      .material
        .irho = siox irho = 0
        .rho = rho_siox = 3.38262 in [3.1,5.1]
      .thickness = siox_thickness = 15.4514 in [5,40]
    [2]
      .interface = tiox interface = 0
      .material
        .irho = tiox irho = 0
        .rho = rho_tiox = 2.00077 in [0.84171,2.84171]
      .thickness = tiox_thickness = 110.531 in [66.379,266.38]
    [3]
      .bulknsld = rho_solv_1 = -0.561531 in [-0.6,0.6]
      .global_rough = tiox_roughness = 7.38167 in [2,9]
      .interface = bilayer interface = 0
      .l_lipid1 = inner_acyl_chain_thickness = 10.9029 in [8,16]
      .l_lipid2 = outer_acyl_chain_thickness = 13.7754 in [8,16]
      .l_submembrane = submembrane_thickness = 13.9843 in [0,50]
      .rho_substrate = rho_tiox = 2.00077 in [0.84171,2.84171]
      .sigma = bilayer_roughness = 4.68856 in [2,9]
      .thickness = bilayer thickness = 150
      .vf_bilayer = volume_fraction_bilayer = 0.899014 in [0,1]
    [4]
      .interface = h2o interface = 5
      .material
        .irho = h2o irho = 0
        .rho = rho_solv_1 = -0.561531 in [-0.6,0.6]
      .thickness = h2o thickness = 0
  .thickness = stack thickness = 275.982

[chisq=1.07(14), nllf=69.2895]
[overall chisq=1.127(84), nllf=135.204]
              Parameter       mean  median    best [   68% interval] [   95% interval]
 1         background_0 1.111(67)e-6 0.000001111 0.000001120 [0.00000105 0.00000118] [0.00000098 0.00000123]
 2            intensity 1.00002(97) 0.99997 1.00035 [ 0.9990  1.0011] [ 0.9982  1.0021]
 3    sample_broadening -0.05(36)e-3 -0.00004 -0.00012 [-0.0004  0.0003] [-0.0009  0.0007]
 4         theta_offset -0.7(20)e-3 -0.00063 0.00109 [-0.0029  0.0012] [-0.0050  0.0031]
 5       siox_interface   7.17(61)   7.297   6.836 [   6.43    7.82] [   5.92    8.09]
 6             rho_siox   3.74(49)   3.655   3.383 [   3.22    4.33] [   3.13    4.94]
 7       siox_thickness   13.1(35)   12.76   15.45 [    9.0    17.3] [    7.1    19.1]
 8             rho_tiox 1.9949(95)  1.9957  2.0008 [  1.986   2.005] [  1.975   2.012]
 9       tiox_thickness  111.7(18) 111.784 110.531 [ 109.72  113.63] [ 108.51  114.56]
10           rho_solv_0  6.198(50)   6.203   6.245 [   6.15    6.25] [   6.09    6.29]
11       tiox_roughness   6.94(46)   6.959   7.382 [   6.52    7.40] [   5.94    7.90]
12 inner_acyl_chain_thickness  11.11(55)  11.094  10.903 [  10.57   11.64] [   9.96   12.26]
13 outer_acyl_chain_thickness  13.44(66)  13.423  13.775 [  12.77   14.14] [  12.20   14.67]
14 submembrane_thickness  14.17(35)  14.144  13.984 [  13.81   14.53] [  13.54   14.89]
15    bilayer_roughness   5.04(49)   5.055   4.689 [   4.50    5.55] [   4.01    5.86]
16 volume_fraction_bilayer  0.919(20)  0.9176  0.8990 [  0.897   0.939] [  0.883   0.959]
17         background_1 3.972(61)e-6 0.000003971 0.000003930 [0.00000391 0.00000403] [0.00000386 0.00000409]
18           rho_solv_1 -0.532(34)  -0.534  -0.562 [  -0.57   -0.50] [  -0.59   -0.46]

Statistics and plots based on 21538 samples (57.1% of total samples drawn)
/Users/frank/opt/anaconda3/envs/Python37/lib/python3.7/site-packages/bumps/dream/varplot.py:240: MatplotlibDeprecationWarning: shading='flat' when X and Y have the same dimensions as C is deprecated since 3.3.  Either specify the corners of the quadrilaterals with X and Y, or pass shading='auto', 'nearest' or 'gouraud', or set rcParams['pcolor.shading'].  This will become an error two minor releases later.
  pylab.pcolormesh(x, y, z, vmin=vmin, vmax=vmax, cmap=cmap)
/Users/frank/opt/anaconda3/envs/Python37/lib/python3.7/site-packages/bumps/dream/varplot.py:244: VisibleDeprecationWarning: Creating an ndarray from ragged nested sequences (which is a list-or-tuple of lists-or-tuples-or ndarrays with different lengths or shapes) is deprecated. If you meant to do this, you must specify 'dtype=object' when creating the ndarray.
  centers, height, maxlikelihood = array(bins).T
/Users/frank/opt/anaconda3/envs/Python37/lib/python3.7/site-packages/bumps/dream/varplot.py:240: MatplotlibDeprecationWarning: shading='flat' when X and Y have the same dimensions as C is deprecated since 3.3.  Either specify the corners of the quadrilaterals with X and Y, or pass shading='auto', 'nearest' or 'gouraud', or set rcParams['pcolor.shading'].  This will become an error two minor releases later.
  pylab.pcolormesh(x, y, z, vmin=vmin, vmax=vmax, cmap=cmap)
/Users/frank/opt/anaconda3/envs/Python37/lib/python3.7/site-packages/bumps/dream/varplot.py:244: VisibleDeprecationWarning: Creating an ndarray from ragged nested sequences (which is a list-or-tuple of lists-or-tuples-or ndarrays with different lengths or shapes) is deprecated. If you meant to do this, you must specify 'dtype=object' when creating the ndarray.
  centers, height, maxlikelihood = array(bins).T
/Users/frank/opt/anaconda3/envs/Python37/lib/python3.7/site-packages/bumps/dream/varplot.py:240: MatplotlibDeprecationWarning: shading='flat' when X and Y have the same dimensions as C is deprecated since 3.3.  Either specify the corners of the quadrilaterals with X and Y, or pass shading='auto', 'nearest' or 'gouraud', or set rcParams['pcolor.shading'].  This will become an error two minor releases later.
  pylab.pcolormesh(x, y, z, vmin=vmin, vmax=vmax, cmap=cmap)
/Users/frank/opt/anaconda3/envs/Python37/lib/python3.7/site-packages/bumps/dream/varplot.py:244: VisibleDeprecationWarning: Creating an ndarray from ragged nested sequences (which is a list-or-tuple of lists-or-tuples-or ndarrays with different lengths or shapes) is deprecated. If you meant to do this, you must specify 'dtype=object' when creating the ndarray.
  centers, height, maxlikelihood = array(bins).T
/Users/frank/opt/anaconda3/envs/Python37/lib/python3.7/site-packages/bumps/dream/varplot.py:240: MatplotlibDeprecationWarning: shading='flat' when X and Y have the same dimensions as C is deprecated since 3.3.  Either specify the corners of the quadrilaterals with X and Y, or pass shading='auto', 'nearest' or 'gouraud', or set rcParams['pcolor.shading'].  This will become an error two minor releases later.
  pylab.pcolormesh(x, y, z, vmin=vmin, vmax=vmax, cmap=cmap)
/Users/frank/opt/anaconda3/envs/Python37/lib/python3.7/site-packages/bumps/dream/varplot.py:244: VisibleDeprecationWarning: Creating an ndarray from ragged nested sequences (which is a list-or-tuple of lists-or-tuples-or ndarrays with different lengths or shapes) is deprecated. If you meant to do this, you must specify 'dtype=object' when creating the ndarray.
  centers, height, maxlikelihood = array(bins).T
/Users/frank/opt/anaconda3/envs/Python37/lib/python3.7/site-packages/bumps/dream/varplot.py:240: MatplotlibDeprecationWarning: shading='flat' when X and Y have the same dimensions as C is deprecated since 3.3.  Either specify the corners of the quadrilaterals with X and Y, or pass shading='auto', 'nearest' or 'gouraud', or set rcParams['pcolor.shading'].  This will become an error two minor releases later.
  pylab.pcolormesh(x, y, z, vmin=vmin, vmax=vmax, cmap=cmap)
/Users/frank/opt/anaconda3/envs/Python37/lib/python3.7/site-packages/bumps/dream/varplot.py:244: VisibleDeprecationWarning: Creating an ndarray from ragged nested sequences (which is a list-or-tuple of lists-or-tuples-or ndarrays with different lengths or shapes) is deprecated. If you meant to do this, you must specify 'dtype=object' when creating the ndarray.
  centers, height, maxlikelihood = array(bins).T
/Users/frank/opt/anaconda3/envs/Python37/lib/python3.7/site-packages/bumps/dream/varplot.py:240: MatplotlibDeprecationWarning: shading='flat' when X and Y have the same dimensions as C is deprecated since 3.3.  Either specify the corners of the quadrilaterals with X and Y, or pass shading='auto', 'nearest' or 'gouraud', or set rcParams['pcolor.shading'].  This will become an error two minor releases later.
  pylab.pcolormesh(x, y, z, vmin=vmin, vmax=vmax, cmap=cmap)
/Users/frank/opt/anaconda3/envs/Python37/lib/python3.7/site-packages/bumps/dream/varplot.py:244: VisibleDeprecationWarning: Creating an ndarray from ragged nested sequences (which is a list-or-tuple of lists-or-tuples-or ndarrays with different lengths or shapes) is deprecated. If you meant to do this, you must specify 'dtype=object' when creating the ndarray.
  centers, height, maxlikelihood = array(bins).T
/Users/frank/opt/anaconda3/envs/Python37/lib/python3.7/site-packages/bumps/dream/varplot.py:240: MatplotlibDeprecationWarning: shading='flat' when X and Y have the same dimensions as C is deprecated since 3.3.  Either specify the corners of the quadrilaterals with X and Y, or pass shading='auto', 'nearest' or 'gouraud', or set rcParams['pcolor.shading'].  This will become an error two minor releases later.
  pylab.pcolormesh(x, y, z, vmin=vmin, vmax=vmax, cmap=cmap)
/Users/frank/opt/anaconda3/envs/Python37/lib/python3.7/site-packages/bumps/dream/varplot.py:244: VisibleDeprecationWarning: Creating an ndarray from ragged nested sequences (which is a list-or-tuple of lists-or-tuples-or ndarrays with different lengths or shapes) is deprecated. If you meant to do this, you must specify 'dtype=object' when creating the ndarray.
  centers, height, maxlikelihood = array(bins).T
/Users/frank/opt/anaconda3/envs/Python37/lib/python3.7/site-packages/bumps/dream/varplot.py:240: MatplotlibDeprecationWarning: shading='flat' when X and Y have the same dimensions as C is deprecated since 3.3.  Either specify the corners of the quadrilaterals with X and Y, or pass shading='auto', 'nearest' or 'gouraud', or set rcParams['pcolor.shading'].  This will become an error two minor releases later.
  pylab.pcolormesh(x, y, z, vmin=vmin, vmax=vmax, cmap=cmap)
/Users/frank/opt/anaconda3/envs/Python37/lib/python3.7/site-packages/bumps/dream/varplot.py:244: VisibleDeprecationWarning: Creating an ndarray from ragged nested sequences (which is a list-or-tuple of lists-or-tuples-or ndarrays with different lengths or shapes) is deprecated. If you meant to do this, you must specify 'dtype=object' when creating the ndarray.
  centers, height, maxlikelihood = array(bins).T
/Users/frank/opt/anaconda3/envs/Python37/lib/python3.7/site-packages/bumps/dream/varplot.py:240: MatplotlibDeprecationWarning: shading='flat' when X and Y have the same dimensions as C is deprecated since 3.3.  Either specify the corners of the quadrilaterals with X and Y, or pass shading='auto', 'nearest' or 'gouraud', or set rcParams['pcolor.shading'].  This will become an error two minor releases later.
  pylab.pcolormesh(x, y, z, vmin=vmin, vmax=vmax, cmap=cmap)
/Users/frank/opt/anaconda3/envs/Python37/lib/python3.7/site-packages/bumps/dream/varplot.py:244: VisibleDeprecationWarning: Creating an ndarray from ragged nested sequences (which is a list-or-tuple of lists-or-tuples-or ndarrays with different lengths or shapes) is deprecated. If you meant to do this, you must specify 'dtype=object' when creating the ndarray.
  centers, height, maxlikelihood = array(bins).T
/Users/frank/opt/anaconda3/envs/Python37/lib/python3.7/site-packages/bumps/dream/varplot.py:240: MatplotlibDeprecationWarning: shading='flat' when X and Y have the same dimensions as C is deprecated since 3.3.  Either specify the corners of the quadrilaterals with X and Y, or pass shading='auto', 'nearest' or 'gouraud', or set rcParams['pcolor.shading'].  This will become an error two minor releases later.
  pylab.pcolormesh(x, y, z, vmin=vmin, vmax=vmax, cmap=cmap)
/Users/frank/opt/anaconda3/envs/Python37/lib/python3.7/site-packages/bumps/dream/varplot.py:244: VisibleDeprecationWarning: Creating an ndarray from ragged nested sequences (which is a list-or-tuple of lists-or-tuples-or ndarrays with different lengths or shapes) is deprecated. If you meant to do this, you must specify 'dtype=object' when creating the ndarray.
  centers, height, maxlikelihood = array(bins).T
/Users/frank/opt/anaconda3/envs/Python37/lib/python3.7/site-packages/bumps/dream/varplot.py:240: MatplotlibDeprecationWarning: shading='flat' when X and Y have the same dimensions as C is deprecated since 3.3.  Either specify the corners of the quadrilaterals with X and Y, or pass shading='auto', 'nearest' or 'gouraud', or set rcParams['pcolor.shading'].  This will become an error two minor releases later.
  pylab.pcolormesh(x, y, z, vmin=vmin, vmax=vmax, cmap=cmap)
/Users/frank/opt/anaconda3/envs/Python37/lib/python3.7/site-packages/bumps/dream/varplot.py:244: VisibleDeprecationWarning: Creating an ndarray from ragged nested sequences (which is a list-or-tuple of lists-or-tuples-or ndarrays with different lengths or shapes) is deprecated. If you meant to do this, you must specify 'dtype=object' when creating the ndarray.
  centers, height, maxlikelihood = array(bins).T
/Users/frank/opt/anaconda3/envs/Python37/lib/python3.7/site-packages/bumps/dream/varplot.py:240: MatplotlibDeprecationWarning: shading='flat' when X and Y have the same dimensions as C is deprecated since 3.3.  Either specify the corners of the quadrilaterals with X and Y, or pass shading='auto', 'nearest' or 'gouraud', or set rcParams['pcolor.shading'].  This will become an error two minor releases later.
  pylab.pcolormesh(x, y, z, vmin=vmin, vmax=vmax, cmap=cmap)
/Users/frank/opt/anaconda3/envs/Python37/lib/python3.7/site-packages/bumps/dream/varplot.py:244: VisibleDeprecationWarning: Creating an ndarray from ragged nested sequences (which is a list-or-tuple of lists-or-tuples-or ndarrays with different lengths or shapes) is deprecated. If you meant to do this, you must specify 'dtype=object' when creating the ndarray.
  centers, height, maxlikelihood = array(bins).T
/Users/frank/opt/anaconda3/envs/Python37/lib/python3.7/site-packages/bumps/dream/varplot.py:240: MatplotlibDeprecationWarning: shading='flat' when X and Y have the same dimensions as C is deprecated since 3.3.  Either specify the corners of the quadrilaterals with X and Y, or pass shading='auto', 'nearest' or 'gouraud', or set rcParams['pcolor.shading'].  This will become an error two minor releases later.
  pylab.pcolormesh(x, y, z, vmin=vmin, vmax=vmax, cmap=cmap)
/Users/frank/opt/anaconda3/envs/Python37/lib/python3.7/site-packages/bumps/dream/varplot.py:244: VisibleDeprecationWarning: Creating an ndarray from ragged nested sequences (which is a list-or-tuple of lists-or-tuples-or ndarrays with different lengths or shapes) is deprecated. If you meant to do this, you must specify 'dtype=object' when creating the ndarray.
  centers, height, maxlikelihood = array(bins).T
/Users/frank/opt/anaconda3/envs/Python37/lib/python3.7/site-packages/bumps/dream/varplot.py:240: MatplotlibDeprecationWarning: shading='flat' when X and Y have the same dimensions as C is deprecated since 3.3.  Either specify the corners of the quadrilaterals with X and Y, or pass shading='auto', 'nearest' or 'gouraud', or set rcParams['pcolor.shading'].  This will become an error two minor releases later.
  pylab.pcolormesh(x, y, z, vmin=vmin, vmax=vmax, cmap=cmap)
/Users/frank/opt/anaconda3/envs/Python37/lib/python3.7/site-packages/bumps/dream/varplot.py:244: VisibleDeprecationWarning: Creating an ndarray from ragged nested sequences (which is a list-or-tuple of lists-or-tuples-or ndarrays with different lengths or shapes) is deprecated. If you meant to do this, you must specify 'dtype=object' when creating the ndarray.
  centers, height, maxlikelihood = array(bins).T
/Users/frank/opt/anaconda3/envs/Python37/lib/python3.7/site-packages/bumps/dream/varplot.py:240: MatplotlibDeprecationWarning: shading='flat' when X and Y have the same dimensions as C is deprecated since 3.3.  Either specify the corners of the quadrilaterals with X and Y, or pass shading='auto', 'nearest' or 'gouraud', or set rcParams['pcolor.shading'].  This will become an error two minor releases later.
  pylab.pcolormesh(x, y, z, vmin=vmin, vmax=vmax, cmap=cmap)
/Users/frank/opt/anaconda3/envs/Python37/lib/python3.7/site-packages/bumps/dream/varplot.py:244: VisibleDeprecationWarning: Creating an ndarray from ragged nested sequences (which is a list-or-tuple of lists-or-tuples-or ndarrays with different lengths or shapes) is deprecated. If you meant to do this, you must specify 'dtype=object' when creating the ndarray.
  centers, height, maxlikelihood = array(bins).T
/Users/frank/opt/anaconda3/envs/Python37/lib/python3.7/site-packages/bumps/dream/varplot.py:240: MatplotlibDeprecationWarning: shading='flat' when X and Y have the same dimensions as C is deprecated since 3.3.  Either specify the corners of the quadrilaterals with X and Y, or pass shading='auto', 'nearest' or 'gouraud', or set rcParams['pcolor.shading'].  This will become an error two minor releases later.
  pylab.pcolormesh(x, y, z, vmin=vmin, vmax=vmax, cmap=cmap)
/Users/frank/opt/anaconda3/envs/Python37/lib/python3.7/site-packages/bumps/dream/varplot.py:244: VisibleDeprecationWarning: Creating an ndarray from ragged nested sequences (which is a list-or-tuple of lists-or-tuples-or ndarrays with different lengths or shapes) is deprecated. If you meant to do this, you must specify 'dtype=object' when creating the ndarray.
  centers, height, maxlikelihood = array(bins).T
/Users/frank/opt/anaconda3/envs/Python37/lib/python3.7/site-packages/bumps/dream/varplot.py:240: MatplotlibDeprecationWarning: shading='flat' when X and Y have the same dimensions as C is deprecated since 3.3.  Either specify the corners of the quadrilaterals with X and Y, or pass shading='auto', 'nearest' or 'gouraud', or set rcParams['pcolor.shading'].  This will become an error two minor releases later.
  pylab.pcolormesh(x, y, z, vmin=vmin, vmax=vmax, cmap=cmap)
/Users/frank/opt/anaconda3/envs/Python37/lib/python3.7/site-packages/bumps/dream/varplot.py:244: VisibleDeprecationWarning: Creating an ndarray from ragged nested sequences (which is a list-or-tuple of lists-or-tuples-or ndarrays with different lengths or shapes) is deprecated. If you meant to do this, you must specify 'dtype=object' when creating the ndarray.
  centers, height, maxlikelihood = array(bins).T
/Users/frank/opt/anaconda3/envs/Python37/lib/python3.7/site-packages/bumps/dream/varplot.py:240: MatplotlibDeprecationWarning: shading='flat' when X and Y have the same dimensions as C is deprecated since 3.3.  Either specify the corners of the quadrilaterals with X and Y, or pass shading='auto', 'nearest' or 'gouraud', or set rcParams['pcolor.shading'].  This will become an error two minor releases later.
  pylab.pcolormesh(x, y, z, vmin=vmin, vmax=vmax, cmap=cmap)
/Users/frank/opt/anaconda3/envs/Python37/lib/python3.7/site-packages/bumps/dream/varplot.py:244: VisibleDeprecationWarning: Creating an ndarray from ragged nested sequences (which is a list-or-tuple of lists-or-tuples-or ndarrays with different lengths or shapes) is deprecated. If you meant to do this, you must specify 'dtype=object' when creating the ndarray.
  centers, height, maxlikelihood = array(bins).T
