-- Model 0 kr095_4column
.probe
  .back_absorption = back_absorption kr095_4column = 1
  .background = background kr095_4column = -6.19074e-12 in [-1e-09,1e-05]
  .intensity = intensity kr095_4column = 1 in [0.95,1.05]
  .sample_broadening = sample_broadening kr095_4column = -1.56326e-08 in [-0.005,0.02]
  .theta_offset = theta_offset kr095_4column = -1.51853e-09 in [-0.001,0.001]
.sample
  .layers
    [0]
      .interface = sigma_substrate = 5 in [2,9]
      .material
        .irho = silicon irho = 0
        .rho = silicon rho = 2.069
      .thickness = silicon thickness = 0
    [1]
      .interface = sigma_substrate = 5 in [2,9]
      .material
        .irho = siox irho = 0
        .rho = siox rho = 3.8 in [2.7,3.8]
      .thickness = d_oxide = 10 in [5,40]
    [2]
      .interface = sigma_cr_au = 10 in [1,15]
      .material
        .irho = chromium irho = 0
        .rho = chromium rho = 2.7 in [2.7,4.15]
      .thickness = d_cr = 40 in [10,60]
    [3]
      .interface = gold interface = 0
      .material
        .irho = gold irho = 0
        .rho = gold rho = 4.4 in [4.2,4.6]
      .thickness = (d_gold - 20.0) = 110
    [4]
      .bulknsld = d2o rho = 6.3 in [5.8,6.4]
      .global_rough = sigma_substrate = 5 in [2,9]
      .interface = bilayer interface = 0
      .l_lipid1 = 10 in [8,30]
      .l_lipid2 = 10 in [8,16]
      .l_tether = 10 in [3,18]
      .mult_tether = 2 in [0.1,4]
      .nf_tether = 0.7 in [0.2,1]
      .rho_substrate = gold rho = 4.4 in [4.2,4.6]
      .sigma = sigma_blm = 5.00001 in [2,8]
      .thickness = bilayer thickness = 225
      .vf_bilayer = 0.900001 in [0,1]
    [5]
      .interface = d2o interface = 5
      .material
        .irho = d2o irho = 0
        .rho = d2o rho = 6.3 in [5.8,6.4]
      .thickness = d2o thickness = 0
  .thickness = stack thickness = 385

[chisq=73.19(20), nllf=4208.49]
-- Model 1 kr096_4column
.probe
  .back_absorption = back_absorption kr096_4column = 1
  .background = background kr096_4column = -5.51717e-12 in [-1e-09,1e-05]
  .intensity = intensity kr095_4column = 1 in [0.95,1.05]
  .sample_broadening = sample_broadening kr095_4column = -1.56326e-08 in [-0.005,0.02]
  .theta_offset = theta_offset kr095_4column = -1.51853e-09 in [-0.001,0.001]
.sample
  .layers
    [0]
      .interface = sigma_substrate = 5 in [2,9]
      .material
        .irho = silicon irho = 0
        .rho = silicon rho = 2.069
      .thickness = silicon thickness = 0
    [1]
      .interface = sigma_substrate = 5 in [2,9]
      .material
        .irho = siox irho = 0
        .rho = siox rho = 3.8 in [2.7,3.8]
      .thickness = d_oxide = 10 in [5,40]
    [2]
      .interface = sigma_cr_au = 10 in [1,15]
      .material
        .irho = chromium irho = 0
        .rho = chromium rho = 2.7 in [2.7,4.15]
      .thickness = d_cr = 40 in [10,60]
    [3]
      .interface = gold interface = 0
      .material
        .irho = gold irho = 0
        .rho = gold rho = 4.4 in [4.2,4.6]
      .thickness = (d_gold - 20.0) = 110
    [4]
      .bulknsld = h2o rho = -0.56 in [-0.6,0.6]
      .global_rough = sigma_substrate = 5 in [2,9]
      .interface = bilayer interface = 0
      .l_lipid1 = 10 in [8,30]
      .l_lipid2 = 10 in [8,16]
      .l_tether = 10 in [3,18]
      .mult_tether = 2 in [0.1,4]
      .nf_tether = 0.7 in [0.2,1]
      .rho_substrate = gold rho = 4.4 in [4.2,4.6]
      .sigma = sigma_blm = 5.00001 in [2,8]
      .thickness = bilayer thickness = 225
      .vf_bilayer = 0.900001 in [0,1]
    [5]
      .interface = h2o interface = 5
      .material
        .irho = h2o irho = 0
        .rho = h2o rho = -0.56 in [-0.6,0.6]
      .thickness = h2o thickness = 0
  .thickness = stack thickness = 385

[chisq=53.53(20), nllf=3077.87]
-- Model 2 kr097_4column
.probe
  .back_absorption = back_absorption kr097_4column = 1
  .background = background kr097_4column = -9.46341e-13 in [-1e-09,1e-05]
  .intensity = intensity kr095_4column = 1 in [0.95,1.05]
  .sample_broadening = sample_broadening kr095_4column = -1.56326e-08 in [-0.005,0.02]
  .theta_offset = theta_offset kr095_4column = -1.51853e-09 in [-0.001,0.001]
.sample
  .layers
    [0]
      .interface = sigma_substrate = 5 in [2,9]
      .material
        .irho = silicon irho = 0
        .rho = silicon rho = 2.069
      .thickness = silicon thickness = 0
    [1]
      .interface = sigma_substrate = 5 in [2,9]
      .material
        .irho = siox irho = 0
        .rho = siox rho = 3.8 in [2.7,3.8]
      .thickness = d_oxide = 10 in [5,40]
    [2]
      .interface = sigma_cr_au = 10 in [1,15]
      .material
        .irho = chromium irho = 0
        .rho = chromium rho = 2.7 in [2.7,4.15]
      .thickness = d_cr = 40 in [10,60]
    [3]
      .interface = gold interface = 0
      .material
        .irho = gold irho = 0
        .rho = gold rho = 4.4 in [4.2,4.6]
      .thickness = (d_gold - 20.0) = 110
    [4]
      .bulknsld = d2o_prot rho = 6.3 in [5.8,6.4]
      .dDp
        [0] = dDp0 = 6.74272e-06 in [-5,5]
        [1] = dDp1 = -4.98388e-06 in [-5,5]
        [2] = dDp2 = 3.79233e-06 in [-5,5]
        [3] = dDp3 = -2.93265e-06 in [-5,5]
        [4] = dDp4 = -4.00147e-06 in [-5,5]
        [5] = dDp5 = -1.84265e-06 in [-5,5]
        [6] = dDp6 = 9.09292e-06 in [-5,5]
        [7] = dDp7 = 4.29627e-06 in [-5,5]
      .dVf
        [0] = dVf0 = 0.00100027 in [-0.001,0.4]
        [1] = dVf1 = 0.00100037 in [-0.001,0.4]
        [2] = dVf2 = 0.000999893 in [-0.001,0.4]
        [3] = dVf3 = 0.000999941 in [-0.001,0.4]
        [4] = dVf4 = 0.00100019 in [-0.001,0.4]
        [5] = dVf5 = 0.00100011 in [-0.001,0.4]
        [6] = dVf6 = 0.000999985 in [-0.001,0.4]
        [7] = dVf7 = 0.00100006 in [-0.001,0.4]
      .global_rough = sigma_substrate = 5 in [2,9]
      .interface = bilayer_prot interface = 0
      .l_lipid1 = (l_lipid1 + dl_lipid) = 10
      .l_lipid2 = (l_lipid2 + dl_lipid) = 10
      .l_tether = 10 in [3,18]
      .mult_tether = 2 in [0.1,4]
      .nf_protein = bilayer_prot nf_protein = 1
      .nf_tether = 0.7 in [0.2,1]
      .protexchratio = bilayer_prot protexchratio = 0.8
      .rho_substrate = gold rho = 4.4 in [4.2,4.6]
      .sigma = sigma_blm = 5.00001 in [2,8]
      .thickness = bilayer_prot thickness = 225
      .vf_bilayer = vf_bilayer_prot = 0.900001 in [0,1]
    [5]
      .interface = d2o_prot interface = 5
      .material
        .irho = d2o_prot irho = 0
        .rho = d2o_prot rho = 6.3 in [5.8,6.4]
      .thickness = d2o_prot thickness = 0
  .thickness = stack thickness = 385

[chisq=72.61(35), nllf=4175.03]
-- Model 3 kr098_4column
.probe
  .back_absorption = back_absorption kr098_4column = 1
  .background = background kr098_4column = -1.21881e-12 in [-1e-09,1e-05]
  .intensity = intensity kr095_4column = 1 in [0.95,1.05]
  .sample_broadening = sample_broadening kr095_4column = -1.56326e-08 in [-0.005,0.02]
  .theta_offset = theta_offset kr095_4column = -1.51853e-09 in [-0.001,0.001]
.sample
  .layers
    [0]
      .interface = sigma_substrate = 5 in [2,9]
      .material
        .irho = silicon irho = 0
        .rho = silicon rho = 2.069
      .thickness = silicon thickness = 0
    [1]
      .interface = sigma_substrate = 5 in [2,9]
      .material
        .irho = siox irho = 0
        .rho = siox rho = 3.8 in [2.7,3.8]
      .thickness = d_oxide = 10 in [5,40]
    [2]
      .interface = sigma_cr_au = 10 in [1,15]
      .material
        .irho = chromium irho = 0
        .rho = chromium rho = 2.7 in [2.7,4.15]
      .thickness = d_cr = 40 in [10,60]
    [3]
      .interface = gold interface = 0
      .material
        .irho = gold irho = 0
        .rho = gold rho = 4.4 in [4.2,4.6]
      .thickness = (d_gold - 20.0) = 110
    [4]
      .bulknsld = h2o_prot rho = -0.56 in [-0.6,0.6]
      .dDp
        [0] = dDp0 = 6.74272e-06 in [-5,5]
        [1] = dDp1 = -4.98388e-06 in [-5,5]
        [2] = dDp2 = 3.79233e-06 in [-5,5]
        [3] = dDp3 = -2.93265e-06 in [-5,5]
        [4] = dDp4 = -4.00147e-06 in [-5,5]
        [5] = dDp5 = -1.84265e-06 in [-5,5]
        [6] = dDp6 = 9.09292e-06 in [-5,5]
        [7] = dDp7 = 4.29627e-06 in [-5,5]
      .dVf
        [0] = dVf0 = 0.00100027 in [-0.001,0.4]
        [1] = dVf1 = 0.00100037 in [-0.001,0.4]
        [2] = dVf2 = 0.000999893 in [-0.001,0.4]
        [3] = dVf3 = 0.000999941 in [-0.001,0.4]
        [4] = dVf4 = 0.00100019 in [-0.001,0.4]
        [5] = dVf5 = 0.00100011 in [-0.001,0.4]
        [6] = dVf6 = 0.000999985 in [-0.001,0.4]
        [7] = dVf7 = 0.00100006 in [-0.001,0.4]
      .global_rough = sigma_substrate = 5 in [2,9]
      .interface = bilayer_prot interface = 0
      .l_lipid1 = (l_lipid1 + dl_lipid) = 10
      .l_lipid2 = (l_lipid2 + dl_lipid) = 10
      .l_tether = 10 in [3,18]
      .mult_tether = 2 in [0.1,4]
      .nf_protein = bilayer_prot nf_protein = 1
      .nf_tether = 0.7 in [0.2,1]
      .protexchratio = bilayer_prot protexchratio = 0.8
      .rho_substrate = gold rho = 4.4 in [4.2,4.6]
      .sigma = sigma_blm = 5.00001 in [2,8]
      .thickness = bilayer_prot thickness = 225
      .vf_bilayer = vf_bilayer_prot = 0.900001 in [0,1]
    [5]
      .interface = h2o_prot interface = 5
      .material
        .irho = h2o_prot irho = 0
        .rho = h2o_prot rho = -0.56 in [-0.6,0.6]
      .thickness = h2o_prot thickness = 0
  .thickness = stack thickness = 385
