-- Model 0 os046_4column
.probe
  .back_absorption = back_absorption os046_4column = 1
  .background = background os046_4column = 9.34586e-08 in [-1e-07,1e-05]
  .intensity = intensity os046_4column = 0.993225 in [0.9,1.05]
  .sample_broadening = sample_broadening os046_4column = -0.00109171 in [-0.005,0.02]
  .theta_offset = theta_offset os046_4column = -0.00487149 in [-0.015,0.015]
.sample
  .layers
    [0]
      .interface = substrate roughness = 3.93544 in [2,9]
      .material
        .irho = silicon irho = 0
        .rho = silicon rho = 2.069
      .thickness = silicon thickness = 0
    [1]
      .interface = substrate roughness = 3.93544 in [2,9]
      .material
        .irho = siox irho = 0
        .rho = siox rho = 4.39895 in [3.1,5.1]
      .thickness = silicon oxide layer thickness = 5.03158 in [5,30]
    [2]
      .interface = gold chromium roughness = 14.3433 in [2,24]
      .material
        .irho = chromium irho = 0
        .rho = chromium rho = 3.28024 in [2.7,4]
      .thickness = chromium layer thickness = 34.976 in [10,150]
    [3]
      .interface = gold interface = 0
      .material
        .irho = gold irho = 0
        .rho = gold rho = 4.40041 in [4.2,4.8]
      .thickness = (gold layer thickness - 20.0) = 157.552
    [4]
      .bulknsld = d2o rho = 5.98214 in [5.3,6.5]
      .global_rough = substrate roughness = 3.93544 in [2,9]
      .interface = bilayer interface = 0
      .l_lipid1 = inner acyl chain thickness = 10.5819 in [8,30]
      .l_lipid2 = outer acyl chain thickness = 12.9535 in [8,16]
      .l_tether = tether length = 6.66275 in [3,18]
      .mult_tether = bME to tether ratio = 2.13686 in [0.1,4]
      .nf_tether = number fraction tether = 0.553439 in [0.2,1]
      .rho_substrate = gold rho = 4.40041 in [4.2,4.8]
      .sigma = bilayer roughness = 3.72495 in [2,9]
      .thickness = bilayer thickness = 150
      .vf_bilayer = volume fraction bilayer = 0.99902 in [0,1]
    [5]
      .interface = d2o interface = 5
      .material
        .irho = d2o irho = 0
        .rho = d2o rho = 5.98214 in [5.3,6.5]
      .thickness = d2o thickness = 0
  .thickness = stack thickness = 347.559

[chisq=1.01(18), nllf=64.9179]
-- Model 1 os047_4column
.probe
  .back_absorption = back_absorption os047_4column = 1
  .background = background os047_4column = 3.68831e-06 in [-1e-07,1e-05]
  .intensity = intensity os046_4column = 0.993225 in [0.9,1.05]
  .sample_broadening = sample_broadening os046_4column = -0.00109171 in [-0.005,0.02]
  .theta_offset = theta_offset os046_4column = -0.00487149 in [-0.015,0.015]
.sample
  .layers
    [0]
      .interface = substrate roughness = 3.93544 in [2,9]
      .material
        .irho = silicon irho = 0
        .rho = silicon rho = 2.069
      .thickness = silicon thickness = 0
    [1]
      .interface = substrate roughness = 3.93544 in [2,9]
      .material
        .irho = siox irho = 0
        .rho = siox rho = 4.39895 in [3.1,5.1]
      .thickness = silicon oxide layer thickness = 5.03158 in [5,30]
    [2]
      .interface = gold chromium roughness = 14.3433 in [2,24]
      .material
        .irho = chromium irho = 0
        .rho = chromium rho = 3.28024 in [2.7,4]
      .thickness = chromium layer thickness = 34.976 in [10,150]
    [3]
      .interface = gold interface = 0
      .material
        .irho = gold irho = 0
        .rho = gold rho = 4.40041 in [4.2,4.8]
      .thickness = (gold layer thickness - 20.0) = 157.552
    [4]
      .bulknsld = h2o rho = -0.371619 in [-0.6,0.6]
      .global_rough = substrate roughness = 3.93544 in [2,9]
      .interface = bilayer interface = 0
      .l_lipid1 = inner acyl chain thickness = 10.5819 in [8,30]
      .l_lipid2 = outer acyl chain thickness = 12.9535 in [8,16]
      .l_tether = tether length = 6.66275 in [3,18]
      .mult_tether = bME to tether ratio = 2.13686 in [0.1,4]
      .nf_tether = number fraction tether = 0.553439 in [0.2,1]
      .rho_substrate = gold rho = 4.40041 in [4.2,4.8]
      .sigma = bilayer roughness = 3.72495 in [2,9]
      .thickness = bilayer thickness = 150
      .vf_bilayer = volume fraction bilayer = 0.99902 in [0,1]
    [5]
      .interface = h2o interface = 5
      .material
        .irho = h2o irho = 0
        .rho = h2o rho = -0.371619 in [-0.6,0.6]
      .thickness = h2o thickness = 0
  .thickness = stack thickness = 347.559

[chisq=0.99(17), nllf=64.0237]
[overall chisq=1.10(10), nllf=128.942]
              Parameter       mean  median    best [   68% interval] [   95% interval]
 1 background os046_4column 0.18(12)e-6 0.000000171 0.000000093 [0.00000005 0.00000030] [-0.00000006 0.00000041]
 2 intensity os046_4column 0.9902(53)  0.9898  0.9932 [  0.985   0.996] [  0.981   1.001]
 3 sample_broadening os046_4column -1.1(14)e-3 -0.00098 -0.00109 [-0.0024  0.0003] [-0.0042  0.0013]
 4 theta_offset os046_4column -0.8(27)e-3 -0.0008 -0.0049 [ -0.003   0.002] [ -0.006   0.004]
 5  substrate roughness   4.22(56)   4.235   3.935 [   3.72    4.77] [   3.22    5.31]
 6             siox rho   4.20(38)   4.195   4.399 [   3.80    4.60] [   3.47    4.88]
 7 silicon oxide layer thickness   5.85(80)   5.587   5.032 [   5.15    6.65] [   5.03    7.94]
 8 gold chromium roughness   15.6(21)  15.412  14.343 [  13.57   17.65] [  11.60   19.80]
 9         chromium rho   3.24(12)   3.262   3.280 [   3.13    3.34] [   2.91    3.41]
10 chromium layer thickness   33.7(33)   33.93   34.98 [   30.6    36.9] [   25.7    39.4]
11             gold rho  4.465(43)   4.469   4.400 [   4.42    4.51] [   4.37    4.55]
12              d2o rho  6.080(66)   6.086   5.982 [   6.01    6.14] [   5.94    6.20]
13 inner acyl chain thickness  10.02(91)   9.959  10.582 [   9.10   11.07] [   8.22   11.78]
14 outer acyl chain thickness  13.25(96)  13.246  12.954 [  12.24   14.29] [  11.39   15.08]
15        tether length    5.2(12)   5.071   6.663 [   3.82    6.51] [   3.16    7.47]
16  bME to tether ratio    2.1(11)   2.231   2.137 [   0.91    3.46] [   0.18    3.93]
17 number fraction tether   0.78(20)   0.839   0.553 [   0.55    0.97] [   0.30    1.00]
18    bilayer roughness   3.80(60)   3.853   3.725 [   3.15    4.38] [   2.61    4.85]
19 volume fraction bilayer  0.985(12)  0.9867  0.9990 [  0.972   0.998] [  0.958   1.000]
20 background os047_4column 3.67(28)e-6 0.00000366 0.00000369 [0.0000034 0.0000040] [0.0000032 0.0000042]
21              h2o rho -0.388(56)  -0.388  -0.372 [  -0.44   -0.33] [  -0.51   -0.28]
22 gold layer thickness  178.3(23) 178.080 177.552 [ 176.04  180.57] [ 174.74  183.85]

Statistics and plots based on 2409 samples (50.0% of total samples drawn)
