.background = 0.0005
.charge = 5
.concentration_salt = 0.15
.dielectconst = 71.08
.phi = 60
.phi_pd = 0
.phi_pd_n = 35
.phi_pd_nsigma = 3
.radius_effective = 20.75
.radius_effective_mode = 1
.radius_effective_pd = 0
.radius_effective_pd_n = 35
.radius_effective_pd_nsigma = 3
.radius_equatorial = 13.077 in [5,17]
.radius_equatorial_pd = 0
.radius_equatorial_pd_n = 35
.radius_equatorial_pd_nsigma = 3
.radius_polar = 25.3864 in [17,35]
.radius_polar_pd = 0
.radius_polar_pd_n = 35
.radius_polar_pd_nsigma = 3
.scale = 1
.sld = 3.4
.sld_M0 = 0
.sld_mphi = 0
.sld_mtheta = 0
.sld_solvent = 6.4
.sld_solvent_M0 = 0
.sld_solvent_mphi = 0
.sld_solvent_mtheta = 0
.structure_factor_mode = 0
.temperature = 298
.theta = 60
.theta_pd = 0
.theta_pd_n = 35
.theta_pd_nsigma = 3
.up_angle = 0
.up_frac_f = 0
.up_frac_i = 0
.up_phi = 0
.volfraction = 0.00213963 in [0.0001,0.02]

[chisq=0.682(16), nllf=76.7451]
              Parameter       mean  median    best [   68% interval] [   95% interval]
 1    radius_equatorial  13.13(26)  13.121  13.077 [  12.88   13.37] [  12.62   13.65]
 2         radius_polar  25.26(79)  25.267  25.386 [  24.49   26.02] [  23.70   26.84]
 3          volfraction 0.002135(42) 0.002133 0.002140 [0.00209 0.00218] [0.00206 0.00222]

Statistics and plots based on 15330 samples (100.0% of total samples drawn)
