[0] = Parameter(17.0018, name='l_siox', bounds=(10,30))
[1] = Parameter(3.79939, name='rho_siox', bounds=(3.2,3.8))
[2] = Parameter(3.22804, name='l_submembrane', bounds=(1,10))
[3] = Parameter(10.1504, name='l_lipid1', bounds=(10,15))
[4] = Parameter(13.1924, name='l_lipid2', bounds=(10,15))
[5] = Parameter(0.965692, name='vf_bilayer', bounds=(0.9,1))
[6] = Parameter(0.504752, name='rho_solv_0', bounds=(-0.04,0.56))
[7] = Parameter(4.75742, name='global_rough', bounds=(2,5))
[8] = Parameter(2.13195, name='sigma', bounds=(2,5))
[9] = Parameter(-8.4897, name='background_0', bounds=(-9,-5))

[chisq=1.11(17), nllf=37.0835]
              Parameter       mean  median    best [   68% interval] [   95% interval]
 1               l_siox   18.3(14)  18.207  17.002 [  16.87   19.95] [  15.76   21.10]
 2             rho_siox   3.56(15)   3.564   3.799 [   3.39    3.74] [   3.30    3.79]
 3        l_submembrane   2.23(57)   2.242   3.228 [   1.62    2.82] [   1.14    3.26]
 4             l_lipid1   11.2(11)  10.797  10.150 [  10.16   12.33] [  10.02   14.11]
 5             l_lipid2  13.05(79)  13.074  13.192 [  12.28   13.83] [  11.39   14.56]
 6           vf_bilayer  0.958(29)  0.9620  0.9657 [  0.923   0.990] [  0.904   0.998]
 7           rho_solv_0  0.501(10)  0.5014  0.5048 [  0.491   0.512] [  0.481   0.522]
 8         global_rough   3.60(79)   3.706   4.757 [   2.67    4.45] [   2.09    4.86]
 9                sigma   2.50(41)   2.396   2.132 [   2.11    2.91] [   2.01    3.54]
10         background_0  -8.09(57)  -8.135  -8.490 [  -8.73   -7.45] [  -8.95   -6.99]
