-- Model 0 sim0
.probe
  .back_absorption = back_absorption sim0 = 1
  .background = background_0 = 1.96514e-06 in [-1e-07,1e-05]
  .intensity = 0.91262 in [0.9,1.05]
  .sample_broadening = 0.00493268 in [-0.005,0.02]
  .theta_offset = -0.00160592 in [-0.015,0.005]
.sample
  .layers
    [0]
      .interface = siox_interface = 7.90298 in [2,9]
      .material
        .irho = silicon irho = 0
        .rho = silicon rho = 2.069
      .thickness = silicon thickness = 0
    [1]
      .interface = siox_interface = 7.90298 in [2,9]
      .material
        .irho = siox irho = 0
        .rho = rho_siox = 3.27604 in [3.1,5.1]
      .thickness = siox_thickness = 6.58247 in [5,40]
    [2]
      .interface = tiox interface = 0
      .material
        .irho = tiox irho = 0
        .rho = rho_tiox = 2.37363 in [1.163,3.163]
      .thickness = tiox_thickness = 120.283 in [66.379,266.38]
    [3]
      .bulknsld = rho_solv_0 = 6.05108 in [5.3,6.5]
      .global_rough = tiox_roughness = 4.61153 in [2,9]
      .interface = bilayer interface = 0
      .l_lipid1 = inner_acyl_chain_thickness = 14.9316 in [8,16]
      .l_lipid2 = outer_acyl_chain_thickness = 11.5542 in [8,16]
      .l_submembrane = submembrane_thickness = 12.6545 in [0,50]
      .rho_substrate = rho_tiox = 2.37363 in [1.163,3.163]
      .sigma = bilayer_roughness = 2.72012 in [2,9]
      .thickness = bilayer thickness = 150
      .vf_bilayer = volume_fraction_bilayer = 0.836993 in [0,1]
    [4]
      .interface = d2o interface = 5
      .material
        .irho = d2o irho = 0
        .rho = rho_solv_0 = 6.05108 in [5.3,6.5]
      .thickness = d2o thickness = 0
  .thickness = stack thickness = 276.865

[chisq=25.26(14), nllf=1629.09]
-- Model 1 sim1
.probe
  .back_absorption = back_absorption sim1 = 1
  .background = background_1 = 8.4128e-06 in [-1e-07,1e-05]
  .intensity = 0.91262 in [0.9,1.05]
  .sample_broadening = 0.00493268 in [-0.005,0.02]
  .theta_offset = -0.00160592 in [-0.015,0.005]
.sample
  .layers
    [0]
      .interface = siox_interface = 7.90298 in [2,9]
      .material
        .irho = silicon irho = 0
        .rho = silicon rho = 2.069
      .thickness = silicon thickness = 0
    [1]
      .interface = siox_interface = 7.90298 in [2,9]
      .material
        .irho = siox irho = 0
        .rho = rho_siox = 3.27604 in [3.1,5.1]
      .thickness = siox_thickness = 6.58247 in [5,40]
    [2]
      .interface = tiox interface = 0
      .material
        .irho = tiox irho = 0
        .rho = rho_tiox = 2.37363 in [1.163,3.163]
      .thickness = tiox_thickness = 120.283 in [66.379,266.38]
    [3]
      .bulknsld = rho_solv_1 = 0.00494932 in [-0.6,0.6]
      .global_rough = tiox_roughness = 4.61153 in [2,9]
      .interface = bilayer interface = 0
      .l_lipid1 = inner_acyl_chain_thickness = 14.9316 in [8,16]
      .l_lipid2 = outer_acyl_chain_thickness = 11.5542 in [8,16]
      .l_submembrane = submembrane_thickness = 12.6545 in [0,50]
      .rho_substrate = rho_tiox = 2.37363 in [1.163,3.163]
      .sigma = bilayer_roughness = 2.72012 in [2,9]
      .thickness = bilayer thickness = 150
      .vf_bilayer = volume_fraction_bilayer = 0.836993 in [0,1]
    [4]
      .interface = h2o interface = 5
      .material
        .irho = h2o irho = 0
        .rho = rho_solv_1 = 0.00494932 in [-0.6,0.6]
      .thickness = h2o thickness = 0
  .thickness = stack thickness = 276.865

[chisq=13.77(14), nllf=888.086]
[overall chisq=20.976(84), nllf=2517.18]
              Parameter       mean  median    best [   68% interval] [   95% interval]
 1         background_0 2.6(19)e-6 0.00000220 0.00000197 [0.0000008 0.0000045] [0.0000002 0.0000076]
 2            intensity  0.971(43)   0.967   0.913 [   0.92    1.03] [   0.91    1.04]
 3    sample_broadening 7.8(71)e-3  0.0077  0.0049 [ -0.001   0.016] [ -0.004   0.019]
 4         theta_offset -4.6(57)e-3 -0.0039 -0.0016 [ -0.011   0.002] [ -0.015   0.004]
 5       siox_interface    5.8(20)   5.955   7.903 [   3.51    8.22] [   2.21    8.77]
 6             rho_siox   3.85(57)   3.695   3.276 [   3.26    4.56] [   3.12    5.03]
 7       siox_thickness   16.2(89)   14.67    6.58 [    7.1    26.4] [    5.3    36.1]
 8             rho_tiox   2.11(33)   2.170   2.374 [   1.80    2.42] [   1.32    2.59]
 9       tiox_thickness    134(52)   113.3   120.3 [     88     201] [     69     257]
10           rho_solv_0   5.93(26)   5.955   6.051 [   5.66    6.21] [   5.39    6.39]
11       tiox_roughness    5.5(20)   5.422   4.612 [   3.17    7.71] [   2.30    8.87]
12 inner_acyl_chain_thickness   11.9(22)  11.969  14.932 [   9.34   14.64] [   8.27   15.60]
13 outer_acyl_chain_thickness   12.1(24)  11.857  11.554 [   9.16   15.09] [   8.25   15.83]
14 submembrane_thickness   20.9(86)   20.73   12.65 [   12.2    29.1] [    4.8    38.3]
15    bilayer_roughness    5.1(19)   5.020   2.720 [   2.92    7.35] [   2.12    8.68]
16 volume_fraction_bilayer   0.64(26)   0.703   0.837 [   0.34    0.91] [   0.10    0.98]
17         background_1 4.7(27)e-6 0.00000427 0.00000841 [0.0000018 0.0000079] [0.0000002 0.0000095]
18           rho_solv_1  -0.02(33)  -0.033   0.005 [  -0.39    0.35] [  -0.57    0.56]

Statistics and plots based on 1080 samples (50.0% of total samples drawn)
/Users/frank/opt/anaconda3/envs/Python37/lib/python3.7/site-packages/bumps/dream/varplot.py:244: VisibleDeprecationWarning: Creating an ndarray from ragged nested sequences (which is a list-or-tuple of lists-or-tuples-or ndarrays with different lengths or shapes) is deprecated. If you meant to do this, you must specify 'dtype=object' when creating the ndarray.
  centers, height, maxlikelihood = array(bins).T
/Users/frank/opt/anaconda3/envs/Python37/lib/python3.7/site-packages/bumps/dream/varplot.py:244: VisibleDeprecationWarning: Creating an ndarray from ragged nested sequences (which is a list-or-tuple of lists-or-tuples-or ndarrays with different lengths or shapes) is deprecated. If you meant to do this, you must specify 'dtype=object' when creating the ndarray.
  centers, height, maxlikelihood = array(bins).T
/Users/frank/opt/anaconda3/envs/Python37/lib/python3.7/site-packages/bumps/dream/varplot.py:244: VisibleDeprecationWarning: Creating an ndarray from ragged nested sequences (which is a list-or-tuple of lists-or-tuples-or ndarrays with different lengths or shapes) is deprecated. If you meant to do this, you must specify 'dtype=object' when creating the ndarray.
  centers, height, maxlikelihood = array(bins).T
/Users/frank/opt/anaconda3/envs/Python37/lib/python3.7/site-packages/bumps/dream/varplot.py:244: VisibleDeprecationWarning: Creating an ndarray from ragged nested sequences (which is a list-or-tuple of lists-or-tuples-or ndarrays with different lengths or shapes) is deprecated. If you meant to do this, you must specify 'dtype=object' when creating the ndarray.
  centers, height, maxlikelihood = array(bins).T
/Users/frank/opt/anaconda3/envs/Python37/lib/python3.7/site-packages/bumps/dream/varplot.py:244: VisibleDeprecationWarning: Creating an ndarray from ragged nested sequences (which is a list-or-tuple of lists-or-tuples-or ndarrays with different lengths or shapes) is deprecated. If you meant to do this, you must specify 'dtype=object' when creating the ndarray.
  centers, height, maxlikelihood = array(bins).T
/Users/frank/opt/anaconda3/envs/Python37/lib/python3.7/site-packages/bumps/dream/varplot.py:244: VisibleDeprecationWarning: Creating an ndarray from ragged nested sequences (which is a list-or-tuple of lists-or-tuples-or ndarrays with different lengths or shapes) is deprecated. If you meant to do this, you must specify 'dtype=object' when creating the ndarray.
  centers, height, maxlikelihood = array(bins).T
/Users/frank/opt/anaconda3/envs/Python37/lib/python3.7/site-packages/bumps/dream/varplot.py:244: VisibleDeprecationWarning: Creating an ndarray from ragged nested sequences (which is a list-or-tuple of lists-or-tuples-or ndarrays with different lengths or shapes) is deprecated. If you meant to do this, you must specify 'dtype=object' when creating the ndarray.
  centers, height, maxlikelihood = array(bins).T
/Users/frank/opt/anaconda3/envs/Python37/lib/python3.7/site-packages/bumps/dream/varplot.py:244: VisibleDeprecationWarning: Creating an ndarray from ragged nested sequences (which is a list-or-tuple of lists-or-tuples-or ndarrays with different lengths or shapes) is deprecated. If you meant to do this, you must specify 'dtype=object' when creating the ndarray.
  centers, height, maxlikelihood = array(bins).T
/Users/frank/opt/anaconda3/envs/Python37/lib/python3.7/site-packages/bumps/dream/varplot.py:244: VisibleDeprecationWarning: Creating an ndarray from ragged nested sequences (which is a list-or-tuple of lists-or-tuples-or ndarrays with different lengths or shapes) is deprecated. If you meant to do this, you must specify 'dtype=object' when creating the ndarray.
  centers, height, maxlikelihood = array(bins).T
/Users/frank/opt/anaconda3/envs/Python37/lib/python3.7/site-packages/bumps/dream/varplot.py:244: VisibleDeprecationWarning: Creating an ndarray from ragged nested sequences (which is a list-or-tuple of lists-or-tuples-or ndarrays with different lengths or shapes) is deprecated. If you meant to do this, you must specify 'dtype=object' when creating the ndarray.
  centers, height, maxlikelihood = array(bins).T
/Users/frank/opt/anaconda3/envs/Python37/lib/python3.7/site-packages/bumps/dream/varplot.py:244: VisibleDeprecationWarning: Creating an ndarray from ragged nested sequences (which is a list-or-tuple of lists-or-tuples-or ndarrays with different lengths or shapes) is deprecated. If you meant to do this, you must specify 'dtype=object' when creating the ndarray.
  centers, height, maxlikelihood = array(bins).T
/Users/frank/opt/anaconda3/envs/Python37/lib/python3.7/site-packages/bumps/dream/varplot.py:244: VisibleDeprecationWarning: Creating an ndarray from ragged nested sequences (which is a list-or-tuple of lists-or-tuples-or ndarrays with different lengths or shapes) is deprecated. If you meant to do this, you must specify 'dtype=object' when creating the ndarray.
  centers, height, maxlikelihood = array(bins).T
/Users/frank/opt/anaconda3/envs/Python37/lib/python3.7/site-packages/bumps/dream/varplot.py:244: VisibleDeprecationWarning: Creating an ndarray from ragged nested sequences (which is a list-or-tuple of lists-or-tuples-or ndarrays with different lengths or shapes) is deprecated. If you meant to do this, you must specify 'dtype=object' when creating the ndarray.
  centers, height, maxlikelihood = array(bins).T
/Users/frank/opt/anaconda3/envs/Python37/lib/python3.7/site-packages/bumps/dream/varplot.py:244: VisibleDeprecationWarning: Creating an ndarray from ragged nested sequences (which is a list-or-tuple of lists-or-tuples-or ndarrays with different lengths or shapes) is deprecated. If you meant to do this, you must specify 'dtype=object' when creating the ndarray.
  centers, height, maxlikelihood = array(bins).T
/Users/frank/opt/anaconda3/envs/Python37/lib/python3.7/site-packages/bumps/dream/varplot.py:244: VisibleDeprecationWarning: Creating an ndarray from ragged nested sequences (which is a list-or-tuple of lists-or-tuples-or ndarrays with different lengths or shapes) is deprecated. If you meant to do this, you must specify 'dtype=object' when creating the ndarray.
  centers, height, maxlikelihood = array(bins).T
/Users/frank/opt/anaconda3/envs/Python37/lib/python3.7/site-packages/bumps/dream/varplot.py:244: VisibleDeprecationWarning: Creating an ndarray from ragged nested sequences (which is a list-or-tuple of lists-or-tuples-or ndarrays with different lengths or shapes) is deprecated. If you meant to do this, you must specify 'dtype=object' when creating the ndarray.
  centers, height, maxlikelihood = array(bins).T
/Users/frank/opt/anaconda3/envs/Python37/lib/python3.7/site-packages/bumps/dream/varplot.py:244: VisibleDeprecationWarning: Creating an ndarray from ragged nested sequences (which is a list-or-tuple of lists-or-tuples-or ndarrays with different lengths or shapes) is deprecated. If you meant to do this, you must specify 'dtype=object' when creating the ndarray.
  centers, height, maxlikelihood = array(bins).T
/Users/frank/opt/anaconda3/envs/Python37/lib/python3.7/site-packages/bumps/dream/varplot.py:244: VisibleDeprecationWarning: Creating an ndarray from ragged nested sequences (which is a list-or-tuple of lists-or-tuples-or ndarrays with different lengths or shapes) is deprecated. If you meant to do this, you must specify 'dtype=object' when creating the ndarray.
  centers, height, maxlikelihood = array(bins).T
