[0] = Parameter(17.7684, name='l_siox', bounds=(10,30))
[1] = Parameter(3.49987, name='rho_siox', bounds=(3.2,3.8))
[2] = Parameter(3.34197, name='l_submembrane', bounds=(1,10))
[3] = Parameter(11.9744, name='l_lipid1', bounds=(10,15))
[4] = Parameter(11.8513, name='l_lipid2', bounds=(10,15))
[5] = Parameter(0.975958, name='vf_bilayer', bounds=(0.9,1))
[6] = Parameter(5.0004, name='rho_solv_0', bounds=(4.46,5.06))
[7] = Parameter(2.37247, name='global_rough', bounds=(2,5))
[8] = Parameter(3.39799, name='sigma', bounds=(2,5))
[9] = Parameter(-8.38725, name='background_0', bounds=(-9,-5))

[chisq=0.81(17), nllf=27.1419]
              Parameter       mean  median    best [   68% interval] [   95% interval]
 1               l_siox   17.1(14)  17.230  17.768 [  15.62   18.42] [  13.98   19.25]
 2             rho_siox   3.52(10)   3.522   3.500 [   3.42    3.62] [   3.29    3.71]
 3        l_submembrane    3.5(14)   3.452   3.342 [   2.05    5.01] [   1.14    6.52]
 4             l_lipid1   12.0(11)  11.964  11.974 [  10.67   13.28] [  10.07   13.89]
 5             l_lipid2   11.9(11)  11.881  11.851 [  10.63   13.11] [  10.08   13.75]
 6           vf_bilayer  0.975(16)  0.9749  0.9760 [  0.956   0.993] [  0.946   0.999]
 7           rho_solv_0 5.0000(19) 5.00007 5.00040 [ 4.9981  5.0020] [ 4.9961  5.0038]
 8         global_rough   3.57(88)   3.616   2.372 [   2.50    4.59] [   2.07    4.94]
 9                sigma   3.39(69)   3.425   3.398 [   2.60    4.15] [   2.10    4.56]
10         background_0  -8.13(52)  -8.146  -8.387 [  -8.72   -7.53] [  -8.96   -7.19]
