-- Model 0 
.frac_deut = 0.886323 in [0.7,0.99]
.l_lipid = 10.8818 in [8,12]
.sigma = 2.00401 in [2,3]

[chisq=0.0(12), nllf=0]
-- Model 1 sim0.dat
.background = background0 = 0.0650144 in [0.01,2]
.n = 100
.radius = 500
.radius_effective = (radius + 50.0) = 550
.radius_effective_mode = 1
.radius_pd = 0.33
.radius_pd_n = 35
.radius_pd_nsigma = 3
.scale = scale0 = 1.43798 in [0.01,15]
.sld1 = 6.39994
.sld10 = 6.39994
.sld100 = 6.39994
.sld100_M0 = 0
.sld100_mphi = 0
.sld100_mtheta = 0
.sld10_M0 = 0
.sld10_mphi = 0
.sld10_mtheta = 0
.sld11 = 6.39994
.sld11_M0 = 0
.sld11_mphi = 0
.sld11_mtheta = 0
.sld12 = 6.39994
.sld12_M0 = 0
.sld12_mphi = 0
.sld12_mtheta = 0
.sld13 = 6.39986
.sld13_M0 = 0
.sld13_mphi = 0
.sld13_mtheta = 0
.sld14 = 6.39934
.sld14_M0 = 0
.sld14_mphi = 0
.sld14_mtheta = 0
.sld15 = 6.39641
.sld15_M0 = 0
.sld15_mphi = 0
.sld15_mtheta = 0
.sld16 = 6.38367
.sld16_M0 = 0
.sld16_mphi = 0
.sld16_mtheta = 0
.sld17 = 6.3403
.sld17_M0 = 0
.sld17_mphi = 0
.sld17_mtheta = 0
.sld18 = 6.22468
.sld18_M0 = 0
.sld18_mphi = 0
.sld18_mtheta = 0
.sld19 = 5.98302
.sld19_M0 = 0
.sld19_mphi = 0
.sld19_mtheta = 0
.sld1_M0 = 0
.sld1_mphi = 0
.sld1_mtheta = 0
.sld2 = 6.39994
.sld20 = 5.5864
.sld20_M0 = 0
.sld20_mphi = 0
.sld20_mtheta = 0
.sld21 = 5.07514
.sld21_M0 = 0
.sld21_mphi = 0
.sld21_mtheta = 0
.sld22 = 4.56049
.sld22_M0 = 0
.sld22_mphi = 0
.sld22_mtheta = 0
.sld23 = 4.16642
.sld23_M0 = 0
.sld23_mphi = 0
.sld23_mtheta = 0
.sld24 = 3.96083
.sld24_M0 = 0
.sld24_mphi = 0
.sld24_mtheta = 0
.sld25 = 3.93338
.sld25_M0 = 0
.sld25_mphi = 0
.sld25_mtheta = 0
.sld26 = 4.02524
.sld26_M0 = 0
.sld26_mphi = 0
.sld26_mtheta = 0
.sld27 = 4.18048
.sld27_M0 = 0
.sld27_mphi = 0
.sld27_mtheta = 0
.sld28 = 4.38385
.sld28_M0 = 0
.sld28_mphi = 0
.sld28_mtheta = 0
.sld29 = 4.65561
.sld29_M0 = 0
.sld29_mphi = 0
.sld29_mtheta = 0
.sld2_M0 = 0
.sld2_mphi = 0
.sld2_mtheta = 0
.sld3 = 6.39994
.sld30 = 5.00493
.sld30_M0 = 0
.sld30_mphi = 0
.sld30_mtheta = 0
.sld31 = 5.38996
.sld31_M0 = 0
.sld31_mphi = 0
.sld31_mtheta = 0
.sld32 = 5.73258
.sld32_M0 = 0
.sld32_mphi = 0
.sld32_mtheta = 0
.sld33 = 5.9728
.sld33_M0 = 0
.sld33_mphi = 0
.sld33_mtheta = 0
.sld34 = 6.10236
.sld34_M0 = 0
.sld34_mphi = 0
.sld34_mtheta = 0
.sld35 = 6.15
.sld35_M0 = 0
.sld35_mphi = 0
.sld35_mtheta = 0
.sld36 = 6.14719
.sld36_M0 = 0
.sld36_mphi = 0
.sld36_mtheta = 0
.sld37 = 6.10955
.sld37_M0 = 0
.sld37_mphi = 0
.sld37_mtheta = 0
.sld38 = 6.03936
.sld38_M0 = 0
.sld38_mphi = 0
.sld38_mtheta = 0
.sld39 = 5.93718
.sld39_M0 = 0
.sld39_mphi = 0
.sld39_mtheta = 0
.sld3_M0 = 0
.sld3_mphi = 0
.sld3_mtheta = 0
.sld4 = 6.39994
.sld40 = 5.81224
.sld40_M0 = 0
.sld40_mphi = 0
.sld40_mtheta = 0
.sld41 = 5.68681
.sld41_M0 = 0
.sld41_mphi = 0
.sld41_mtheta = 0
.sld42 = 5.59176
.sld42_M0 = 0
.sld42_mphi = 0
.sld42_mtheta = 0
.sld43 = 5.55483
.sld43_M0 = 0
.sld43_mphi = 0
.sld43_mtheta = 0
.sld44 = 5.58763
.sld44_M0 = 0
.sld44_mphi = 0
.sld44_mtheta = 0
.sld45 = 5.67983
.sld45_M0 = 0
.sld45_mphi = 0
.sld45_mtheta = 0
.sld46 = 5.80434
.sld46_M0 = 0
.sld46_mphi = 0
.sld46_mtheta = 0
.sld47 = 5.93006
.sld47_M0 = 0
.sld47_mphi = 0
.sld47_mtheta = 0
.sld48 = 6.03402
.sld48_M0 = 0
.sld48_mphi = 0
.sld48_mtheta = 0
.sld49 = 6.10621
.sld49_M0 = 0
.sld49_mphi = 0
.sld49_mtheta = 0
.sld4_M0 = 0
.sld4_mphi = 0
.sld4_mtheta = 0
.sld5 = 6.39994
.sld50 = 6.1458
.sld50_M0 = 0
.sld50_mphi = 0
.sld50_mtheta = 0
.sld51 = 6.15096
.sld51_M0 = 0
.sld51_mphi = 0
.sld51_mtheta = 0
.sld52 = 6.1072
.sld52_M0 = 0
.sld52_mphi = 0
.sld52_mtheta = 0
.sld53 = 5.98376
.sld53_M0 = 0
.sld53_mphi = 0
.sld53_mtheta = 0
.sld54 = 5.7507
.sld54_M0 = 0
.sld54_mphi = 0
.sld54_mtheta = 0
.sld55 = 5.41297
.sld55_M0 = 0
.sld55_mphi = 0
.sld55_mtheta = 0
.sld56 = 5.02792
.sld56_M0 = 0
.sld56_mphi = 0
.sld56_mtheta = 0
.sld57 = 4.67454
.sld57_M0 = 0
.sld57_mphi = 0
.sld57_mtheta = 0
.sld58 = 4.39808
.sld58_M0 = 0
.sld58_mphi = 0
.sld58_mtheta = 0
.sld59 = 4.19152
.sld59_M0 = 0
.sld59_mphi = 0
.sld59_mtheta = 0
.sld5_M0 = 0
.sld5_mphi = 0
.sld5_mtheta = 0
.sld6 = 6.39994
.sld60 = 4.03344
.sld60_M0 = 0
.sld60_mphi = 0
.sld60_mtheta = 0
.sld61 = 3.9363
.sld61_M0 = 0
.sld61_mphi = 0
.sld61_mtheta = 0
.sld62 = 3.95442
.sld62_M0 = 0
.sld62_mphi = 0
.sld62_mtheta = 0
.sld63 = 4.14802
.sld63_M0 = 0
.sld63_mphi = 0
.sld63_mtheta = 0
.sld64 = 4.53176
.sld64_M0 = 0
.sld64_mphi = 0
.sld64_mtheta = 0
.sld65 = 5.04257
.sld65_M0 = 0
.sld65_mphi = 0
.sld65_mtheta = 0
.sld66 = 5.55798
.sld66_M0 = 0
.sld66_mphi = 0
.sld66_mtheta = 0
.sld67 = 5.96358
.sld67_M0 = 0
.sld67_mphi = 0
.sld67_mtheta = 0
.sld68 = 6.21417
.sld68_M0 = 0
.sld68_mphi = 0
.sld68_mtheta = 0
.sld69 = 6.3358
.sld69_M0 = 0
.sld69_mphi = 0
.sld69_mtheta = 0
.sld6_M0 = 0
.sld6_mphi = 0
.sld6_mtheta = 0
.sld7 = 6.39994
.sld70 = 6.38215
.sld70_M0 = 0
.sld70_mphi = 0
.sld70_mtheta = 0
.sld71 = 6.396
.sld71_M0 = 0
.sld71_mphi = 0
.sld71_mtheta = 0
.sld72 = 6.39925
.sld72_M0 = 0
.sld72_mphi = 0
.sld72_mtheta = 0
.sld73 = 6.39985
.sld73_M0 = 0
.sld73_mphi = 0
.sld73_mtheta = 0
.sld74 = 6.39993
.sld74_M0 = 0
.sld74_mphi = 0
.sld74_mtheta = 0
.sld75 = 6.39994
.sld75_M0 = 0
.sld75_mphi = 0
.sld75_mtheta = 0
.sld76 = 6.39994
.sld76_M0 = 0
.sld76_mphi = 0
.sld76_mtheta = 0
.sld77 = 6.39994
.sld77_M0 = 0
.sld77_mphi = 0
.sld77_mtheta = 0
.sld78 = 6.39994
.sld78_M0 = 0
.sld78_mphi = 0
.sld78_mtheta = 0
.sld79 = 6.39994
.sld79_M0 = 0
.sld79_mphi = 0
.sld79_mtheta = 0
.sld7_M0 = 0
.sld7_mphi = 0
.sld7_mtheta = 0
.sld8 = 6.39994
.sld80 = 6.39994
.sld80_M0 = 0
.sld80_mphi = 0
.sld80_mtheta = 0
.sld81 = 6.39994
.sld81_M0 = 0
.sld81_mphi = 0
.sld81_mtheta = 0
.sld82 = 6.39994
.sld82_M0 = 0
.sld82_mphi = 0
.sld82_mtheta = 0
.sld83 = 6.39994
.sld83_M0 = 0
.sld83_mphi = 0
.sld83_mtheta = 0
.sld84 = 6.39994
.sld84_M0 = 0
.sld84_mphi = 0
.sld84_mtheta = 0
.sld85 = 6.39994
.sld85_M0 = 0
.sld85_mphi = 0
.sld85_mtheta = 0
.sld86 = 6.39994
.sld86_M0 = 0
.sld86_mphi = 0
.sld86_mtheta = 0
.sld87 = 6.39994
.sld87_M0 = 0
.sld87_mphi = 0
.sld87_mtheta = 0
.sld88 = 6.39994
.sld88_M0 = 0
.sld88_mphi = 0
.sld88_mtheta = 0
.sld89 = 6.39994
.sld89_M0 = 0
.sld89_mphi = 0
.sld89_mtheta = 0
.sld8_M0 = 0
.sld8_mphi = 0
.sld8_mtheta = 0
.sld9 = 6.39994
.sld90 = 6.39994
.sld90_M0 = 0
.sld90_mphi = 0
.sld90_mtheta = 0
.sld91 = 6.39994
.sld91_M0 = 0
.sld91_mphi = 0
.sld91_mtheta = 0
.sld92 = 6.39994
.sld92_M0 = 0
.sld92_mphi = 0
.sld92_mtheta = 0
.sld93 = 6.39994
.sld93_M0 = 0
.sld93_mphi = 0
.sld93_mtheta = 0
.sld94 = 6.39994
.sld94_M0 = 0
.sld94_mphi = 0
.sld94_mtheta = 0
.sld95 = 6.39994
.sld95_M0 = 0
.sld95_mphi = 0
.sld95_mtheta = 0
.sld96 = 6.39994
.sld96_M0 = 0
.sld96_mphi = 0
.sld96_mtheta = 0
.sld97 = 6.39994
.sld97_M0 = 0
.sld97_mphi = 0
.sld97_mtheta = 0
.sld98 = 6.39994
.sld98_M0 = 0
.sld98_mphi = 0
.sld98_mtheta = 0
.sld99 = 6.39994
.sld99_M0 = 0
.sld99_mphi = 0
.sld99_mtheta = 0
.sld9_M0 = 0
.sld9_mphi = 0
.sld9_mtheta = 0
.sld_core = sld_solvent0 = 6.39994 in [6.2,6.4]
.sld_core_M0 = 0
.sld_core_mphi = 0
.sld_core_mtheta = 0
.sld_solvent = sld_solvent0 = 6.39994 in [6.2,6.4]
.sld_solvent_M0 = 0
.sld_solvent_mphi = 0
.sld_solvent_mtheta = 0
.structure_factor_mode = 0
.thickness1 = 1
.thickness10 = 1
.thickness100 = 1
.thickness100_pd = 0
.thickness100_pd_n = 35
.thickness100_pd_nsigma = 3
.thickness10_pd = 0
.thickness10_pd_n = 35
.thickness10_pd_nsigma = 3
.thickness11 = 1
.thickness11_pd = 0
.thickness11_pd_n = 35
.thickness11_pd_nsigma = 3
.thickness12 = 1
.thickness12_pd = 0
.thickness12_pd_n = 35
.thickness12_pd_nsigma = 3
.thickness13 = 1
.thickness13_pd = 0
.thickness13_pd_n = 35
.thickness13_pd_nsigma = 3
.thickness14 = 1
.thickness14_pd = 0
.thickness14_pd_n = 35
.thickness14_pd_nsigma = 3
.thickness15 = 1
.thickness15_pd = 0
.thickness15_pd_n = 35
.thickness15_pd_nsigma = 3
.thickness16 = 1
.thickness16_pd = 0
.thickness16_pd_n = 35
.thickness16_pd_nsigma = 3
.thickness17 = 1
.thickness17_pd = 0
.thickness17_pd_n = 35
.thickness17_pd_nsigma = 3
.thickness18 = 1
.thickness18_pd = 0
.thickness18_pd_n = 35
.thickness18_pd_nsigma = 3
.thickness19 = 1
.thickness19_pd = 0
.thickness19_pd_n = 35
.thickness19_pd_nsigma = 3
.thickness1_pd = 0
.thickness1_pd_n = 35
.thickness1_pd_nsigma = 3
.thickness2 = 1
.thickness20 = 1
.thickness20_pd = 0
.thickness20_pd_n = 35
.thickness20_pd_nsigma = 3
.thickness21 = 1
.thickness21_pd = 0
.thickness21_pd_n = 35
.thickness21_pd_nsigma = 3
.thickness22 = 1
.thickness22_pd = 0
.thickness22_pd_n = 35
.thickness22_pd_nsigma = 3
.thickness23 = 1
.thickness23_pd = 0
.thickness23_pd_n = 35
.thickness23_pd_nsigma = 3
.thickness24 = 1
.thickness24_pd = 0
.thickness24_pd_n = 35
.thickness24_pd_nsigma = 3
.thickness25 = 1
.thickness25_pd = 0
.thickness25_pd_n = 35
.thickness25_pd_nsigma = 3
.thickness26 = 1
.thickness26_pd = 0
.thickness26_pd_n = 35
.thickness26_pd_nsigma = 3
.thickness27 = 1
.thickness27_pd = 0
.thickness27_pd_n = 35
.thickness27_pd_nsigma = 3
.thickness28 = 1
.thickness28_pd = 0
.thickness28_pd_n = 35
.thickness28_pd_nsigma = 3
.thickness29 = 1
.thickness29_pd = 0
.thickness29_pd_n = 35
.thickness29_pd_nsigma = 3
.thickness2_pd = 0
.thickness2_pd_n = 35
.thickness2_pd_nsigma = 3
.thickness3 = 1
.thickness30 = 1
.thickness30_pd = 0
.thickness30_pd_n = 35
.thickness30_pd_nsigma = 3
.thickness31 = 1
.thickness31_pd = 0
.thickness31_pd_n = 35
.thickness31_pd_nsigma = 3
.thickness32 = 1
.thickness32_pd = 0
.thickness32_pd_n = 35
.thickness32_pd_nsigma = 3
.thickness33 = 1
.thickness33_pd = 0
.thickness33_pd_n = 35
.thickness33_pd_nsigma = 3
.thickness34 = 1
.thickness34_pd = 0
.thickness34_pd_n = 35
.thickness34_pd_nsigma = 3
.thickness35 = 1
.thickness35_pd = 0
.thickness35_pd_n = 35
.thickness35_pd_nsigma = 3
.thickness36 = 1
.thickness36_pd = 0
.thickness36_pd_n = 35
.thickness36_pd_nsigma = 3
.thickness37 = 1
.thickness37_pd = 0
.thickness37_pd_n = 35
.thickness37_pd_nsigma = 3
.thickness38 = 1
.thickness38_pd = 0
.thickness38_pd_n = 35
.thickness38_pd_nsigma = 3
.thickness39 = 1
.thickness39_pd = 0
.thickness39_pd_n = 35
.thickness39_pd_nsigma = 3
.thickness3_pd = 0
.thickness3_pd_n = 35
.thickness3_pd_nsigma = 3
.thickness4 = 1
.thickness40 = 1
.thickness40_pd = 0
.thickness40_pd_n = 35
.thickness40_pd_nsigma = 3
.thickness41 = 1
.thickness41_pd = 0
.thickness41_pd_n = 35
.thickness41_pd_nsigma = 3
.thickness42 = 1
.thickness42_pd = 0
.thickness42_pd_n = 35
.thickness42_pd_nsigma = 3
.thickness43 = 1
.thickness43_pd = 0
.thickness43_pd_n = 35
.thickness43_pd_nsigma = 3
.thickness44 = 1
.thickness44_pd = 0
.thickness44_pd_n = 35
.thickness44_pd_nsigma = 3
.thickness45 = 1
.thickness45_pd = 0
.thickness45_pd_n = 35
.thickness45_pd_nsigma = 3
.thickness46 = 1
.thickness46_pd = 0
.thickness46_pd_n = 35
.thickness46_pd_nsigma = 3
.thickness47 = 1
.thickness47_pd = 0
.thickness47_pd_n = 35
.thickness47_pd_nsigma = 3
.thickness48 = 1
.thickness48_pd = 0
.thickness48_pd_n = 35
.thickness48_pd_nsigma = 3
.thickness49 = 1
.thickness49_pd = 0
.thickness49_pd_n = 35
.thickness49_pd_nsigma = 3
.thickness4_pd = 0
.thickness4_pd_n = 35
.thickness4_pd_nsigma = 3
.thickness5 = 1
.thickness50 = 1
.thickness50_pd = 0
.thickness50_pd_n = 35
.thickness50_pd_nsigma = 3
.thickness51 = 1
.thickness51_pd = 0
.thickness51_pd_n = 35
.thickness51_pd_nsigma = 3
.thickness52 = 1
.thickness52_pd = 0
.thickness52_pd_n = 35
.thickness52_pd_nsigma = 3
.thickness53 = 1
.thickness53_pd = 0
.thickness53_pd_n = 35
.thickness53_pd_nsigma = 3
.thickness54 = 1
.thickness54_pd = 0
.thickness54_pd_n = 35
.thickness54_pd_nsigma = 3
.thickness55 = 1
.thickness55_pd = 0
.thickness55_pd_n = 35
.thickness55_pd_nsigma = 3
.thickness56 = 1
.thickness56_pd = 0
.thickness56_pd_n = 35
.thickness56_pd_nsigma = 3
.thickness57 = 1
.thickness57_pd = 0
.thickness57_pd_n = 35
.thickness57_pd_nsigma = 3
.thickness58 = 1
.thickness58_pd = 0
.thickness58_pd_n = 35
.thickness58_pd_nsigma = 3
.thickness59 = 1
.thickness59_pd = 0
.thickness59_pd_n = 35
.thickness59_pd_nsigma = 3
.thickness5_pd = 0
.thickness5_pd_n = 35
.thickness5_pd_nsigma = 3
.thickness6 = 1
.thickness60 = 1
.thickness60_pd = 0
.thickness60_pd_n = 35
.thickness60_pd_nsigma = 3
.thickness61 = 1
.thickness61_pd = 0
.thickness61_pd_n = 35
.thickness61_pd_nsigma = 3
.thickness62 = 1
.thickness62_pd = 0
.thickness62_pd_n = 35
.thickness62_pd_nsigma = 3
.thickness63 = 1
.thickness63_pd = 0
.thickness63_pd_n = 35
.thickness63_pd_nsigma = 3
.thickness64 = 1
.thickness64_pd = 0
.thickness64_pd_n = 35
.thickness64_pd_nsigma = 3
.thickness65 = 1
.thickness65_pd = 0
.thickness65_pd_n = 35
.thickness65_pd_nsigma = 3
.thickness66 = 1
.thickness66_pd = 0
.thickness66_pd_n = 35
.thickness66_pd_nsigma = 3
.thickness67 = 1
.thickness67_pd = 0
.thickness67_pd_n = 35
.thickness67_pd_nsigma = 3
.thickness68 = 1
.thickness68_pd = 0
.thickness68_pd_n = 35
.thickness68_pd_nsigma = 3
.thickness69 = 1
.thickness69_pd = 0
.thickness69_pd_n = 35
.thickness69_pd_nsigma = 3
.thickness6_pd = 0
.thickness6_pd_n = 35
.thickness6_pd_nsigma = 3
.thickness7 = 1
.thickness70 = 1
.thickness70_pd = 0
.thickness70_pd_n = 35
.thickness70_pd_nsigma = 3
.thickness71 = 1
.thickness71_pd = 0
.thickness71_pd_n = 35
.thickness71_pd_nsigma = 3
.thickness72 = 1
.thickness72_pd = 0
.thickness72_pd_n = 35
.thickness72_pd_nsigma = 3
.thickness73 = 1
.thickness73_pd = 0
.thickness73_pd_n = 35
.thickness73_pd_nsigma = 3
.thickness74 = 1
.thickness74_pd = 0
.thickness74_pd_n = 35
.thickness74_pd_nsigma = 3
.thickness75 = 1
.thickness75_pd = 0
.thickness75_pd_n = 35
.thickness75_pd_nsigma = 3
.thickness76 = 1
.thickness76_pd = 0
.thickness76_pd_n = 35
.thickness76_pd_nsigma = 3
.thickness77 = 1
.thickness77_pd = 0
.thickness77_pd_n = 35
.thickness77_pd_nsigma = 3
.thickness78 = 1
.thickness78_pd = 0
.thickness78_pd_n = 35
.thickness78_pd_nsigma = 3
.thickness79 = 1
.thickness79_pd = 0
.thickness79_pd_n = 35
.thickness79_pd_nsigma = 3
.thickness7_pd = 0
.thickness7_pd_n = 35
.thickness7_pd_nsigma = 3
.thickness8 = 1
.thickness80 = 1
.thickness80_pd = 0
.thickness80_pd_n = 35
.thickness80_pd_nsigma = 3
.thickness81 = 1
.thickness81_pd = 0
.thickness81_pd_n = 35
.thickness81_pd_nsigma = 3
.thickness82 = 1
.thickness82_pd = 0
.thickness82_pd_n = 35
.thickness82_pd_nsigma = 3
.thickness83 = 1
.thickness83_pd = 0
.thickness83_pd_n = 35
.thickness83_pd_nsigma = 3
.thickness84 = 1
.thickness84_pd = 0
.thickness84_pd_n = 35
.thickness84_pd_nsigma = 3
.thickness85 = 1
.thickness85_pd = 0
.thickness85_pd_n = 35
.thickness85_pd_nsigma = 3
.thickness86 = 1
.thickness86_pd = 0
.thickness86_pd_n = 35
.thickness86_pd_nsigma = 3
.thickness87 = 1
.thickness87_pd = 0
.thickness87_pd_n = 35
.thickness87_pd_nsigma = 3
.thickness88 = 1
.thickness88_pd = 0
.thickness88_pd_n = 35
.thickness88_pd_nsigma = 3
.thickness89 = 1
.thickness89_pd = 0
.thickness89_pd_n = 35
.thickness89_pd_nsigma = 3
.thickness8_pd = 0
.thickness8_pd_n = 35
.thickness8_pd_nsigma = 3
.thickness9 = 1
.thickness90 = 1
.thickness90_pd = 0
.thickness90_pd_n = 35
.thickness90_pd_nsigma = 3
.thickness91 = 1
.thickness91_pd = 0
.thickness91_pd_n = 35
.thickness91_pd_nsigma = 3
.thickness92 = 1
.thickness92_pd = 0
.thickness92_pd_n = 35
.thickness92_pd_nsigma = 3
.thickness93 = 1
.thickness93_pd = 0
.thickness93_pd_n = 35
.thickness93_pd_nsigma = 3
.thickness94 = 1
.thickness94_pd = 0
.thickness94_pd_n = 35
.thickness94_pd_nsigma = 3
.thickness95 = 1
.thickness95_pd = 0
.thickness95_pd_n = 35
.thickness95_pd_nsigma = 3
.thickness96 = 1
.thickness96_pd = 0
.thickness96_pd_n = 35
.thickness96_pd_nsigma = 3
.thickness97 = 1
.thickness97_pd = 0
.thickness97_pd_n = 35
.thickness97_pd_nsigma = 3
.thickness98 = 1
.thickness98_pd = 0
.thickness98_pd_n = 35
.thickness98_pd_nsigma = 3
.thickness99 = 1
.thickness99_pd = 0
.thickness99_pd_n = 35
.thickness99_pd_nsigma = 3
.thickness9_pd = 0
.thickness9_pd_n = 35
.thickness9_pd_nsigma = 3
.up_angle = 0
.up_frac_f = 0
.up_frac_i = 0
.up_phi = 0
.volfraction = vf0 = 0.0999955 in [0.01,0.1]

[chisq=6.838(21), nllf=772.694]
-- Model 2 sim1.dat
.background = background1 = 0.675156 in [0.01,2]
.n = 100
.radius = 500
.radius_effective = radius = 500
.radius_effective_mode = 1
.radius_pd = 0.33
.radius_pd_n = 35
.radius_pd_nsigma = 3
.scale = scale0 = 1.43798 in [0.01,15]
.sld1 = 1.92875
.sld10 = 1.92875
.sld100 = 1.92875
.sld100_M0 = 0
.sld100_mphi = 0
.sld100_mtheta = 0
.sld10_M0 = 0
.sld10_mphi = 0
.sld10_mtheta = 0
.sld11 = 1.92875
.sld11_M0 = 0
.sld11_mphi = 0
.sld11_mtheta = 0
.sld12 = 1.92875
.sld12_M0 = 0
.sld12_mphi = 0
.sld12_mtheta = 0
.sld13 = 1.92872
.sld13_M0 = 0
.sld13_mphi = 0
.sld13_mtheta = 0
.sld14 = 1.92854
.sld14_M0 = 0
.sld14_mphi = 0
.sld14_mtheta = 0
.sld15 = 1.92753
.sld15_M0 = 0
.sld15_mphi = 0
.sld15_mtheta = 0
.sld16 = 1.92318
.sld16_M0 = 0
.sld16_mphi = 0
.sld16_mtheta = 0
.sld17 = 1.90872
.sld17_M0 = 0
.sld17_mphi = 0
.sld17_mtheta = 0
.sld18 = 1.8716
.sld18_M0 = 0
.sld18_mphi = 0
.sld18_mtheta = 0
.sld19 = 1.79908
.sld19_M0 = 0
.sld19_mphi = 0
.sld19_mtheta = 0
.sld1_M0 = 0
.sld1_mphi = 0
.sld1_mtheta = 0
.sld2 = 1.92875
.sld20 = 1.69384
.sld20_M0 = 0
.sld20_mphi = 0
.sld20_mtheta = 0
.sld21 = 1.58821
.sld21_M0 = 0
.sld21_mphi = 0
.sld21_mtheta = 0
.sld22 = 1.53488
.sld22_M0 = 0
.sld22_mphi = 0
.sld22_mtheta = 0
.sld23 = 1.57367
.sld23_M0 = 0
.sld23_mphi = 0
.sld23_mtheta = 0
.sld24 = 1.70478
.sld24_M0 = 0
.sld24_mphi = 0
.sld24_mtheta = 0
.sld25 = 1.89463
.sld25_M0 = 0
.sld25_mphi = 0
.sld25_mtheta = 0
.sld26 = 2.10757
.sld26_M0 = 0
.sld26_mphi = 0
.sld26_mtheta = 0
.sld27 = 2.34382
.sld27_M0 = 0
.sld27_mphi = 0
.sld27_mtheta = 0
.sld28 = 2.66022
.sld28_M0 = 0
.sld28_mphi = 0
.sld28_mtheta = 0
.sld29 = 3.13996
.sld29_M0 = 0
.sld29_mphi = 0
.sld29_mtheta = 0
.sld2_M0 = 0
.sld2_mphi = 0
.sld2_mtheta = 0
.sld3 = 1.92875
.sld30 = 3.80863
.sld30_M0 = 0
.sld30_mphi = 0
.sld30_mtheta = 0
.sld31 = 4.57241
.sld31_M0 = 0
.sld31_mphi = 0
.sld31_mtheta = 0
.sld32 = 5.26193
.sld32_M0 = 0
.sld32_mphi = 0
.sld32_mtheta = 0
.sld33 = 5.74901
.sld33_M0 = 0
.sld33_mphi = 0
.sld33_mtheta = 0
.sld34 = 6.01567
.sld34_M0 = 0
.sld34_mphi = 0
.sld34_mtheta = 0
.sld35 = 6.12291
.sld35_M0 = 0
.sld35_mphi = 0
.sld35_mtheta = 0
.sld36 = 6.14042
.sld36_M0 = 0
.sld36_mphi = 0
.sld36_mtheta = 0
.sld37 = 6.1082
.sld37_M0 = 0
.sld37_mphi = 0
.sld37_mtheta = 0
.sld38 = 6.03915
.sld38_M0 = 0
.sld38_mphi = 0
.sld38_mtheta = 0
.sld39 = 5.93715
.sld39_M0 = 0
.sld39_mphi = 0
.sld39_mtheta = 0
.sld3_M0 = 0
.sld3_mphi = 0
.sld3_mtheta = 0
.sld4 = 1.92875
.sld40 = 5.81224
.sld40_M0 = 0
.sld40_mphi = 0
.sld40_mtheta = 0
.sld41 = 5.6868
.sld41_M0 = 0
.sld41_mphi = 0
.sld41_mtheta = 0
.sld42 = 5.59176
.sld42_M0 = 0
.sld42_mphi = 0
.sld42_mtheta = 0
.sld43 = 5.55483
.sld43_M0 = 0
.sld43_mphi = 0
.sld43_mtheta = 0
.sld44 = 5.58763
.sld44_M0 = 0
.sld44_mphi = 0
.sld44_mtheta = 0
.sld45 = 5.67983
.sld45_M0 = 0
.sld45_mphi = 0
.sld45_mtheta = 0
.sld46 = 5.80433
.sld46_M0 = 0
.sld46_mphi = 0
.sld46_mtheta = 0
.sld47 = 5.93004
.sld47_M0 = 0
.sld47_mphi = 0
.sld47_mtheta = 0
.sld48 = 6.03384
.sld48_M0 = 0
.sld48_mphi = 0
.sld48_mtheta = 0
.sld49 = 6.10501
.sld49_M0 = 0
.sld49_mphi = 0
.sld49_mtheta = 0
.sld4_M0 = 0
.sld4_mphi = 0
.sld4_mtheta = 0
.sld5 = 1.92875
.sld50 = 6.13965
.sld50_M0 = 0
.sld50_mphi = 0
.sld50_mtheta = 0
.sld51 = 6.12598
.sld51_M0 = 0
.sld51_mphi = 0
.sld51_mtheta = 0
.sld52 = 6.02597
.sld52_M0 = 0
.sld52_mphi = 0
.sld52_mtheta = 0
.sld53 = 5.77114
.sld53_M0 = 0
.sld53_mphi = 0
.sld53_mtheta = 0
.sld54 = 5.29806
.sld54_M0 = 0
.sld54_mphi = 0
.sld54_mtheta = 0
.sld55 = 4.61818
.sld55_M0 = 0
.sld55_mphi = 0
.sld55_mtheta = 0
.sld56 = 3.85391
.sld56_M0 = 0
.sld56_mphi = 0
.sld56_mtheta = 0
.sld57 = 3.17557
.sld57_M0 = 0
.sld57_mphi = 0
.sld57_mtheta = 0
.sld58 = 2.68404
.sld58_M0 = 0
.sld58_mphi = 0
.sld58_mtheta = 0
.sld59 = 2.36002
.sld59_M0 = 0
.sld59_mphi = 0
.sld59_mtheta = 0
.sld5_M0 = 0
.sld5_mphi = 0
.sld5_mtheta = 0
.sld6 = 1.92875
.sld60 = 2.12107
.sld60_M0 = 0
.sld60_mphi = 0
.sld60_mtheta = 0
.sld61 = 1.9072
.sld61_M0 = 0
.sld61_mphi = 0
.sld61_mtheta = 0
.sld62 = 1.71506
.sld62_M0 = 0
.sld62_mphi = 0
.sld62_mtheta = 0
.sld63 = 1.57913
.sld63_M0 = 0
.sld63_mphi = 0
.sld63_mtheta = 0
.sld64 = 1.53424
.sld64_M0 = 0
.sld64_mphi = 0
.sld64_mtheta = 0
.sld65 = 1.58285
.sld65_M0 = 0
.sld65_mphi = 0
.sld65_mtheta = 0
.sld66 = 1.68702
.sld66_M0 = 0
.sld66_mphi = 0
.sld66_mtheta = 0
.sld67 = 1.79355
.sld67_M0 = 0
.sld67_mphi = 0
.sld67_mtheta = 0
.sld68 = 1.86834
.sld68_M0 = 0
.sld68_mphi = 0
.sld68_mtheta = 0
.sld69 = 1.90725
.sld69_M0 = 0
.sld69_mphi = 0
.sld69_mtheta = 0
.sld6_M0 = 0
.sld6_mphi = 0
.sld6_mtheta = 0
.sld7 = 1.92875
.sld70 = 1.92267
.sld70_M0 = 0
.sld70_mphi = 0
.sld70_mtheta = 0
.sld71 = 1.92739
.sld71_M0 = 0
.sld71_mphi = 0
.sld71_mtheta = 0
.sld72 = 1.92851
.sld72_M0 = 0
.sld72_mphi = 0
.sld72_mtheta = 0
.sld73 = 1.92872
.sld73_M0 = 0
.sld73_mphi = 0
.sld73_mtheta = 0
.sld74 = 1.92875
.sld74_M0 = 0
.sld74_mphi = 0
.sld74_mtheta = 0
.sld75 = 1.92875
.sld75_M0 = 0
.sld75_mphi = 0
.sld75_mtheta = 0
.sld76 = 1.92875
.sld76_M0 = 0
.sld76_mphi = 0
.sld76_mtheta = 0
.sld77 = 1.92875
.sld77_M0 = 0
.sld77_mphi = 0
.sld77_mtheta = 0
.sld78 = 1.92875
.sld78_M0 = 0
.sld78_mphi = 0
.sld78_mtheta = 0
.sld79 = 1.92875
.sld79_M0 = 0
.sld79_mphi = 0
.sld79_mtheta = 0
.sld7_M0 = 0
.sld7_mphi = 0
.sld7_mtheta = 0
.sld8 = 1.92875
.sld80 = 1.92875
.sld80_M0 = 0
.sld80_mphi = 0
.sld80_mtheta = 0
.sld81 = 1.92875
.sld81_M0 = 0
.sld81_mphi = 0
.sld81_mtheta = 0
.sld82 = 1.92875
.sld82_M0 = 0
.sld82_mphi = 0
.sld82_mtheta = 0
.sld83 = 1.92875
.sld83_M0 = 0
.sld83_mphi = 0
.sld83_mtheta = 0
.sld84 = 1.92875
.sld84_M0 = 0
.sld84_mphi = 0
.sld84_mtheta = 0
.sld85 = 1.92875
.sld85_M0 = 0
.sld85_mphi = 0
.sld85_mtheta = 0
.sld86 = 1.92875
.sld86_M0 = 0
.sld86_mphi = 0
.sld86_mtheta = 0
.sld87 = 1.92875
.sld87_M0 = 0
.sld87_mphi = 0
.sld87_mtheta = 0
.sld88 = 1.92875
.sld88_M0 = 0
.sld88_mphi = 0
.sld88_mtheta = 0
.sld89 = 1.92875
.sld89_M0 = 0
.sld89_mphi = 0
.sld89_mtheta = 0
.sld8_M0 = 0
.sld8_mphi = 0
.sld8_mtheta = 0
.sld9 = 1.92875
.sld90 = 1.92875
.sld90_M0 = 0
.sld90_mphi = 0
.sld90_mtheta = 0
.sld91 = 1.92875
.sld91_M0 = 0
.sld91_mphi = 0
.sld91_mtheta = 0
.sld92 = 1.92875
.sld92_M0 = 0
.sld92_mphi = 0
.sld92_mtheta = 0
.sld93 = 1.92875
.sld93_M0 = 0
.sld93_mphi = 0
.sld93_mtheta = 0
.sld94 = 1.92875
.sld94_M0 = 0
.sld94_mphi = 0
.sld94_mtheta = 0
.sld95 = 1.92875
.sld95_M0 = 0
.sld95_mphi = 0
.sld95_mtheta = 0
.sld96 = 1.92875
.sld96_M0 = 0
.sld96_mphi = 0
.sld96_mtheta = 0
.sld97 = 1.92875
.sld97_M0 = 0
.sld97_mphi = 0
.sld97_mtheta = 0
.sld98 = 1.92875
.sld98_M0 = 0
.sld98_mphi = 0
.sld98_mtheta = 0
.sld99 = 1.92875
.sld99_M0 = 0
.sld99_mphi = 0
.sld99_mtheta = 0
.sld9_M0 = 0
.sld9_mphi = 0
.sld9_mtheta = 0
.sld_core = sld_solvent1 = 1.92875 in [1,3]
.sld_core_M0 = 0
.sld_core_mphi = 0
.sld_core_mtheta = 0
.sld_solvent = sld_solvent1 = 1.92875 in [1,3]
.sld_solvent_M0 = 0
.sld_solvent_mphi = 0
.sld_solvent_mtheta = 0
.structure_factor_mode = 0
.thickness1 = 1
.thickness10 = 1
.thickness100 = 1
.thickness100_pd = 0
.thickness100_pd_n = 35
.thickness100_pd_nsigma = 3
.thickness10_pd = 0
.thickness10_pd_n = 35
.thickness10_pd_nsigma = 3
.thickness11 = 1
.thickness11_pd = 0
.thickness11_pd_n = 35
.thickness11_pd_nsigma = 3
.thickness12 = 1
.thickness12_pd = 0
.thickness12_pd_n = 35
.thickness12_pd_nsigma = 3
.thickness13 = 1
.thickness13_pd = 0
.thickness13_pd_n = 35
.thickness13_pd_nsigma = 3
.thickness14 = 1
.thickness14_pd = 0
.thickness14_pd_n = 35
.thickness14_pd_nsigma = 3
.thickness15 = 1
.thickness15_pd = 0
.thickness15_pd_n = 35
.thickness15_pd_nsigma = 3
.thickness16 = 1
.thickness16_pd = 0
.thickness16_pd_n = 35
.thickness16_pd_nsigma = 3
.thickness17 = 1
.thickness17_pd = 0
.thickness17_pd_n = 35
.thickness17_pd_nsigma = 3
.thickness18 = 1
.thickness18_pd = 0
.thickness18_pd_n = 35
.thickness18_pd_nsigma = 3
.thickness19 = 1
.thickness19_pd = 0
.thickness19_pd_n = 35
.thickness19_pd_nsigma = 3
.thickness1_pd = 0
.thickness1_pd_n = 35
.thickness1_pd_nsigma = 3
.thickness2 = 1
.thickness20 = 1
.thickness20_pd = 0
.thickness20_pd_n = 35
.thickness20_pd_nsigma = 3
.thickness21 = 1
.thickness21_pd = 0
.thickness21_pd_n = 35
.thickness21_pd_nsigma = 3
.thickness22 = 1
.thickness22_pd = 0
.thickness22_pd_n = 35
.thickness22_pd_nsigma = 3
.thickness23 = 1
.thickness23_pd = 0
.thickness23_pd_n = 35
.thickness23_pd_nsigma = 3
.thickness24 = 1
.thickness24_pd = 0
.thickness24_pd_n = 35
.thickness24_pd_nsigma = 3
.thickness25 = 1
.thickness25_pd = 0
.thickness25_pd_n = 35
.thickness25_pd_nsigma = 3
.thickness26 = 1
.thickness26_pd = 0
.thickness26_pd_n = 35
.thickness26_pd_nsigma = 3
.thickness27 = 1
.thickness27_pd = 0
.thickness27_pd_n = 35
.thickness27_pd_nsigma = 3
.thickness28 = 1
.thickness28_pd = 0
.thickness28_pd_n = 35
.thickness28_pd_nsigma = 3
.thickness29 = 1
.thickness29_pd = 0
.thickness29_pd_n = 35
.thickness29_pd_nsigma = 3
.thickness2_pd = 0
.thickness2_pd_n = 35
.thickness2_pd_nsigma = 3
.thickness3 = 1
.thickness30 = 1
.thickness30_pd = 0
.thickness30_pd_n = 35
.thickness30_pd_nsigma = 3
.thickness31 = 1
.thickness31_pd = 0
.thickness31_pd_n = 35
.thickness31_pd_nsigma = 3
.thickness32 = 1
.thickness32_pd = 0
.thickness32_pd_n = 35
.thickness32_pd_nsigma = 3
.thickness33 = 1
.thickness33_pd = 0
.thickness33_pd_n = 35
.thickness33_pd_nsigma = 3
.thickness34 = 1
.thickness34_pd = 0
.thickness34_pd_n = 35
.thickness34_pd_nsigma = 3
.thickness35 = 1
.thickness35_pd = 0
.thickness35_pd_n = 35
.thickness35_pd_nsigma = 3
.thickness36 = 1
.thickness36_pd = 0
.thickness36_pd_n = 35
.thickness36_pd_nsigma = 3
.thickness37 = 1
.thickness37_pd = 0
.thickness37_pd_n = 35
.thickness37_pd_nsigma = 3
.thickness38 = 1
.thickness38_pd = 0
.thickness38_pd_n = 35
.thickness38_pd_nsigma = 3
.thickness39 = 1
.thickness39_pd = 0
.thickness39_pd_n = 35
.thickness39_pd_nsigma = 3
.thickness3_pd = 0
.thickness3_pd_n = 35
.thickness3_pd_nsigma = 3
.thickness4 = 1
.thickness40 = 1
.thickness40_pd = 0
.thickness40_pd_n = 35
.thickness40_pd_nsigma = 3
.thickness41 = 1
.thickness41_pd = 0
.thickness41_pd_n = 35
.thickness41_pd_nsigma = 3
.thickness42 = 1
.thickness42_pd = 0
.thickness42_pd_n = 35
.thickness42_pd_nsigma = 3
.thickness43 = 1
.thickness43_pd = 0
.thickness43_pd_n = 35
.thickness43_pd_nsigma = 3
.thickness44 = 1
.thickness44_pd = 0
.thickness44_pd_n = 35
.thickness44_pd_nsigma = 3
.thickness45 = 1
.thickness45_pd = 0
.thickness45_pd_n = 35
.thickness45_pd_nsigma = 3
.thickness46 = 1
.thickness46_pd = 0
.thickness46_pd_n = 35
.thickness46_pd_nsigma = 3
.thickness47 = 1
.thickness47_pd = 0
.thickness47_pd_n = 35
.thickness47_pd_nsigma = 3
.thickness48 = 1
.thickness48_pd = 0
.thickness48_pd_n = 35
.thickness48_pd_nsigma = 3
.thickness49 = 1
.thickness49_pd = 0
.thickness49_pd_n = 35
.thickness49_pd_nsigma = 3
.thickness4_pd = 0
.thickness4_pd_n = 35
.thickness4_pd_nsigma = 3
.thickness5 = 1
.thickness50 = 1
.thickness50_pd = 0
.thickness50_pd_n = 35
.thickness50_pd_nsigma = 3
.thickness51 = 1
.thickness51_pd = 0
.thickness51_pd_n = 35
.thickness51_pd_nsigma = 3
.thickness52 = 1
.thickness52_pd = 0
.thickness52_pd_n = 35
.thickness52_pd_nsigma = 3
.thickness53 = 1
.thickness53_pd = 0
.thickness53_pd_n = 35
.thickness53_pd_nsigma = 3
.thickness54 = 1
.thickness54_pd = 0
.thickness54_pd_n = 35
.thickness54_pd_nsigma = 3
.thickness55 = 1
.thickness55_pd = 0
.thickness55_pd_n = 35
.thickness55_pd_nsigma = 3
.thickness56 = 1
.thickness56_pd = 0
.thickness56_pd_n = 35
.thickness56_pd_nsigma = 3
.thickness57 = 1
.thickness57_pd = 0
.thickness57_pd_n = 35
.thickness57_pd_nsigma = 3
.thickness58 = 1
.thickness58_pd = 0
.thickness58_pd_n = 35
.thickness58_pd_nsigma = 3
.thickness59 = 1
.thickness59_pd = 0
.thickness59_pd_n = 35
.thickness59_pd_nsigma = 3
.thickness5_pd = 0
.thickness5_pd_n = 35
.thickness5_pd_nsigma = 3
.thickness6 = 1
.thickness60 = 1
.thickness60_pd = 0
.thickness60_pd_n = 35
.thickness60_pd_nsigma = 3
.thickness61 = 1
.thickness61_pd = 0
.thickness61_pd_n = 35
.thickness61_pd_nsigma = 3
.thickness62 = 1
.thickness62_pd = 0
.thickness62_pd_n = 35
.thickness62_pd_nsigma = 3
.thickness63 = 1
.thickness63_pd = 0
.thickness63_pd_n = 35
.thickness63_pd_nsigma = 3
.thickness64 = 1
.thickness64_pd = 0
.thickness64_pd_n = 35
.thickness64_pd_nsigma = 3
.thickness65 = 1
.thickness65_pd = 0
.thickness65_pd_n = 35
.thickness65_pd_nsigma = 3
.thickness66 = 1
.thickness66_pd = 0
.thickness66_pd_n = 35
.thickness66_pd_nsigma = 3
.thickness67 = 1
.thickness67_pd = 0
.thickness67_pd_n = 35
.thickness67_pd_nsigma = 3
.thickness68 = 1
.thickness68_pd = 0
.thickness68_pd_n = 35
.thickness68_pd_nsigma = 3
.thickness69 = 1
.thickness69_pd = 0
.thickness69_pd_n = 35
.thickness69_pd_nsigma = 3
.thickness6_pd = 0
.thickness6_pd_n = 35
.thickness6_pd_nsigma = 3
.thickness7 = 1
.thickness70 = 1
.thickness70_pd = 0
.thickness70_pd_n = 35
.thickness70_pd_nsigma = 3
.thickness71 = 1
.thickness71_pd = 0
.thickness71_pd_n = 35
.thickness71_pd_nsigma = 3
.thickness72 = 1
.thickness72_pd = 0
.thickness72_pd_n = 35
.thickness72_pd_nsigma = 3
.thickness73 = 1
.thickness73_pd = 0
.thickness73_pd_n = 35
.thickness73_pd_nsigma = 3
.thickness74 = 1
.thickness74_pd = 0
.thickness74_pd_n = 35
.thickness74_pd_nsigma = 3
.thickness75 = 1
.thickness75_pd = 0
.thickness75_pd_n = 35
.thickness75_pd_nsigma = 3
.thickness76 = 1
.thickness76_pd = 0
.thickness76_pd_n = 35
.thickness76_pd_nsigma = 3
.thickness77 = 1
.thickness77_pd = 0
.thickness77_pd_n = 35
.thickness77_pd_nsigma = 3
.thickness78 = 1
.thickness78_pd = 0
.thickness78_pd_n = 35
.thickness78_pd_nsigma = 3
.thickness79 = 1
.thickness79_pd = 0
.thickness79_pd_n = 35
.thickness79_pd_nsigma = 3
.thickness7_pd = 0
.thickness7_pd_n = 35
.thickness7_pd_nsigma = 3
.thickness8 = 1
.thickness80 = 1
.thickness80_pd = 0
.thickness80_pd_n = 35
.thickness80_pd_nsigma = 3
.thickness81 = 1
.thickness81_pd = 0
.thickness81_pd_n = 35
.thickness81_pd_nsigma = 3
.thickness82 = 1
.thickness82_pd = 0
.thickness82_pd_n = 35
.thickness82_pd_nsigma = 3
.thickness83 = 1
.thickness83_pd = 0
.thickness83_pd_n = 35
.thickness83_pd_nsigma = 3
.thickness84 = 1
.thickness84_pd = 0
.thickness84_pd_n = 35
.thickness84_pd_nsigma = 3
.thickness85 = 1
.thickness85_pd = 0
.thickness85_pd_n = 35
.thickness85_pd_nsigma = 3
.thickness86 = 1
.thickness86_pd = 0
.thickness86_pd_n = 35
.thickness86_pd_nsigma = 3
.thickness87 = 1
.thickness87_pd = 0
.thickness87_pd_n = 35
.thickness87_pd_nsigma = 3
.thickness88 = 1
.thickness88_pd = 0
.thickness88_pd_n = 35
.thickness88_pd_nsigma = 3
.thickness89 = 1
.thickness89_pd = 0
.thickness89_pd_n = 35
.thickness89_pd_nsigma = 3
.thickness8_pd = 0
.thickness8_pd_n = 35
.thickness8_pd_nsigma = 3
.thickness9 = 1
.thickness90 = 1
.thickness90_pd = 0
.thickness90_pd_n = 35
.thickness90_pd_nsigma = 3
.thickness91 = 1
.thickness91_pd = 0
.thickness91_pd_n = 35
.thickness91_pd_nsigma = 3
.thickness92 = 1
.thickness92_pd = 0
.thickness92_pd_n = 35
.thickness92_pd_nsigma = 3
.thickness93 = 1
.thickness93_pd = 0
.thickness93_pd_n = 35
.thickness93_pd_nsigma = 3
.thickness94 = 1
.thickness94_pd = 0
.thickness94_pd_n = 35
.thickness94_pd_nsigma = 3
.thickness95 = 1
.thickness95_pd = 0
.thickness95_pd_n = 35
.thickness95_pd_nsigma = 3
.thickness96 = 1
.thickness96_pd = 0
.thickness96_pd_n = 35
.thickness96_pd_nsigma = 3
.thickness97 = 1
.thickness97_pd = 0
.thickness97_pd_n = 35
.thickness97_pd_nsigma = 3
.thickness98 = 1
.thickness98_pd = 0
.thickness98_pd_n = 35
.thickness98_pd_nsigma = 3
.thickness99 = 1
.thickness99_pd = 0
.thickness99_pd_n = 35
.thickness99_pd_nsigma = 3
.thickness9_pd = 0
.thickness9_pd_n = 35
.thickness9_pd_nsigma = 3
.up_angle = 0
.up_frac_f = 0
.up_frac_i = 0
.up_phi = 0
.volfraction = vf0 = 0.0999955 in [0.01,0.1]

[chisq=10.637(21), nllf=1196.61]
-- Model 3 sim2.dat
.background = background2 = 1.09392 in [0.01,2]
.n = 100
.radius = 500
.radius_effective = radius = 500
.radius_effective_mode = 1
.radius_pd = 0.33
.radius_pd_n = 35
.radius_pd_nsigma = 3
.scale = scale0 = 1.43798 in [0.01,15]
.sld1 = -0.540368
.sld10 = -0.540368
.sld100 = -0.540368
.sld100_M0 = 0
.sld100_mphi = 0
.sld100_mtheta = 0
.sld10_M0 = 0
.sld10_mphi = 0
.sld10_mtheta = 0
.sld11 = -0.540368
.sld11_M0 = 0
.sld11_mphi = 0
.sld11_mtheta = 0
.sld12 = -0.540368
.sld12_M0 = 0
.sld12_mphi = 0
.sld12_mtheta = 0
.sld13 = -0.540367
.sld13_M0 = 0
.sld13_mphi = 0
.sld13_mtheta = 0
.sld14 = -0.540361
.sld14_M0 = 0
.sld14_mphi = 0
.sld14_mtheta = 0
.sld15 = -0.540314
.sld15_M0 = 0
.sld15_mphi = 0
.sld15_mtheta = 0
.sld16 = -0.540023
.sld16_M0 = 0
.sld16_mphi = 0
.sld16_mtheta = 0
.sld17 = -0.538527
.sld17_M0 = 0
.sld17_mphi = 0
.sld17_mtheta = 0
.sld18 = -0.532289
.sld18_M0 = 0
.sld18_mphi = 0
.sld18_mtheta = 0
.sld19 = -0.511417
.sld19_M0 = 0
.sld19_mphi = 0
.sld19_mtheta = 0
.sld1_M0 = 0
.sld1_mphi = 0
.sld1_mtheta = 0
.sld2 = -0.540368
.sld20 = -0.455735
.sld20_M0 = 0
.sld20_mphi = 0
.sld20_mtheta = 0
.sld21 = -0.337377
.sld21_M0 = 0
.sld21_mphi = 0
.sld21_mtheta = 0
.sld22 = -0.135942
.sld22_M0 = 0
.sld22_mphi = 0
.sld22_mtheta = 0
.sld23 = 0.14188
.sld23_M0 = 0
.sld23_mphi = 0
.sld23_mtheta = 0
.sld24 = 0.458918
.sld24_M0 = 0
.sld24_mphi = 0
.sld24_mtheta = 0
.sld25 = 0.768769
.sld25_M0 = 0
.sld25_mphi = 0
.sld25_mtheta = 0
.sld26 = 1.04858
.sld26_M0 = 0
.sld26_mphi = 0
.sld26_mtheta = 0
.sld27 = 1.32956
.sld27_M0 = 0
.sld27_mphi = 0
.sld27_mtheta = 0
.sld28 = 1.70837
.sld28_M0 = 0
.sld28_mphi = 0
.sld28_mtheta = 0
.sld29 = 2.30298
.sld29_M0 = 0
.sld29_mphi = 0
.sld29_mtheta = 0
.sld2_M0 = 0
.sld2_mphi = 0
.sld2_mtheta = 0
.sld3 = -0.540368
.sld30 = 3.148
.sld30_M0 = 0
.sld30_mphi = 0
.sld30_mtheta = 0
.sld31 = 4.12094
.sld31_M0 = 0
.sld31_mphi = 0
.sld31_mtheta = 0
.sld32 = 5.00203
.sld32_M0 = 0
.sld32_mphi = 0
.sld32_mtheta = 0
.sld33 = 5.62543
.sld33_M0 = 0
.sld33_mphi = 0
.sld33_mtheta = 0
.sld34 = 5.9678
.sld34_M0 = 0
.sld34_mphi = 0
.sld34_mtheta = 0
.sld35 = 6.10796
.sld35_M0 = 0
.sld35_mphi = 0
.sld35_mtheta = 0
.sld36 = 6.13667
.sld36_M0 = 0
.sld36_mphi = 0
.sld36_mtheta = 0
.sld37 = 6.10745
.sld37_M0 = 0
.sld37_mphi = 0
.sld37_mtheta = 0
.sld38 = 6.03903
.sld38_M0 = 0
.sld38_mphi = 0
.sld38_mtheta = 0
.sld39 = 5.93713
.sld39_M0 = 0
.sld39_mphi = 0
.sld39_mtheta = 0
.sld3_M0 = 0
.sld3_mphi = 0
.sld3_mtheta = 0
.sld4 = -0.540368
.sld40 = 5.81224
.sld40_M0 = 0
.sld40_mphi = 0
.sld40_mtheta = 0
.sld41 = 5.6868
.sld41_M0 = 0
.sld41_mphi = 0
.sld41_mtheta = 0
.sld42 = 5.59176
.sld42_M0 = 0
.sld42_mphi = 0
.sld42_mtheta = 0
.sld43 = 5.55483
.sld43_M0 = 0
.sld43_mphi = 0
.sld43_mtheta = 0
.sld44 = 5.58763
.sld44_M0 = 0
.sld44_mphi = 0
.sld44_mtheta = 0
.sld45 = 5.67983
.sld45_M0 = 0
.sld45_mphi = 0
.sld45_mtheta = 0
.sld46 = 5.80433
.sld46_M0 = 0
.sld46_mphi = 0
.sld46_mtheta = 0
.sld47 = 5.93003
.sld47_M0 = 0
.sld47_mphi = 0
.sld47_mtheta = 0
.sld48 = 6.03373
.sld48_M0 = 0
.sld48_mphi = 0
.sld48_mtheta = 0
.sld49 = 6.10434
.sld49_M0 = 0
.sld49_mphi = 0
.sld49_mtheta = 0
.sld4_M0 = 0
.sld4_mphi = 0
.sld4_mtheta = 0
.sld5 = -0.540368
.sld50 = 6.13626
.sld50_M0 = 0
.sld50_mphi = 0
.sld50_mtheta = 0
.sld51 = 6.11218
.sld51_M0 = 0
.sld51_mphi = 0
.sld51_mtheta = 0
.sld52 = 5.98112
.sld52_M0 = 0
.sld52_mphi = 0
.sld52_mtheta = 0
.sld53 = 5.65373
.sld53_M0 = 0
.sld53_mphi = 0
.sld53_mtheta = 0
.sld54 = 5.0481
.sld54_M0 = 0
.sld54_mphi = 0
.sld54_mtheta = 0
.sld55 = 4.17928
.sld55_M0 = 0
.sld55_mphi = 0
.sld55_mtheta = 0
.sld56 = 3.20559
.sld56_M0 = 0
.sld56_mphi = 0
.sld56_mtheta = 0
.sld57 = 2.34779
.sld57_M0 = 0
.sld57_mphi = 0
.sld57_mtheta = 0
.sld58 = 1.7375
.sld58_M0 = 0
.sld58_mphi = 0
.sld58_mtheta = 0
.sld59 = 1.34862
.sld59_M0 = 0
.sld59_mphi = 0
.sld59_mtheta = 0
.sld5_M0 = 0
.sld5_mphi = 0
.sld5_mtheta = 0
.sld6 = -0.540368
.sld60 = 1.065
.sld60_M0 = 0
.sld60_mphi = 0
.sld60_mtheta = 0
.sld61 = 0.786677
.sld61_M0 = 0
.sld61_mphi = 0
.sld61_mtheta = 0
.sld62 = 0.478419
.sld62_M0 = 0
.sld62_mphi = 0
.sld62_mtheta = 0
.sld63 = 0.16051
.sld63_M0 = 0
.sld63_mphi = 0
.sld63_mtheta = 0
.sld64 = -0.121083
.sld64_M0 = 0
.sld64_mphi = 0
.sld64_mtheta = 0
.sld65 = -0.327695
.sld65_M0 = 0
.sld65_mphi = 0
.sld65_mtheta = 0
.sld66 = -0.450632
.sld66_M0 = 0
.sld66_mphi = 0
.sld66_mtheta = 0
.sld67 = -0.509252
.sld67_M0 = 0
.sld67_mphi = 0
.sld67_mtheta = 0
.sld68 = -0.531551
.sld68_M0 = 0
.sld68_mphi = 0
.sld68_mtheta = 0
.sld69 = -0.538326
.sld69_M0 = 0
.sld69_mphi = 0
.sld69_mtheta = 0
.sld6_M0 = 0
.sld6_mphi = 0
.sld6_mtheta = 0
.sld7 = -0.540368
.sld70 = -0.539979
.sld70_M0 = 0
.sld70_mphi = 0
.sld70_mtheta = 0
.sld71 = -0.540306
.sld71_M0 = 0
.sld71_mphi = 0
.sld71_mtheta = 0
.sld72 = -0.54036
.sld72_M0 = 0
.sld72_mphi = 0
.sld72_mtheta = 0
.sld73 = -0.540367
.sld73_M0 = 0
.sld73_mphi = 0
.sld73_mtheta = 0
.sld74 = -0.540368
.sld74_M0 = 0
.sld74_mphi = 0
.sld74_mtheta = 0
.sld75 = -0.540368
.sld75_M0 = 0
.sld75_mphi = 0
.sld75_mtheta = 0
.sld76 = -0.540368
.sld76_M0 = 0
.sld76_mphi = 0
.sld76_mtheta = 0
.sld77 = -0.540368
.sld77_M0 = 0
.sld77_mphi = 0
.sld77_mtheta = 0
.sld78 = -0.540368
.sld78_M0 = 0
.sld78_mphi = 0
.sld78_mtheta = 0
.sld79 = -0.540368
.sld79_M0 = 0
.sld79_mphi = 0
.sld79_mtheta = 0
.sld7_M0 = 0
.sld7_mphi = 0
.sld7_mtheta = 0
.sld8 = -0.540368
.sld80 = -0.540368
.sld80_M0 = 0
.sld80_mphi = 0
.sld80_mtheta = 0
.sld81 = -0.540368
.sld81_M0 = 0
.sld81_mphi = 0
.sld81_mtheta = 0
.sld82 = -0.540368
.sld82_M0 = 0
.sld82_mphi = 0
.sld82_mtheta = 0
.sld83 = -0.540368
.sld83_M0 = 0
.sld83_mphi = 0
.sld83_mtheta = 0
.sld84 = -0.540368
.sld84_M0 = 0
.sld84_mphi = 0
.sld84_mtheta = 0
.sld85 = -0.540368
.sld85_M0 = 0
.sld85_mphi = 0
.sld85_mtheta = 0
.sld86 = -0.540368
.sld86_M0 = 0
.sld86_mphi = 0
.sld86_mtheta = 0
.sld87 = -0.540368
.sld87_M0 = 0
.sld87_mphi = 0
.sld87_mtheta = 0
.sld88 = -0.540368
.sld88_M0 = 0
.sld88_mphi = 0
.sld88_mtheta = 0
.sld89 = -0.540368
.sld89_M0 = 0
.sld89_mphi = 0
.sld89_mtheta = 0
.sld8_M0 = 0
.sld8_mphi = 0
.sld8_mtheta = 0
.sld9 = -0.540368
.sld90 = -0.540368
.sld90_M0 = 0
.sld90_mphi = 0
.sld90_mtheta = 0
.sld91 = -0.540368
.sld91_M0 = 0
.sld91_mphi = 0
.sld91_mtheta = 0
.sld92 = -0.540368
.sld92_M0 = 0
.sld92_mphi = 0
.sld92_mtheta = 0
.sld93 = -0.540368
.sld93_M0 = 0
.sld93_mphi = 0
.sld93_mtheta = 0
.sld94 = -0.540368
.sld94_M0 = 0
.sld94_mphi = 0
.sld94_mtheta = 0
.sld95 = -0.540368
.sld95_M0 = 0
.sld95_mphi = 0
.sld95_mtheta = 0
.sld96 = -0.540368
.sld96_M0 = 0
.sld96_mphi = 0
.sld96_mtheta = 0
.sld97 = -0.540368
.sld97_M0 = 0
.sld97_mphi = 0
.sld97_mtheta = 0
.sld98 = -0.540368
.sld98_M0 = 0
.sld98_mphi = 0
.sld98_mtheta = 0
.sld99 = -0.540368
.sld99_M0 = 0
.sld99_mphi = 0
.sld99_mtheta = 0
.sld9_M0 = 0
.sld9_mphi = 0
.sld9_mtheta = 0
.sld_core = sld_solvent2 = -0.540368 in [-0.56,-0.54]
.sld_core_M0 = 0
.sld_core_mphi = 0
.sld_core_mtheta = 0
.sld_solvent = sld_solvent2 = -0.540368 in [-0.56,-0.54]
.sld_solvent_M0 = 0
.sld_solvent_mphi = 0
.sld_solvent_mtheta = 0
.structure_factor_mode = 0
.thickness1 = 1
.thickness10 = 1
.thickness100 = 1
.thickness100_pd = 0
.thickness100_pd_n = 35
.thickness100_pd_nsigma = 3
.thickness10_pd = 0
.thickness10_pd_n = 35
.thickness10_pd_nsigma = 3
.thickness11 = 1
.thickness11_pd = 0
.thickness11_pd_n = 35
.thickness11_pd_nsigma = 3
.thickness12 = 1
.thickness12_pd = 0
.thickness12_pd_n = 35
.thickness12_pd_nsigma = 3
.thickness13 = 1
.thickness13_pd = 0
.thickness13_pd_n = 35
.thickness13_pd_nsigma = 3
.thickness14 = 1
.thickness14_pd = 0
.thickness14_pd_n = 35
.thickness14_pd_nsigma = 3
.thickness15 = 1
.thickness15_pd = 0
.thickness15_pd_n = 35
.thickness15_pd_nsigma = 3
.thickness16 = 1
.thickness16_pd = 0
.thickness16_pd_n = 35
.thickness16_pd_nsigma = 3
.thickness17 = 1
.thickness17_pd = 0
.thickness17_pd_n = 35
.thickness17_pd_nsigma = 3
.thickness18 = 1
.thickness18_pd = 0
.thickness18_pd_n = 35
.thickness18_pd_nsigma = 3
.thickness19 = 1
.thickness19_pd = 0
.thickness19_pd_n = 35
.thickness19_pd_nsigma = 3
.thickness1_pd = 0
.thickness1_pd_n = 35
.thickness1_pd_nsigma = 3
.thickness2 = 1
.thickness20 = 1
.thickness20_pd = 0
.thickness20_pd_n = 35
.thickness20_pd_nsigma = 3
.thickness21 = 1
.thickness21_pd = 0
.thickness21_pd_n = 35
.thickness21_pd_nsigma = 3
.thickness22 = 1
.thickness22_pd = 0
.thickness22_pd_n = 35
.thickness22_pd_nsigma = 3
.thickness23 = 1
.thickness23_pd = 0
.thickness23_pd_n = 35
.thickness23_pd_nsigma = 3
.thickness24 = 1
.thickness24_pd = 0
.thickness24_pd_n = 35
.thickness24_pd_nsigma = 3
.thickness25 = 1
.thickness25_pd = 0
.thickness25_pd_n = 35
.thickness25_pd_nsigma = 3
.thickness26 = 1
.thickness26_pd = 0
.thickness26_pd_n = 35
.thickness26_pd_nsigma = 3
.thickness27 = 1
.thickness27_pd = 0
.thickness27_pd_n = 35
.thickness27_pd_nsigma = 3
.thickness28 = 1
.thickness28_pd = 0
.thickness28_pd_n = 35
.thickness28_pd_nsigma = 3
.thickness29 = 1
.thickness29_pd = 0
.thickness29_pd_n = 35
.thickness29_pd_nsigma = 3
.thickness2_pd = 0
.thickness2_pd_n = 35
.thickness2_pd_nsigma = 3
.thickness3 = 1
.thickness30 = 1
.thickness30_pd = 0
.thickness30_pd_n = 35
.thickness30_pd_nsigma = 3
.thickness31 = 1
.thickness31_pd = 0
.thickness31_pd_n = 35
.thickness31_pd_nsigma = 3
.thickness32 = 1
.thickness32_pd = 0
.thickness32_pd_n = 35
.thickness32_pd_nsigma = 3
.thickness33 = 1
.thickness33_pd = 0
.thickness33_pd_n = 35
.thickness33_pd_nsigma = 3
.thickness34 = 1
.thickness34_pd = 0
.thickness34_pd_n = 35
.thickness34_pd_nsigma = 3
.thickness35 = 1
.thickness35_pd = 0
.thickness35_pd_n = 35
.thickness35_pd_nsigma = 3
.thickness36 = 1
.thickness36_pd = 0
.thickness36_pd_n = 35
.thickness36_pd_nsigma = 3
.thickness37 = 1
.thickness37_pd = 0
.thickness37_pd_n = 35
.thickness37_pd_nsigma = 3
.thickness38 = 1
.thickness38_pd = 0
.thickness38_pd_n = 35
.thickness38_pd_nsigma = 3
.thickness39 = 1
.thickness39_pd = 0
.thickness39_pd_n = 35
.thickness39_pd_nsigma = 3
.thickness3_pd = 0
.thickness3_pd_n = 35
.thickness3_pd_nsigma = 3
.thickness4 = 1
.thickness40 = 1
.thickness40_pd = 0
.thickness40_pd_n = 35
.thickness40_pd_nsigma = 3
.thickness41 = 1
.thickness41_pd = 0
.thickness41_pd_n = 35
.thickness41_pd_nsigma = 3
.thickness42 = 1
.thickness42_pd = 0
.thickness42_pd_n = 35
.thickness42_pd_nsigma = 3
.thickness43 = 1
.thickness43_pd = 0
.thickness43_pd_n = 35
.thickness43_pd_nsigma = 3
.thickness44 = 1
.thickness44_pd = 0
.thickness44_pd_n = 35
.thickness44_pd_nsigma = 3
.thickness45 = 1
.thickness45_pd = 0
.thickness45_pd_n = 35
.thickness45_pd_nsigma = 3
.thickness46 = 1
.thickness46_pd = 0
.thickness46_pd_n = 35
.thickness46_pd_nsigma = 3
.thickness47 = 1
.thickness47_pd = 0
.thickness47_pd_n = 35
.thickness47_pd_nsigma = 3
.thickness48 = 1
.thickness48_pd = 0
.thickness48_pd_n = 35
.thickness48_pd_nsigma = 3
.thickness49 = 1
.thickness49_pd = 0
.thickness49_pd_n = 35
.thickness49_pd_nsigma = 3
.thickness4_pd = 0
.thickness4_pd_n = 35
.thickness4_pd_nsigma = 3
.thickness5 = 1
.thickness50 = 1
.thickness50_pd = 0
.thickness50_pd_n = 35
.thickness50_pd_nsigma = 3
.thickness51 = 1
.thickness51_pd = 0
.thickness51_pd_n = 35
.thickness51_pd_nsigma = 3
.thickness52 = 1
.thickness52_pd = 0
.thickness52_pd_n = 35
.thickness52_pd_nsigma = 3
.thickness53 = 1
.thickness53_pd = 0
.thickness53_pd_n = 35
.thickness53_pd_nsigma = 3
.thickness54 = 1
.thickness54_pd = 0
.thickness54_pd_n = 35
.thickness54_pd_nsigma = 3
.thickness55 = 1
.thickness55_pd = 0
.thickness55_pd_n = 35
.thickness55_pd_nsigma = 3
.thickness56 = 1
.thickness56_pd = 0
.thickness56_pd_n = 35
.thickness56_pd_nsigma = 3
.thickness57 = 1
.thickness57_pd = 0
.thickness57_pd_n = 35
.thickness57_pd_nsigma = 3
.thickness58 = 1
.thickness58_pd = 0
.thickness58_pd_n = 35
.thickness58_pd_nsigma = 3
.thickness59 = 1
.thickness59_pd = 0
.thickness59_pd_n = 35
.thickness59_pd_nsigma = 3
.thickness5_pd = 0
.thickness5_pd_n = 35
.thickness5_pd_nsigma = 3
.thickness6 = 1
.thickness60 = 1
.thickness60_pd = 0
.thickness60_pd_n = 35
.thickness60_pd_nsigma = 3
.thickness61 = 1
.thickness61_pd = 0
.thickness61_pd_n = 35
.thickness61_pd_nsigma = 3
.thickness62 = 1
.thickness62_pd = 0
.thickness62_pd_n = 35
.thickness62_pd_nsigma = 3
.thickness63 = 1
.thickness63_pd = 0
.thickness63_pd_n = 35
.thickness63_pd_nsigma = 3
.thickness64 = 1
.thickness64_pd = 0
.thickness64_pd_n = 35
.thickness64_pd_nsigma = 3
.thickness65 = 1
.thickness65_pd = 0
.thickness65_pd_n = 35
.thickness65_pd_nsigma = 3
.thickness66 = 1
.thickness66_pd = 0
.thickness66_pd_n = 35
.thickness66_pd_nsigma = 3
.thickness67 = 1
.thickness67_pd = 0
.thickness67_pd_n = 35
.thickness67_pd_nsigma = 3
.thickness68 = 1
.thickness68_pd = 0
.thickness68_pd_n = 35
.thickness68_pd_nsigma = 3
.thickness69 = 1
.thickness69_pd = 0
.thickness69_pd_n = 35
.thickness69_pd_nsigma = 3
.thickness6_pd = 0
.thickness6_pd_n = 35
.thickness6_pd_nsigma = 3
.thickness7 = 1
.thickness70 = 1
.thickness70_pd = 0
.thickness70_pd_n = 35
.thickness70_pd_nsigma = 3
.thickness71 = 1
.thickness71_pd = 0
.thickness71_pd_n = 35
.thickness71_pd_nsigma = 3
.thickness72 = 1
.thickness72_pd = 0
.thickness72_pd_n = 35
.thickness72_pd_nsigma = 3
.thickness73 = 1
.thickness73_pd = 0
.thickness73_pd_n = 35
.thickness73_pd_nsigma = 3
.thickness74 = 1
.thickness74_pd = 0
.thickness74_pd_n = 35
.thickness74_pd_nsigma = 3
.thickness75 = 1
.thickness75_pd = 0
.thickness75_pd_n = 35
.thickness75_pd_nsigma = 3
.thickness76 = 1
.thickness76_pd = 0
.thickness76_pd_n = 35
.thickness76_pd_nsigma = 3
.thickness77 = 1
.thickness77_pd = 0
.thickness77_pd_n = 35
.thickness77_pd_nsigma = 3
.thickness78 = 1
.thickness78_pd = 0
.thickness78_pd_n = 35
.thickness78_pd_nsigma = 3
.thickness79 = 1
.thickness79_pd = 0
.thickness79_pd_n = 35
.thickness79_pd_nsigma = 3
.thickness7_pd = 0
.thickness7_pd_n = 35
.thickness7_pd_nsigma = 3
.thickness8 = 1
.thickness80 = 1
.thickness80_pd = 0
.thickness80_pd_n = 35
.thickness80_pd_nsigma = 3
.thickness81 = 1
.thickness81_pd = 0
.thickness81_pd_n = 35
.thickness81_pd_nsigma = 3
.thickness82 = 1
.thickness82_pd = 0
.thickness82_pd_n = 35
.thickness82_pd_nsigma = 3
.thickness83 = 1
.thickness83_pd = 0
.thickness83_pd_n = 35
.thickness83_pd_nsigma = 3
.thickness84 = 1
.thickness84_pd = 0
.thickness84_pd_n = 35
.thickness84_pd_nsigma = 3
.thickness85 = 1
.thickness85_pd = 0
.thickness85_pd_n = 35
.thickness85_pd_nsigma = 3
.thickness86 = 1
.thickness86_pd = 0
.thickness86_pd_n = 35
.thickness86_pd_nsigma = 3
.thickness87 = 1
.thickness87_pd = 0
.thickness87_pd_n = 35
.thickness87_pd_nsigma = 3
.thickness88 = 1
.thickness88_pd = 0
.thickness88_pd_n = 35
.thickness88_pd_nsigma = 3
.thickness89 = 1
.thickness89_pd = 0
.thickness89_pd_n = 35
.thickness89_pd_nsigma = 3
.thickness8_pd = 0
.thickness8_pd_n = 35
.thickness8_pd_nsigma = 3
.thickness9 = 1
.thickness90 = 1
.thickness90_pd = 0
.thickness90_pd_n = 35
.thickness90_pd_nsigma = 3
.thickness91 = 1
.thickness91_pd = 0
.thickness91_pd_n = 35
.thickness91_pd_nsigma = 3
.thickness92 = 1
.thickness92_pd = 0
.thickness92_pd_n = 35
.thickness92_pd_nsigma = 3
.thickness93 = 1
.thickness93_pd = 0
.thickness93_pd_n = 35
.thickness93_pd_nsigma = 3
.thickness94 = 1
.thickness94_pd = 0
.thickness94_pd_n = 35
.thickness94_pd_nsigma = 3
.thickness95 = 1
.thickness95_pd = 0
.thickness95_pd_n = 35
.thickness95_pd_nsigma = 3
.thickness96 = 1
.thickness96_pd = 0
.thickness96_pd_n = 35
.thickness96_pd_nsigma = 3
.thickness97 = 1
.thickness97_pd = 0
.thickness97_pd_n = 35
.thickness97_pd_nsigma = 3
.thickness98 = 1
.thickness98_pd = 0
.thickness98_pd_n = 35
.thickness98_pd_nsigma = 3
.thickness99 = 1
.thickness99_pd = 0
.thickness99_pd_n = 35
.thickness99_pd_nsigma = 3
.thickness9_pd = 0
.thickness9_pd_n = 35
.thickness9_pd_nsigma = 3
.up_angle = 0
.up_frac_f = 0
.up_frac_i = 0
.up_phi = 0
.volfraction = vf0 = 0.0999955 in [0.01,0.1]

[chisq=10.348(21), nllf=1174.54]
[overall chisq=9.385(19), nllf=3143.84]
              Parameter       mean  median    best [   68% interval] [   95% interval]
 1            frac_deut 0.88592(49) 0.88599 0.88632 [ 0.8856  0.8864] [ 0.8847  0.8867]
 2              l_lipid 10.855(28)  10.854  10.882 [  10.83   10.88] [  10.80   10.91]
 3                sigma  2.010(11)  2.0068  2.0040 [  2.002   2.017] [  2.000   2.039]
 4          background0 0.06509(12) 0.065094 0.065014 [0.06497 0.06521] [0.06487 0.06532]
 5               scale0 1.4457(71)  1.4456  1.4380 [  1.440   1.452] [  1.430   1.460]
 6         sld_solvent0 6.3980(23) 6.39883 6.39994 [ 6.3963  6.3997] [ 6.3908  6.4000]
 7                  vf0 0.099971(28) 0.099981 0.099996 [0.09995 0.09999] [0.09989 0.10000]
 8          background1 0.67512(34) 0.67512 0.67516 [ 0.6748  0.6755] [ 0.6745  0.6758]
 9         sld_solvent1 1.9267(33)  1.9267  1.9288 [  1.923   1.930] [  1.920   1.933]
10          background2 1.09359(71) 1.09356 1.09392 [ 1.0929  1.0943] [ 1.0923  1.0950]
11         sld_solvent2 -0.5413(12) -0.54088 -0.54037 [-0.5424 -0.5402] [-0.5444 -0.5400]

Statistics and plots based on 10989 samples (100.0% of total samples drawn)
