[0] = Parameter(17.132, name='l_siox', bounds=(10,30))
[1] = Parameter(3.53984, name='rho_siox', bounds=(3.2,3.8))
[2] = Parameter(3.20139, name='l_submembrane', bounds=(1,10))
[3] = Parameter(10.1628, name='l_lipid1', bounds=(10,15))
[4] = Parameter(13.6911, name='l_lipid2', bounds=(10,15))
[5] = Parameter(0.992379, name='vf_bilayer', bounds=(0.9,1))
[6] = Parameter(1.50101, name='rho_solv_0', bounds=(0.96,1.56))
[7] = Parameter(3.39136, name='global_rough', bounds=(2,5))
[8] = Parameter(2.39719, name='sigma', bounds=(2,5))
[9] = Parameter(-8.63983, name='background_0', bounds=(-9,-5))

[chisq=1.12(17), nllf=37.6026]
              Parameter       mean  median    best [   68% interval] [   95% interval]
 1               l_siox   17.1(13)  17.029  17.132 [  15.70   18.43] [  14.76   19.73]
 2             rho_siox   3.58(13)   3.583   3.540 [   3.45    3.73] [   3.36    3.79]
 3        l_submembrane   2.46(69)   2.470   3.201 [   1.71    3.17] [   1.13    3.79]
 4             l_lipid1   12.3(14)  12.278  10.163 [  10.70   13.83] [  10.08   14.76]
 5             l_lipid2   12.2(13)  12.094  13.691 [  10.61   13.67] [  10.07   14.67]
 6           vf_bilayer  0.966(25)  0.9705  0.9924 [  0.938   0.993] [  0.910   0.999]
 7           rho_solv_0  1.502(16)  1.5015  1.5010 [  1.485   1.518] [  1.470   1.535]
 8         global_rough   3.33(73)   3.370   3.391 [   2.45    4.11] [   2.07    4.65]
 9                sigma   2.66(53)   2.541   2.397 [   2.14    3.20] [   2.02    3.91]
10         background_0  -8.14(54)  -8.180  -8.640 [  -8.73   -7.53] [  -8.96   -7.10]
