-- Model 0 ch061
.probe
  .back_absorption = back_absorption ch061 = 1
  .background = background ch061 = 3.41218e-07 in [-1e-07,1e-05]
  .intensity = intensity ch061 = 0.987985 in [0.9,1.05]
  .sample_broadening = sample_broadening ch061 = 0.00131849 in [-0.005,0.02]
  .theta_offset = theta_offset ch061 = -0.00856307 in [-0.015,0.005]
.sample
  .layers
    [0]
      .interface = siox interface = 3.35862 in [2,9]
      .material
        .irho = silicon irho = 0
        .rho = silicon rho = 2.069
      .thickness = silicon thickness = 0
    [1]
      .interface = siox interface = 3.35862 in [2,9]
      .material
        .irho = siox irho = 0
        .rho = siox rho = 3.28037 in [3.1,5.1]
      .thickness = siox thickness = 10.3309 in [5,40]
    [2]
      .interface = tiox interface = 0
      .material
        .irho = tiox irho = 0
        .rho = tiox rho = 2.26992 in [1.163,3.163]
      .thickness = (total tiox thickness - 20.0) = 115.419
    [3]
      .bulknsld = d2o rho = 5.89268 in [5.3,6.5]
      .global_rough = tiox roughness = 3.26578 in [2,9]
      .interface = bilayer interface = 0
      .l_lipid1 = inner acyl chain thickness = 14.3932 in [8,16]
      .l_lipid2 = outer acyl chain thickness = 11.6126 in [8,16]
      .l_submembrane = submembrane thickness = 13.9417 in [0,50]
      .rho_substrate = tiox rho = 2.26992 in [1.163,3.163]
      .sigma = bilayer roughness = 5.26948 in [2,9]
      .thickness = bilayer thickness = 150
      .vf_bilayer = volume fraction bilayer = 0.936254 in [0,1]
    [4]
      .interface = d2o interface = 5
      .material
        .irho = d2o irho = 0
        .rho = d2o rho = 5.89268 in [5.3,6.5]
      .thickness = d2o thickness = 0
  .thickness = stack thickness = 275.75

[chisq=0.83(14), nllf=53.5412]
-- Model 1 ch060
.probe
  .back_absorption = back_absorption ch060 = 1
  .background = background ch060 = 4.12016e-06 in [-1e-07,1e-05]
  .intensity = intensity ch061 = 0.987985 in [0.9,1.05]
  .sample_broadening = sample_broadening ch061 = 0.00131849 in [-0.005,0.02]
  .theta_offset = theta_offset ch061 = -0.00856307 in [-0.015,0.005]
.sample
  .layers
    [0]
      .interface = siox interface = 3.35862 in [2,9]
      .material
        .irho = silicon irho = 0
        .rho = silicon rho = 2.069
      .thickness = silicon thickness = 0
    [1]
      .interface = siox interface = 3.35862 in [2,9]
      .material
        .irho = siox irho = 0
        .rho = siox rho = 3.28037 in [3.1,5.1]
      .thickness = siox thickness = 10.3309 in [5,40]
    [2]
      .interface = tiox interface = 0
      .material
        .irho = tiox irho = 0
        .rho = tiox rho = 2.26992 in [1.163,3.163]
      .thickness = (total tiox thickness - 20.0) = 115.419
    [3]
      .bulknsld = h2o rho = -0.271058 in [-0.6,0.6]
      .global_rough = tiox roughness = 3.26578 in [2,9]
      .interface = bilayer interface = 0
      .l_lipid1 = inner acyl chain thickness = 14.3932 in [8,16]
      .l_lipid2 = outer acyl chain thickness = 11.6126 in [8,16]
      .l_submembrane = submembrane thickness = 13.9417 in [0,50]
      .rho_substrate = tiox rho = 2.26992 in [1.163,3.163]
      .sigma = bilayer roughness = 5.26948 in [2,9]
      .thickness = bilayer thickness = 150
      .vf_bilayer = volume fraction bilayer = 0.936254 in [0,1]
    [4]
      .interface = h2o interface = 5
      .material
        .irho = h2o irho = 0
        .rho = h2o rho = -0.271058 in [-0.6,0.6]
      .thickness = h2o thickness = 0
  .thickness = stack thickness = 275.75

[chisq=1.26(14), nllf=81.357]
[overall chisq=1.124(84), nllf=134.898]
              Parameter       mean  median    best [   68% interval] [   95% interval]
 1     background ch061 0.37(11)e-6 0.000000369 0.000000341 [0.00000026 0.00000048] [0.00000014 0.00000059]
 2      intensity ch061 0.9877(57)  0.9877  0.9880 [  0.982   0.993] [  0.977   0.999]
 3 sample_broadening ch061 1.1(18)e-3 0.00124 0.00132 [-0.0007  0.0029] [-0.0029  0.0043]
 4   theta_offset ch061 -8.1(15)e-3 -0.00813 -0.00856 [-0.0095 -0.0066] [-0.0110 -0.0048]
 5       siox interface   3.18(63)   3.161   3.359 [   2.48    3.84] [   2.12    4.44]
 6             siox rho   3.34(20)   3.296   3.280 [   3.15    3.54] [   3.11    3.81]
 7       siox thickness   10.0(16)  10.077  10.331 [   8.26   11.67] [   6.90   12.51]
 8             tiox rho 2.2684(89)  2.2686  2.2699 [  2.260   2.277] [  2.250   2.286]
 9              d2o rho  5.903(36)   5.902   5.893 [   5.87    5.94] [   5.83    5.98]
10       tiox roughness   3.40(56)   3.427   3.266 [   2.83    3.95] [   2.21    4.45]
11 inner acyl chain thickness  14.41(45)  14.424  14.393 [  13.99   14.83] [  13.50   15.24]
12 outer acyl chain thickness  11.54(54)  11.534  11.613 [  11.03   12.03] [  10.45   12.62]
13 submembrane thickness  13.94(33)  13.927  13.942 [  13.64   14.24] [  13.28   14.62]
14    bilayer roughness   5.27(39)   5.280   5.269 [   4.92    5.63] [   4.45    6.06]
15 volume fraction bilayer  0.938(14)  0.9371  0.9363 [  0.925   0.952] [  0.912   0.971]
16     background ch060 4.07(14)e-6 0.000004067 0.000004120 [0.00000392 0.00000421] [0.00000378 0.00000434]
17              h2o rho -0.297(34)  -0.296  -0.271 [  -0.33   -0.26] [  -0.37   -0.23]
18 total tiox thickness 135.66(86) 135.636 135.419 [ 134.75  136.60] [ 134.15  137.33]

Statistics and plots based on 325980 samples (90.0% of total samples drawn)
