[0] = l_siox = 12.719 in [10,30]
[1] = rho_siox = 3.71845 in [3.2,3.8]
[2] = l_submembrane = 1.40169 in [1,10]
[3] = l_lipid1 = 14.6611 in [10,15]
[4] = l_lipid2 = 14.974 in [10,15]
[5] = vf_bilayer = 0.998137 in [0.9,1]
[6] = rho_solv_0 = 0.0592726 in [-0.54,0.06]
[7] = global_rough = 2.40211 in [2,5]
[8] = sigma = 2.8322 in [2,5]
[9] = background_0 = -7.44715 in [-9,-5]

[chisq=33.77(17), nllf=1131.33]
              Parameter       mean  median    best [   68% interval] [   95% interval]
 1               l_siox   14.6(15)  14.275  12.719 [  13.34   16.00] [  12.44   18.29]
 2             rho_siox   3.59(15)   3.620   3.718 [   3.43    3.77] [   3.25    3.80]
 3        l_submembrane   1.69(65)   1.500   1.402 [   1.13    2.32] [   1.02    3.38]
 4             l_lipid1  13.99(95)  14.280  14.661 [  13.07   14.81] [  11.30   14.97]
 5             l_lipid2  14.72(33)  14.874  14.974 [  14.48   14.96] [  13.78   14.98]
 6           vf_bilayer  0.981(19)  0.9872  0.9981 [  0.963   0.998] [  0.927   0.999]
 7           rho_solv_0 0.0552(73)  0.0575  0.0593 [  0.052   0.059] [  0.030   0.060]
 8         global_rough   2.66(51)   2.572   2.402 [   2.13    3.13] [   2.03    3.79]
 9                sigma   2.99(70)   2.817   2.832 [   2.33    3.76] [   2.06    4.61]
10         background_0  -7.94(68)  -8.027  -7.447 [  -8.71   -7.18] [  -8.96   -6.52]

Statistics and plots based on 570 samples (50.0% of total samples drawn)
/Users/frank/opt/anaconda3/envs/Python37/lib/python3.7/site-packages/bumps/dream/varplot.py:244: VisibleDeprecationWarning: Creating an ndarray from ragged nested sequences (which is a list-or-tuple of lists-or-tuples-or ndarrays with different lengths or shapes) is deprecated. If you meant to do this, you must specify 'dtype=object' when creating the ndarray.
  centers, height, maxlikelihood = array(bins).T
/Users/frank/opt/anaconda3/envs/Python37/lib/python3.7/site-packages/bumps/dream/varplot.py:244: VisibleDeprecationWarning: Creating an ndarray from ragged nested sequences (which is a list-or-tuple of lists-or-tuples-or ndarrays with different lengths or shapes) is deprecated. If you meant to do this, you must specify 'dtype=object' when creating the ndarray.
  centers, height, maxlikelihood = array(bins).T
/Users/frank/opt/anaconda3/envs/Python37/lib/python3.7/site-packages/bumps/dream/varplot.py:244: VisibleDeprecationWarning: Creating an ndarray from ragged nested sequences (which is a list-or-tuple of lists-or-tuples-or ndarrays with different lengths or shapes) is deprecated. If you meant to do this, you must specify 'dtype=object' when creating the ndarray.
  centers, height, maxlikelihood = array(bins).T
/Users/frank/opt/anaconda3/envs/Python37/lib/python3.7/site-packages/bumps/dream/varplot.py:244: VisibleDeprecationWarning: Creating an ndarray from ragged nested sequences (which is a list-or-tuple of lists-or-tuples-or ndarrays with different lengths or shapes) is deprecated. If you meant to do this, you must specify 'dtype=object' when creating the ndarray.
  centers, height, maxlikelihood = array(bins).T
/Users/frank/opt/anaconda3/envs/Python37/lib/python3.7/site-packages/bumps/dream/varplot.py:244: VisibleDeprecationWarning: Creating an ndarray from ragged nested sequences (which is a list-or-tuple of lists-or-tuples-or ndarrays with different lengths or shapes) is deprecated. If you meant to do this, you must specify 'dtype=object' when creating the ndarray.
  centers, height, maxlikelihood = array(bins).T
/Users/frank/opt/anaconda3/envs/Python37/lib/python3.7/site-packages/bumps/dream/varplot.py:244: VisibleDeprecationWarning: Creating an ndarray from ragged nested sequences (which is a list-or-tuple of lists-or-tuples-or ndarrays with different lengths or shapes) is deprecated. If you meant to do this, you must specify 'dtype=object' when creating the ndarray.
  centers, height, maxlikelihood = array(bins).T
/Users/frank/opt/anaconda3/envs/Python37/lib/python3.7/site-packages/bumps/dream/varplot.py:244: VisibleDeprecationWarning: Creating an ndarray from ragged nested sequences (which is a list-or-tuple of lists-or-tuples-or ndarrays with different lengths or shapes) is deprecated. If you meant to do this, you must specify 'dtype=object' when creating the ndarray.
  centers, height, maxlikelihood = array(bins).T
/Users/frank/opt/anaconda3/envs/Python37/lib/python3.7/site-packages/bumps/dream/varplot.py:244: VisibleDeprecationWarning: Creating an ndarray from ragged nested sequences (which is a list-or-tuple of lists-or-tuples-or ndarrays with different lengths or shapes) is deprecated. If you meant to do this, you must specify 'dtype=object' when creating the ndarray.
  centers, height, maxlikelihood = array(bins).T
/Users/frank/opt/anaconda3/envs/Python37/lib/python3.7/site-packages/bumps/dream/varplot.py:244: VisibleDeprecationWarning: Creating an ndarray from ragged nested sequences (which is a list-or-tuple of lists-or-tuples-or ndarrays with different lengths or shapes) is deprecated. If you meant to do this, you must specify 'dtype=object' when creating the ndarray.
  centers, height, maxlikelihood = array(bins).T
/Users/frank/opt/anaconda3/envs/Python37/lib/python3.7/site-packages/bumps/dream/varplot.py:244: VisibleDeprecationWarning: Creating an ndarray from ragged nested sequences (which is a list-or-tuple of lists-or-tuples-or ndarrays with different lengths or shapes) is deprecated. If you meant to do this, you must specify 'dtype=object' when creating the ndarray.
  centers, height, maxlikelihood = array(bins).T
