[0] = Parameter(11.5955, name='l_siox', bounds=(10,30))
[1] = Parameter(3.65336, name='rho_siox', bounds=(3.2,3.8))
[2] = Parameter(8.33773, name='l_submembrane', bounds=(1,10))
[3] = Parameter(11.8345, name='l_lipid1', bounds=(10,15))
[4] = Parameter(12.284, name='l_lipid2', bounds=(10,15))
[5] = Parameter(0.95558, name='vf_bilayer', bounds=(0.9,1))
[6] = Parameter(3.49999, name='rho_solv_0', bounds=(2.96,3.56))
[7] = Parameter(3.45518, name='global_rough', bounds=(2,5))
[8] = Parameter(2.65619, name='sigma', bounds=(2,5))
[9] = Parameter(-8.56881, name='background_0', bounds=(-9,-5))

[chisq=1.21(17), nllf=40.4406]
              Parameter       mean  median    best [   68% interval] [   95% interval]
 1               l_siox   14.4(25)  14.344  11.595 [  11.46   17.29] [  10.25   18.86]
 2             rho_siox  3.656(90)   3.660   3.653 [   3.56    3.76] [   3.48    3.79]
 3        l_submembrane    5.4(26)   5.340   8.338 [   2.24    8.48] [   1.11    9.74]
 4             l_lipid1   11.6(11)  11.555  11.834 [  10.41   12.85] [  10.04   13.79]
 5             l_lipid2   12.5(12)  12.587  12.284 [  11.23   13.73] [  10.23   14.46]
 6           vf_bilayer  0.959(19)  0.9565  0.9556 [  0.940   0.981] [  0.927   0.998]
 7           rho_solv_0 3.5001(11) 3.50007 3.49999 [ 3.4990  3.5011] [ 3.4979  3.5021]
 8         global_rough   3.36(78)   3.365   3.455 [   2.47    4.24] [   2.08    4.80]
 9                sigma   2.89(59)   2.830   2.656 [   2.24    3.57] [   2.03    4.06]
10         background_0  -8.25(47)  -8.291  -8.569 [  -8.78   -7.73] [  -8.96   -7.31]
