-- Model 0 ch061
.probe
  .back_absorption = back_absorption ch061 = 1
  .background = background ch061 = 8.18573e-07 in [-1e-07,1e-05]
  .intensity = intensity ch061 = 1.00453 in [0.95,1.05]
  .sample_broadening = sample_broadening ch061 = 0
  .theta_offset = theta_offset ch061 = 0
.sample
  .layers
    [0]
      .interface = ihg + buffer interface = 5.11757 in [0,15]
      .material
        .irho = d2o irho = 0
        .rho = d2o rho = 6.03472 in [5.3,6.5]
      .thickness = d2o thickness = 0
    [1]
      .interface = ihg + buffer interface = 5.11757 in [0,15]
      .material
        .irho = ohg + buffer irho = 0
        .rho = ((volume fraction outer headgroups * headgroups rho) + ((1 - volume fraction outer headgroups) * d2o rho)) = 4.61533
      .thickness = headgroup thickness = 10
    [2]
      .interface = ihg + buffer interface = 5.11757 in [0,15]
      .material
        .irho = tails + buffer irho = 0
        .rho = ((volume fraction bilayer * lipid tails rho) + ((1 - volume fraction bilayer) * d2o rho)) = 0.251534
      .thickness = tails + buffer thickness = 31.539 in [20,50]
    [3]
      .interface = ihg + buffer interface = 5.11757 in [0,15]
      .material
        .irho = ihg + buffer irho = 0
        .rho = ((volume fraction inner headgroups * headgroups rho) + ((1 - volume fraction inner headgroups) * d2o rho)) = 5.30043
      .thickness = headgroup thickness = 10
    [4]
      .interface = d2o interface = 5.85841 in [0,15]
      .material
        .irho = d2o irho = 0
        .rho = d2o rho = 6.03472 in [5.3,6.5]
      .thickness = d2o thickness = 10.5993 in [0,50]
    [5]
      .interface = siox interface = 5.77334 in [0,15]
      .material
        .irho = tiox irho = 0
        .rho = tiox rho = 2.23253 in [1.163,3.163]
      .thickness = tiox thickness = 129.379 in [66.379,266.38]
    [6]
      .interface = siox interface = 5.77334 in [0,15]
      .material
        .irho = siox irho = 0
        .rho = siox rho = 3.11599 in [3.1,5.1]
      .thickness = siox thickness = 16.8248 in [5,40]
    [7]
      .interface = silicon interface = 0
      .material
        .irho = silicon irho = 0
        .rho = silicon rho = 2.069
      .thickness = silicon thickness = 0
  .thickness = stack thickness = 208.342

[chisq=2.73(13), nllf=176.314]
-- Model 1 ch060
.probe
  .back_absorption = back_absorption ch060 = 1
  .background = background ch060 = 4.91843e-06 in [-1e-07,1e-05]
  .intensity = intensity ch061 = 1.00453 in [0.95,1.05]
  .sample_broadening = sample_broadening ch060 = 0
  .theta_offset = theta_offset ch060 = 0
.sample
  .layers
    [0]
      .interface = ihg + buffer interface = 5.11757 in [0,15]
      .material
        .irho = h2o irho = 0
        .rho = h2o rho = -0.484934 in [-0.6,0.6]
      .thickness = h2o thickness = 0
    [1]
      .interface = ihg + buffer interface = 5.11757 in [0,15]
      .material
        .irho = ohg + bufferh irho = 0
        .rho = ((volume fraction outer headgroups * headgroups rho) + ((1 - volume fraction outer headgroups) * h2o rho)) = 0.287708
      .thickness = headgroup thickness = 10
    [2]
      .interface = ihg + buffer interface = 5.11757 in [0,15]
      .material
        .irho = tails + bufferh irho = 0
        .rho = ((volume fraction bilayer * lipid tails rho) + ((1 - volume fraction bilayer) * h2o rho)) = -0.234668
      .thickness = tails + buffer thickness = 31.539 in [20,50]
    [3]
      .interface = ihg + buffer interface = 5.11757 in [0,15]
      .material
        .irho = ihg + bufferh irho = 0
        .rho = ((volume fraction inner headgroups * headgroups rho) + ((1 - volume fraction inner headgroups) * h2o rho)) = -0.0852248
      .thickness = headgroup thickness = 10
    [4]
      .interface = h2o interface = 10
      .material
        .irho = h2o irho = 0
        .rho = h2o rho = -0.484934 in [-0.6,0.6]
      .thickness = d2o thickness = 10.5993 in [0,50]
    [5]
      .interface = siox interface = 5.77334 in [0,15]
      .material
        .irho = tiox irho = 0
        .rho = tiox rho = 2.23253 in [1.163,3.163]
      .thickness = tiox thickness = 129.379 in [66.379,266.38]
    [6]
      .interface = siox interface = 5.77334 in [0,15]
      .material
        .irho = siox irho = 0
        .rho = siox rho = 3.11599 in [3.1,5.1]
      .thickness = siox thickness = 16.8248 in [5,40]
    [7]
      .interface = silicon interface = 0
      .material
        .irho = silicon irho = 0
        .rho = silicon rho = 2.069
      .thickness = silicon thickness = 0
  .thickness = stack thickness = 208.342

[chisq=1.92(12), nllf=123.675]
[overall chisq=2.490(80), nllf=299.989]
              Parameter       mean  median    best [   68% interval] [   95% interval]
 1     background ch061 0.98(60)e-6 0.00000099 0.00000082 [0.0000003 0.0000016] [0.0000000 0.0000022]
 2      intensity ch061  1.002(28)  1.0034  1.0045 [  0.969   1.034] [  0.952   1.046]
 3 ihg + buffer interface    4.1(20)   4.192   5.118 [   1.56    6.31] [   0.37    7.72]
 4              d2o rho  6.085(67)   6.088   6.035 [   6.02    6.15] [   5.95    6.19]
 5 tails + buffer thickness   27.2(34)   27.15   31.54 [   23.6    31.1] [   20.9    33.2]
 6        d2o interface    6.9(32)    6.89    5.86 [    3.0    10.1] [    0.8    13.1]
 7        d2o thickness   14.5(35)   13.87   10.60 [   11.2    17.4] [    9.5    24.3]
 8       siox interface    9.5(36)    9.63    5.77 [    5.5    13.6] [    1.8    14.9]
 9             tiox rho   2.30(18)   2.321   2.233 [   2.22    2.44] [   1.74    2.53]
10       tiox thickness    132(15)  133.38  129.38 [  123.3   139.3] [   88.4   155.4]
11             siox rho   3.73(51)   3.614   3.116 [   3.22    4.25] [   3.14    4.91]
12       siox thickness   13.6(84)   10.92   16.82 [    6.4    20.4] [    5.3    38.1]
13     background ch060 4.8(14)e-6 0.00000496 0.00000492 [0.0000033 0.0000061] [0.0000018 0.0000072]
14              h2o rho  -0.12(30)  -0.149  -0.485 [  -0.46    0.24] [  -0.57    0.46]
15 volume fraction outer headgroups   0.39(25)   0.359   0.336 [   0.12    0.70] [   0.01    0.89]
16 volume fraction bilayer  0.912(63)   0.921   0.925 [   0.87    0.97] [   0.70    0.99]
17 volume fraction inner headgroups   0.47(26)   0.464   0.174 [   0.17    0.75] [   0.04    0.95]

Statistics and plots based on 19118 samples (57.1% of total samples drawn)
c:\users\joyjp\anaconda3\lib\site-packages\bumps\dream\varplot.py:240: MatplotlibDeprecationWarning: shading='flat' when X and Y have the same dimensions as C is deprecated since 3.3.  Either specify the corners of the quadrilaterals with X and Y, or pass shading='auto', 'nearest' or 'gouraud', or set rcParams['pcolor.shading'].  This will become an error two minor releases later.
  pylab.pcolormesh(x, y, z, vmin=vmin, vmax=vmax, cmap=cmap)
c:\users\joyjp\anaconda3\lib\site-packages\bumps\dream\varplot.py:244: VisibleDeprecationWarning: Creating an ndarray from ragged nested sequences (which is a list-or-tuple of lists-or-tuples-or ndarrays with different lengths or shapes) is deprecated. If you meant to do this, you must specify 'dtype=object' when creating the ndarray.
  centers, height, maxlikelihood = array(bins).T
c:\users\joyjp\anaconda3\lib\site-packages\bumps\dream\varplot.py:240: MatplotlibDeprecationWarning: shading='flat' when X and Y have the same dimensions as C is deprecated since 3.3.  Either specify the corners of the quadrilaterals with X and Y, or pass shading='auto', 'nearest' or 'gouraud', or set rcParams['pcolor.shading'].  This will become an error two minor releases later.
  pylab.pcolormesh(x, y, z, vmin=vmin, vmax=vmax, cmap=cmap)
c:\users\joyjp\anaconda3\lib\site-packages\bumps\dream\varplot.py:244: VisibleDeprecationWarning: Creating an ndarray from ragged nested sequences (which is a list-or-tuple of lists-or-tuples-or ndarrays with different lengths or shapes) is deprecated. If you meant to do this, you must specify 'dtype=object' when creating the ndarray.
  centers, height, maxlikelihood = array(bins).T
c:\users\joyjp\anaconda3\lib\site-packages\bumps\dream\varplot.py:240: MatplotlibDeprecationWarning: shading='flat' when X and Y have the same dimensions as C is deprecated since 3.3.  Either specify the corners of the quadrilaterals with X and Y, or pass shading='auto', 'nearest' or 'gouraud', or set rcParams['pcolor.shading'].  This will become an error two minor releases later.
  pylab.pcolormesh(x, y, z, vmin=vmin, vmax=vmax, cmap=cmap)
c:\users\joyjp\anaconda3\lib\site-packages\bumps\dream\varplot.py:244: VisibleDeprecationWarning: Creating an ndarray from ragged nested sequences (which is a list-or-tuple of lists-or-tuples-or ndarrays with different lengths or shapes) is deprecated. If you meant to do this, you must specify 'dtype=object' when creating the ndarray.
  centers, height, maxlikelihood = array(bins).T
c:\users\joyjp\anaconda3\lib\site-packages\bumps\dream\varplot.py:240: MatplotlibDeprecationWarning: shading='flat' when X and Y have the same dimensions as C is deprecated since 3.3.  Either specify the corners of the quadrilaterals with X and Y, or pass shading='auto', 'nearest' or 'gouraud', or set rcParams['pcolor.shading'].  This will become an error two minor releases later.
  pylab.pcolormesh(x, y, z, vmin=vmin, vmax=vmax, cmap=cmap)
c:\users\joyjp\anaconda3\lib\site-packages\bumps\dream\varplot.py:244: VisibleDeprecationWarning: Creating an ndarray from ragged nested sequences (which is a list-or-tuple of lists-or-tuples-or ndarrays with different lengths or shapes) is deprecated. If you meant to do this, you must specify 'dtype=object' when creating the ndarray.
  centers, height, maxlikelihood = array(bins).T
c:\users\joyjp\anaconda3\lib\site-packages\bumps\dream\varplot.py:240: MatplotlibDeprecationWarning: shading='flat' when X and Y have the same dimensions as C is deprecated since 3.3.  Either specify the corners of the quadrilaterals with X and Y, or pass shading='auto', 'nearest' or 'gouraud', or set rcParams['pcolor.shading'].  This will become an error two minor releases later.
  pylab.pcolormesh(x, y, z, vmin=vmin, vmax=vmax, cmap=cmap)
c:\users\joyjp\anaconda3\lib\site-packages\bumps\dream\varplot.py:244: VisibleDeprecationWarning: Creating an ndarray from ragged nested sequences (which is a list-or-tuple of lists-or-tuples-or ndarrays with different lengths or shapes) is deprecated. If you meant to do this, you must specify 'dtype=object' when creating the ndarray.
  centers, height, maxlikelihood = array(bins).T
c:\users\joyjp\anaconda3\lib\site-packages\bumps\dream\varplot.py:240: MatplotlibDeprecationWarning: shading='flat' when X and Y have the same dimensions as C is deprecated since 3.3.  Either specify the corners of the quadrilaterals with X and Y, or pass shading='auto', 'nearest' or 'gouraud', or set rcParams['pcolor.shading'].  This will become an error two minor releases later.
  pylab.pcolormesh(x, y, z, vmin=vmin, vmax=vmax, cmap=cmap)
c:\users\joyjp\anaconda3\lib\site-packages\bumps\dream\varplot.py:244: VisibleDeprecationWarning: Creating an ndarray from ragged nested sequences (which is a list-or-tuple of lists-or-tuples-or ndarrays with different lengths or shapes) is deprecated. If you meant to do this, you must specify 'dtype=object' when creating the ndarray.
  centers, height, maxlikelihood = array(bins).T
c:\users\joyjp\anaconda3\lib\site-packages\bumps\dream\varplot.py:240: MatplotlibDeprecationWarning: shading='flat' when X and Y have the same dimensions as C is deprecated since 3.3.  Either specify the corners of the quadrilaterals with X and Y, or pass shading='auto', 'nearest' or 'gouraud', or set rcParams['pcolor.shading'].  This will become an error two minor releases later.
  pylab.pcolormesh(x, y, z, vmin=vmin, vmax=vmax, cmap=cmap)
c:\users\joyjp\anaconda3\lib\site-packages\bumps\dream\varplot.py:244: VisibleDeprecationWarning: Creating an ndarray from ragged nested sequences (which is a list-or-tuple of lists-or-tuples-or ndarrays with different lengths or shapes) is deprecated. If you meant to do this, you must specify 'dtype=object' when creating the ndarray.
  centers, height, maxlikelihood = array(bins).T
c:\users\joyjp\anaconda3\lib\site-packages\bumps\dream\varplot.py:240: MatplotlibDeprecationWarning: shading='flat' when X and Y have the same dimensions as C is deprecated since 3.3.  Either specify the corners of the quadrilaterals with X and Y, or pass shading='auto', 'nearest' or 'gouraud', or set rcParams['pcolor.shading'].  This will become an error two minor releases later.
  pylab.pcolormesh(x, y, z, vmin=vmin, vmax=vmax, cmap=cmap)
c:\users\joyjp\anaconda3\lib\site-packages\bumps\dream\varplot.py:244: VisibleDeprecationWarning: Creating an ndarray from ragged nested sequences (which is a list-or-tuple of lists-or-tuples-or ndarrays with different lengths or shapes) is deprecated. If you meant to do this, you must specify 'dtype=object' when creating the ndarray.
  centers, height, maxlikelihood = array(bins).T
c:\users\joyjp\anaconda3\lib\site-packages\bumps\dream\varplot.py:240: MatplotlibDeprecationWarning: shading='flat' when X and Y have the same dimensions as C is deprecated since 3.3.  Either specify the corners of the quadrilaterals with X and Y, or pass shading='auto', 'nearest' or 'gouraud', or set rcParams['pcolor.shading'].  This will become an error two minor releases later.
  pylab.pcolormesh(x, y, z, vmin=vmin, vmax=vmax, cmap=cmap)
c:\users\joyjp\anaconda3\lib\site-packages\bumps\dream\varplot.py:244: VisibleDeprecationWarning: Creating an ndarray from ragged nested sequences (which is a list-or-tuple of lists-or-tuples-or ndarrays with different lengths or shapes) is deprecated. If you meant to do this, you must specify 'dtype=object' when creating the ndarray.
  centers, height, maxlikelihood = array(bins).T
c:\users\joyjp\anaconda3\lib\site-packages\bumps\dream\varplot.py:240: MatplotlibDeprecationWarning: shading='flat' when X and Y have the same dimensions as C is deprecated since 3.3.  Either specify the corners of the quadrilaterals with X and Y, or pass shading='auto', 'nearest' or 'gouraud', or set rcParams['pcolor.shading'].  This will become an error two minor releases later.
  pylab.pcolormesh(x, y, z, vmin=vmin, vmax=vmax, cmap=cmap)
c:\users\joyjp\anaconda3\lib\site-packages\bumps\dream\varplot.py:244: VisibleDeprecationWarning: Creating an ndarray from ragged nested sequences (which is a list-or-tuple of lists-or-tuples-or ndarrays with different lengths or shapes) is deprecated. If you meant to do this, you must specify 'dtype=object' when creating the ndarray.
  centers, height, maxlikelihood = array(bins).T
c:\users\joyjp\anaconda3\lib\site-packages\bumps\dream\varplot.py:240: MatplotlibDeprecationWarning: shading='flat' when X and Y have the same dimensions as C is deprecated since 3.3.  Either specify the corners of the quadrilaterals with X and Y, or pass shading='auto', 'nearest' or 'gouraud', or set rcParams['pcolor.shading'].  This will become an error two minor releases later.
  pylab.pcolormesh(x, y, z, vmin=vmin, vmax=vmax, cmap=cmap)
c:\users\joyjp\anaconda3\lib\site-packages\bumps\dream\varplot.py:244: VisibleDeprecationWarning: Creating an ndarray from ragged nested sequences (which is a list-or-tuple of lists-or-tuples-or ndarrays with different lengths or shapes) is deprecated. If you meant to do this, you must specify 'dtype=object' when creating the ndarray.
  centers, height, maxlikelihood = array(bins).T
c:\users\joyjp\anaconda3\lib\site-packages\bumps\dream\varplot.py:240: MatplotlibDeprecationWarning: shading='flat' when X and Y have the same dimensions as C is deprecated since 3.3.  Either specify the corners of the quadrilaterals with X and Y, or pass shading='auto', 'nearest' or 'gouraud', or set rcParams['pcolor.shading'].  This will become an error two minor releases later.
  pylab.pcolormesh(x, y, z, vmin=vmin, vmax=vmax, cmap=cmap)
c:\users\joyjp\anaconda3\lib\site-packages\bumps\dream\varplot.py:244: VisibleDeprecationWarning: Creating an ndarray from ragged nested sequences (which is a list-or-tuple of lists-or-tuples-or ndarrays with different lengths or shapes) is deprecated. If you meant to do this, you must specify 'dtype=object' when creating the ndarray.
  centers, height, maxlikelihood = array(bins).T
c:\users\joyjp\anaconda3\lib\site-packages\bumps\dream\varplot.py:240: MatplotlibDeprecationWarning: shading='flat' when X and Y have the same dimensions as C is deprecated since 3.3.  Either specify the corners of the quadrilaterals with X and Y, or pass shading='auto', 'nearest' or 'gouraud', or set rcParams['pcolor.shading'].  This will become an error two minor releases later.
  pylab.pcolormesh(x, y, z, vmin=vmin, vmax=vmax, cmap=cmap)
c:\users\joyjp\anaconda3\lib\site-packages\bumps\dream\varplot.py:244: VisibleDeprecationWarning: Creating an ndarray from ragged nested sequences (which is a list-or-tuple of lists-or-tuples-or ndarrays with different lengths or shapes) is deprecated. If you meant to do this, you must specify 'dtype=object' when creating the ndarray.
  centers, height, maxlikelihood = array(bins).T
c:\users\joyjp\anaconda3\lib\site-packages\bumps\dream\varplot.py:240: MatplotlibDeprecationWarning: shading='flat' when X and Y have the same dimensions as C is deprecated since 3.3.  Either specify the corners of the quadrilaterals with X and Y, or pass shading='auto', 'nearest' or 'gouraud', or set rcParams['pcolor.shading'].  This will become an error two minor releases later.
  pylab.pcolormesh(x, y, z, vmin=vmin, vmax=vmax, cmap=cmap)
c:\users\joyjp\anaconda3\lib\site-packages\bumps\dream\varplot.py:244: VisibleDeprecationWarning: Creating an ndarray from ragged nested sequences (which is a list-or-tuple of lists-or-tuples-or ndarrays with different lengths or shapes) is deprecated. If you meant to do this, you must specify 'dtype=object' when creating the ndarray.
  centers, height, maxlikelihood = array(bins).T
c:\users\joyjp\anaconda3\lib\site-packages\bumps\dream\varplot.py:240: MatplotlibDeprecationWarning: shading='flat' when X and Y have the same dimensions as C is deprecated since 3.3.  Either specify the corners of the quadrilaterals with X and Y, or pass shading='auto', 'nearest' or 'gouraud', or set rcParams['pcolor.shading'].  This will become an error two minor releases later.
  pylab.pcolormesh(x, y, z, vmin=vmin, vmax=vmax, cmap=cmap)
c:\users\joyjp\anaconda3\lib\site-packages\bumps\dream\varplot.py:244: VisibleDeprecationWarning: Creating an ndarray from ragged nested sequences (which is a list-or-tuple of lists-or-tuples-or ndarrays with different lengths or shapes) is deprecated. If you meant to do this, you must specify 'dtype=object' when creating the ndarray.
  centers, height, maxlikelihood = array(bins).T
c:\users\joyjp\anaconda3\lib\site-packages\bumps\dream\varplot.py:240: MatplotlibDeprecationWarning: shading='flat' when X and Y have the same dimensions as C is deprecated since 3.3.  Either specify the corners of the quadrilaterals with X and Y, or pass shading='auto', 'nearest' or 'gouraud', or set rcParams['pcolor.shading'].  This will become an error two minor releases later.
  pylab.pcolormesh(x, y, z, vmin=vmin, vmax=vmax, cmap=cmap)
c:\users\joyjp\anaconda3\lib\site-packages\bumps\dream\varplot.py:244: VisibleDeprecationWarning: Creating an ndarray from ragged nested sequences (which is a list-or-tuple of lists-or-tuples-or ndarrays with different lengths or shapes) is deprecated. If you meant to do this, you must specify 'dtype=object' when creating the ndarray.
  centers, height, maxlikelihood = array(bins).T
c:\users\joyjp\anaconda3\lib\site-packages\bumps\dream\varplot.py:240: MatplotlibDeprecationWarning: shading='flat' when X and Y have the same dimensions as C is deprecated since 3.3.  Either specify the corners of the quadrilaterals with X and Y, or pass shading='auto', 'nearest' or 'gouraud', or set rcParams['pcolor.shading'].  This will become an error two minor releases later.
  pylab.pcolormesh(x, y, z, vmin=vmin, vmax=vmax, cmap=cmap)
c:\users\joyjp\anaconda3\lib\site-packages\bumps\dream\varplot.py:244: VisibleDeprecationWarning: Creating an ndarray from ragged nested sequences (which is a list-or-tuple of lists-or-tuples-or ndarrays with different lengths or shapes) is deprecated. If you meant to do this, you must specify 'dtype=object' when creating the ndarray.
  centers, height, maxlikelihood = array(bins).T
c:\users\joyjp\anaconda3\lib\site-packages\matplotlib\backends\backend_agg.py:238: RuntimeWarning: Glyph 8315 missing from current font.
  font.set_text(s, 0.0, flags=flags)
c:\users\joyjp\anaconda3\lib\site-packages\matplotlib\backends\backend_agg.py:201: RuntimeWarning: Glyph 8315 missing from current font.
  font.set_text(s, 0, flags=flags)
