This is pdfTeX, Version 3.1415926-1.40.11 (TeX Live 2010) (format=pdflatex 2010.7.21)  17 MAY 2012 10:35
entering extended mode
 restricted \write18 enabled.
 %&-line parsing enabled.
**StatTable.tex
(./StatTable.tex
LaTeX2e <2009/09/24>
Babel <v3.8l> and hyphenation patterns for english, dumylang, nohyphenation, ge
rman-x-2009-06-19, ngerman-x-2009-06-19, ancientgreek, ibycus, arabic, armenian
, basque, bulgarian, catalan, pinyin, coptic, croatian, czech, danish, dutch, u
kenglish, usenglishmax, esperanto, estonian, farsi, finnish, french, galician, 
german, ngerman, swissgerman, monogreek, greek, hungarian, icelandic, assamese,
 bengali, gujarati, hindi, kannada, malayalam, marathi, oriya, panjabi, tamil, 
telugu, indonesian, interlingua, irish, italian, kurmanji, lao, latin, latvian,
 lithuanian, mongolian, mongolianlmc, bokmal, nynorsk, polish, portuguese, roma
nian, russian, sanskrit, serbian, slovak, slovenian, spanish, swedish, turkish,
 turkmen, ukrainian, uppersorbian, welsh, loaded.
(/usr/local/texlive/2010/texmf-dist/tex/latex/base/article.cls
Document Class: article 2007/10/19 v1.4h Standard LaTeX document class
(/usr/local/texlive/2010/texmf-dist/tex/latex/base/size11.clo
File: size11.clo 2007/10/19 v1.4h Standard LaTeX file (size option)
)
\c@part=\count79
\c@section=\count80
\c@subsection=\count81
\c@subsubsection=\count82
\c@paragraph=\count83
\c@subparagraph=\count84
\c@figure=\count85
\c@table=\count86
\abovecaptionskip=\skip41
\belowcaptionskip=\skip42
\bibindent=\dimen102
)
(/usr/local/texlive/2010/texmf-dist/tex/latex/multirow/multirow.sty
\bigstrutjot=\dimen103
)
(./StatTable.aux)
\openout1 = `StatTable.aux'.

LaTeX Font Info:    Checking defaults for OML/cmm/m/it on input line 7.
LaTeX Font Info:    ... okay on input line 7.
LaTeX Font Info:    Checking defaults for T1/cmr/m/n on input line 7.
LaTeX Font Info:    ... okay on input line 7.
LaTeX Font Info:    Checking defaults for OT1/cmr/m/n on input line 7.
LaTeX Font Info:    ... okay on input line 7.
LaTeX Font Info:    Checking defaults for OMS/cmsy/m/n on input line 7.
LaTeX Font Info:    ... okay on input line 7.
LaTeX Font Info:    Checking defaults for OMX/cmex/m/n on input line 7.
LaTeX Font Info:    ... okay on input line 7.
LaTeX Font Info:    Checking defaults for U/cmr/m/n on input line 7.
LaTeX Font Info:    ... okay on input line 7.
LaTeX Font Info:    External font `cmex10' loaded for size
(Font)              <10.95> on input line 10.
LaTeX Font Info:    External font `cmex10' loaded for size
(Font)              <8> on input line 10.
LaTeX Font Info:    External font `cmex10' loaded for size
(Font)              <6> on input line 10.

Underfull \hbox (badness 1694) in paragraph at lines 24--24
[]$\OML/cmm/m/it/10.95 ^^L$\OT1/cmr/m/n/10.95 Me molecules per
 []


Underfull \hbox (badness 10000) in paragraph at lines 25--25
[]$\OT1/cmr/m/n/10.95 14\OML/cmm/m/it/10.95 :\OT1/cmr/m/n/10.95 96[]$
 []


Underfull \hbox (badness 10000) in paragraph at lines 25--25
[]\OT1/cmr/m/n/10.95 change 1st
 []


Underfull \hbox (badness 10000) in paragraph at lines 25--25
\OT1/cmr/m/n/10.95 in-cu-ba-tion
 []


Underfull \hbox (badness 10000) in paragraph at lines 25--25
\OT1/cmr/m/n/10.95 : $0\OML/cmm/m/it/10.95 :\OT1/cmr/m/n/10.95 83[]$
 []


Underfull \hbox (badness 10000) in paragraph at lines 25--25
\OT1/cmr/m/n/10.95 change 2nd
 []


Underfull \hbox (badness 10000) in paragraph at lines 25--25
\OT1/cmr/m/n/10.95 in-cu-ba-tion:
 []


Underfull \hbox (badness 10000) in paragraph at lines 25--25
[]\OT1/cmr/m/n/10.95 change :
 []


Underfull \hbox (badness 1097) in paragraph at lines 30--30
[]\OT1/cmr/m/n/10.95 Penetration of pro-
 []


Underfull \hbox (badness 1755) in paragraph at lines 30--30
\OT1/cmr/m/n/10.95 tein into hy-dro-car-
 []


Underfull \hbox (badness 10000) in paragraph at lines 34--34
[]\OT1/cmr/m/n/10.95 2nd in-cu-ba-
 []


Underfull \hbox (badness 5592) in paragraph at lines 34--34
\OT1/cmr/m/n/10.95 tion over 1st
 []


Underfull \hbox (badness 10000) in paragraph at lines 34--34
\OT1/cmr/m/n/10.95 in-cu-ba-tion:
 []


Underfull \hbox (badness 10000) in paragraph at lines 34--34
[]\OT1/cmr/m/n/10.95 second rinse
 []


Overfull \hbox (26.51662pt too wide) in paragraph at lines 10--36
[][] 
 []

[1

]
Overfull \vbox (6.02087pt too high) has occurred while \output is active []


[2{/usr/local/texlive/2010/texmf-var/fonts/map/pdftex/updmap/pdftex.map}]
(./StatTable.aux) ) 
Here is how much of TeX's memory you used:
 236 strings out of 493747
 2740 string characters out of 3143546
 58070 words of memory out of 3000000
 3601 multiletter control sequences out of 15000+200000
 7033 words of font info for 25 fonts, out of 3000000 for 9000
 714 hyphenation exceptions out of 8191
 21i,10n,19p,235b,160s stack positions out of 5000i,500n,10000p,200000b,50000s
</usr/local/texlive/2010/texmf-dist/fonts/type1/public/amsfo
nts/cm/cmbx10.pfb></usr/local/texlive/2010/texmf-dist/fonts/type1/public/amsfon
ts/cm/cmmi10.pfb></usr/local/texlive/2010/texmf-dist/fonts/type1/public/amsfont
s/cm/cmmi8.pfb></usr/local/texlive/2010/texmf-dist/fonts/type1/public/amsfonts/
cm/cmr10.pfb></usr/local/texlive/2010/texmf-dist/fonts/type1/public/amsfonts/cm
/cmr8.pfb></usr/local/texlive/2010/texmf-dist/fonts/type1/public/amsfonts/cm/cm
sy10.pfb></usr/local/texlive/2010/texmf-dist/fonts/type1/public/amsfonts/cm/cms
y8.pfb></usr/local/texlive/2010/texmf-dist/fonts/type1/public/amsfonts/cm/cmti1
0.pfb>
Output written on StatTable.pdf (2 pages, 83319 bytes).
PDF statistics:
 43 PDF objects out of 1000 (max. 8388607)
 30 compressed objects within 1 object stream
 0 named destinations out of 1000 (max. 500000)
 1 words of extra memory for PDF output out of 10000 (max. 10000000)

