[0] = Parameter(17.3115, name='l_siox', bounds=(10,30))
[1] = Parameter(3.78019, name='rho_siox', bounds=(3.2,3.8))
[2] = Parameter(4.04362, name='l_submembrane', bounds=(1,10))
[3] = Parameter(10.263, name='l_lipid1', bounds=(10,15))
[4] = Parameter(12.6805, name='l_lipid2', bounds=(10,15))
[5] = Parameter(0.998546, name='vf_bilayer', bounds=(0.9,1))
[6] = Parameter(-0.481988, name='rho_solv_0', bounds=(-1.04,-0.44))
[7] = Parameter(4.50511, name='global_rough', bounds=(2,5))
[8] = Parameter(3.65077, name='sigma', bounds=(2,5))
[9] = Parameter(-6.58218, name='background_0', bounds=(-9,-5))

[chisq=1.01(17), nllf=33.7941]
              Parameter       mean  median    best [   68% interval] [   95% interval]
 1               l_siox   18.4(16)  18.229  17.311 [  16.79   19.99] [  15.70   21.88]
 2             rho_siox   3.55(15)   3.553   3.780 [   3.38    3.72] [   3.24    3.79]
 3        l_submembrane    2.9(10)   2.964   4.044 [   1.76    4.05] [   1.12    4.70]
 4             l_lipid1   11.6(13)  11.264  10.263 [  10.26   13.02] [  10.04   14.66]
 5             l_lipid2  12.45(56)  12.353  12.681 [  11.92   13.02] [  11.57   13.77]
 6           vf_bilayer  0.955(29)  0.9578  0.9985 [  0.920   0.988] [  0.903   0.998]
 7           rho_solv_0 -0.487(12) -0.4873 -0.4820 [ -0.499  -0.475] [ -0.511  -0.464]
 8         global_rough   3.24(78)   3.189   4.505 [   2.37    4.05] [   2.05    4.89]
 9                sigma   3.02(57)   2.995   3.651 [   2.39    3.63] [   2.07    4.20]
10         background_0  -7.20(86)  -6.955  -6.582 [  -8.30   -6.33] [  -8.89   -6.17]
