[0] = Parameter(17.1292, name='l_siox', bounds=(10,30))
[1] = Parameter(3.4233, name='rho_siox', bounds=(3.2,3.8))
[2] = Parameter(4.58949, name='l_submembrane', bounds=(1,10))
[3] = Parameter(14.0414, name='l_lipid1', bounds=(10,15))
[4] = Parameter(10.0914, name='l_lipid2', bounds=(10,15))
[5] = Parameter(0.975748, name='vf_bilayer', bounds=(0.9,1))
[6] = Parameter(6.50139, name='rho_solv_0', bounds=(5.96,6.56))
[7] = Parameter(2.24683, name='global_rough', bounds=(2,5))
[8] = Parameter(3.95687, name='sigma', bounds=(2,5))
[9] = Parameter(-8.73831, name='background_0', bounds=(-9,-5))

[chisq=0.87(17), nllf=29.1284]
              Parameter       mean  median    best [   68% interval] [   95% interval]
 1               l_siox  17.71(52)  17.740  17.129 [  17.17   18.25] [  16.63   18.64]
 2             rho_siox  3.515(74)   3.514   3.423 [   3.44    3.59] [   3.37    3.66]
 3        l_submembrane   3.11(80)   3.106   4.589 [   2.29    3.96] [   1.54    4.62]
 4             l_lipid1   12.2(12)  12.284  14.041 [  10.82   13.60] [  10.11   14.09]
 5             l_lipid2   11.8(11)  11.823  10.091 [  10.57   13.12] [  10.07   13.73]
 6           vf_bilayer  0.959(11)  0.9574  0.9757 [  0.947   0.970] [  0.942   0.982]
 7           rho_solv_0 6.5015(17) 6.50150 6.50139 [ 6.4998  6.5032] [ 6.4981  6.5049]
 8         global_rough   3.53(82)   3.541   2.247 [   2.57    4.48] [   2.08    4.92]
 9                sigma   2.95(59)   2.928   3.957 [   2.27    3.60] [   2.04    4.10]
10         background_0  -8.12(52)  -8.129  -8.738 [  -8.72   -7.53] [  -8.96   -7.18]
