-- Model 0 sim0.dat
.background = background0 = 0.159946 in [0.01,0.8]
.n = 100
.radius = 45.5477 in [40,120]
.radius_pd = 0.0955671 in [0.05,0.7]
.radius_pd_n = 35
.radius_pd_nsigma = 3
.scale = 0.000127904 in [0.0001,0.05]
.sld1 = 1.7
.sld10 = 1.7
.sld100 = 1.7
.sld100_M0 = 0
.sld100_mphi = 0
.sld100_mtheta = 0
.sld10_M0 = 0
.sld10_mphi = 0
.sld10_mtheta = 0
.sld11 = 1.7
.sld11_M0 = 0
.sld11_mphi = 0
.sld11_mtheta = 0
.sld12 = 1.7
.sld12_M0 = 0
.sld12_mphi = 0
.sld12_mtheta = 0
.sld13 = 1.7
.sld13_M0 = 0
.sld13_mphi = 0
.sld13_mtheta = 0
.sld14 = 1.7
.sld14_M0 = 0
.sld14_mphi = 0
.sld14_mtheta = 0
.sld15 = 1.7
.sld15_M0 = 0
.sld15_mphi = 0
.sld15_mtheta = 0
.sld16 = 1.7
.sld16_M0 = 0
.sld16_mphi = 0
.sld16_mtheta = 0
.sld17 = 1.7
.sld17_M0 = 0
.sld17_mphi = 0
.sld17_mtheta = 0
.sld18 = 1.7
.sld18_M0 = 0
.sld18_mphi = 0
.sld18_mtheta = 0
.sld19 = 1.7
.sld19_M0 = 0
.sld19_mphi = 0
.sld19_mtheta = 0
.sld1_M0 = 0
.sld1_mphi = 0
.sld1_mtheta = 0
.sld2 = 1.7
.sld20 = 1.7
.sld20_M0 = 0
.sld20_mphi = 0
.sld20_mtheta = 0
.sld21 = 1.7
.sld21_M0 = 0
.sld21_mphi = 0
.sld21_mtheta = 0
.sld22 = 1.7
.sld22_M0 = 0
.sld22_mphi = 0
.sld22_mtheta = 0
.sld23 = 1.7
.sld23_M0 = 0
.sld23_mphi = 0
.sld23_mtheta = 0
.sld24 = 1.7
.sld24_M0 = 0
.sld24_mphi = 0
.sld24_mtheta = 0
.sld25 = 1.7
.sld25_M0 = 0
.sld25_mphi = 0
.sld25_mtheta = 0
.sld26 = 1.7
.sld26_M0 = 0
.sld26_mphi = 0
.sld26_mtheta = 0
.sld27 = 1.7
.sld27_M0 = 0
.sld27_mphi = 0
.sld27_mtheta = 0
.sld28 = 1.7
.sld28_M0 = 0
.sld28_mphi = 0
.sld28_mtheta = 0
.sld29 = 1.7
.sld29_M0 = 0
.sld29_mphi = 0
.sld29_mtheta = 0
.sld2_M0 = 0
.sld2_mphi = 0
.sld2_mtheta = 0
.sld3 = 1.7
.sld30 = 1.7
.sld30_M0 = 0
.sld30_mphi = 0
.sld30_mtheta = 0
.sld31 = 1.7
.sld31_M0 = 0
.sld31_mphi = 0
.sld31_mtheta = 0
.sld32 = 1.7
.sld32_M0 = 0
.sld32_mphi = 0
.sld32_mtheta = 0
.sld33 = 1.7
.sld33_M0 = 0
.sld33_mphi = 0
.sld33_mtheta = 0
.sld34 = 1.7
.sld34_M0 = 0
.sld34_mphi = 0
.sld34_mtheta = 0
.sld35 = 1.7
.sld35_M0 = 0
.sld35_mphi = 0
.sld35_mtheta = 0
.sld36 = 1.7
.sld36_M0 = 0
.sld36_mphi = 0
.sld36_mtheta = 0
.sld37 = 1.7
.sld37_M0 = 0
.sld37_mphi = 0
.sld37_mtheta = 0
.sld38 = 1.7
.sld38_M0 = 0
.sld38_mphi = 0
.sld38_mtheta = 0
.sld39 = 1.7
.sld39_M0 = 0
.sld39_mphi = 0
.sld39_mtheta = 0
.sld3_M0 = 0
.sld3_mphi = 0
.sld3_mtheta = 0
.sld4 = 1.7
.sld40 = 1.7
.sld40_M0 = 0
.sld40_mphi = 0
.sld40_mtheta = 0
.sld41 = 1.7
.sld41_M0 = 0
.sld41_mphi = 0
.sld41_mtheta = 0
.sld42 = 1.7
.sld42_M0 = 0
.sld42_mphi = 0
.sld42_mtheta = 0
.sld43 = 1.7
.sld43_M0 = 0
.sld43_mphi = 0
.sld43_mtheta = 0
.sld44 = 1.7
.sld44_M0 = 0
.sld44_mphi = 0
.sld44_mtheta = 0
.sld45 = 1.7
.sld45_M0 = 0
.sld45_mphi = 0
.sld45_mtheta = 0
.sld46 = 1.7
.sld46_M0 = 0
.sld46_mphi = 0
.sld46_mtheta = 0
.sld47 = 1.7
.sld47_M0 = 0
.sld47_mphi = 0
.sld47_mtheta = 0
.sld48 = 1.7
.sld48_M0 = 0
.sld48_mphi = 0
.sld48_mtheta = 0
.sld49 = 1.7
.sld49_M0 = 0
.sld49_mphi = 0
.sld49_mtheta = 0
.sld4_M0 = 0
.sld4_mphi = 0
.sld4_mtheta = 0
.sld5 = 1.7
.sld50 = 1.7
.sld50_M0 = 0
.sld50_mphi = 0
.sld50_mtheta = 0
.sld51 = 1.7
.sld51_M0 = 0
.sld51_mphi = 0
.sld51_mtheta = 0
.sld52 = 1.7
.sld52_M0 = 0
.sld52_mphi = 0
.sld52_mtheta = 0
.sld53 = 1.7
.sld53_M0 = 0
.sld53_mphi = 0
.sld53_mtheta = 0
.sld54 = 1.7
.sld54_M0 = 0
.sld54_mphi = 0
.sld54_mtheta = 0
.sld55 = 1.7
.sld55_M0 = 0
.sld55_mphi = 0
.sld55_mtheta = 0
.sld56 = 1.7
.sld56_M0 = 0
.sld56_mphi = 0
.sld56_mtheta = 0
.sld57 = 1.7
.sld57_M0 = 0
.sld57_mphi = 0
.sld57_mtheta = 0
.sld58 = 1.7
.sld58_M0 = 0
.sld58_mphi = 0
.sld58_mtheta = 0
.sld59 = 1.7
.sld59_M0 = 0
.sld59_mphi = 0
.sld59_mtheta = 0
.sld5_M0 = 0
.sld5_mphi = 0
.sld5_mtheta = 0
.sld6 = 1.7
.sld60 = 1.7
.sld60_M0 = 0
.sld60_mphi = 0
.sld60_mtheta = 0
.sld61 = 1.7
.sld61_M0 = 0
.sld61_mphi = 0
.sld61_mtheta = 0
.sld62 = 1.7
.sld62_M0 = 0
.sld62_mphi = 0
.sld62_mtheta = 0
.sld63 = 1.7
.sld63_M0 = 0
.sld63_mphi = 0
.sld63_mtheta = 0
.sld64 = 1.7
.sld64_M0 = 0
.sld64_mphi = 0
.sld64_mtheta = 0
.sld65 = 1.7
.sld65_M0 = 0
.sld65_mphi = 0
.sld65_mtheta = 0
.sld66 = 1.7
.sld66_M0 = 0
.sld66_mphi = 0
.sld66_mtheta = 0
.sld67 = 1.7
.sld67_M0 = 0
.sld67_mphi = 0
.sld67_mtheta = 0
.sld68 = 1.7
.sld68_M0 = 0
.sld68_mphi = 0
.sld68_mtheta = 0
.sld69 = 1.7
.sld69_M0 = 0
.sld69_mphi = 0
.sld69_mtheta = 0
.sld6_M0 = 0
.sld6_mphi = 0
.sld6_mtheta = 0
.sld7 = 1.7
.sld70 = 1.7
.sld70_M0 = 0
.sld70_mphi = 0
.sld70_mtheta = 0
.sld71 = 1.7
.sld71_M0 = 0
.sld71_mphi = 0
.sld71_mtheta = 0
.sld72 = 1.7
.sld72_M0 = 0
.sld72_mphi = 0
.sld72_mtheta = 0
.sld73 = 1.7
.sld73_M0 = 0
.sld73_mphi = 0
.sld73_mtheta = 0
.sld74 = 1.7
.sld74_M0 = 0
.sld74_mphi = 0
.sld74_mtheta = 0
.sld75 = 1.7
.sld75_M0 = 0
.sld75_mphi = 0
.sld75_mtheta = 0
.sld76 = 1.7
.sld76_M0 = 0
.sld76_mphi = 0
.sld76_mtheta = 0
.sld77 = 1.7
.sld77_M0 = 0
.sld77_mphi = 0
.sld77_mtheta = 0
.sld78 = 1.7
.sld78_M0 = 0
.sld78_mphi = 0
.sld78_mtheta = 0
.sld79 = 1.7
.sld79_M0 = 0
.sld79_mphi = 0
.sld79_mtheta = 0
.sld7_M0 = 0
.sld7_mphi = 0
.sld7_mtheta = 0
.sld8 = 1.7
.sld80 = 1.7
.sld80_M0 = 0
.sld80_mphi = 0
.sld80_mtheta = 0
.sld81 = 1.7
.sld81_M0 = 0
.sld81_mphi = 0
.sld81_mtheta = 0
.sld82 = 1.7
.sld82_M0 = 0
.sld82_mphi = 0
.sld82_mtheta = 0
.sld83 = 1.7
.sld83_M0 = 0
.sld83_mphi = 0
.sld83_mtheta = 0
.sld84 = 1.7
.sld84_M0 = 0
.sld84_mphi = 0
.sld84_mtheta = 0
.sld85 = 1.7
.sld85_M0 = 0
.sld85_mphi = 0
.sld85_mtheta = 0
.sld86 = 1.7
.sld86_M0 = 0
.sld86_mphi = 0
.sld86_mtheta = 0
.sld87 = 1.7
.sld87_M0 = 0
.sld87_mphi = 0
.sld87_mtheta = 0
.sld88 = 1.7
.sld88_M0 = 0
.sld88_mphi = 0
.sld88_mtheta = 0
.sld89 = 1.7
.sld89_M0 = 0
.sld89_mphi = 0
.sld89_mtheta = 0
.sld8_M0 = 0
.sld8_mphi = 0
.sld8_mtheta = 0
.sld9 = 1.7
.sld90 = 1.7
.sld90_M0 = 0
.sld90_mphi = 0
.sld90_mtheta = 0
.sld91 = 1.7
.sld91_M0 = 0
.sld91_mphi = 0
.sld91_mtheta = 0
.sld92 = 1.7
.sld92_M0 = 0
.sld92_mphi = 0
.sld92_mtheta = 0
.sld93 = 1.7
.sld93_M0 = 0
.sld93_mphi = 0
.sld93_mtheta = 0
.sld94 = 1.7
.sld94_M0 = 0
.sld94_mphi = 0
.sld94_mtheta = 0
.sld95 = 1.7
.sld95_M0 = 0
.sld95_mphi = 0
.sld95_mtheta = 0
.sld96 = 1.7
.sld96_M0 = 0
.sld96_mphi = 0
.sld96_mtheta = 0
.sld97 = 1.7
.sld97_M0 = 0
.sld97_mphi = 0
.sld97_mtheta = 0
.sld98 = 1.7
.sld98_M0 = 0
.sld98_mphi = 0
.sld98_mtheta = 0
.sld99 = 1.7
.sld99_M0 = 0
.sld99_mphi = 0
.sld99_mtheta = 0
.sld9_M0 = 0
.sld9_mphi = 0
.sld9_mtheta = 0
.sld_core = sld_solvent0 = 1.51913 in [-0.56,6.4]
.sld_core_M0 = 0
.sld_core_mphi = 0
.sld_core_mtheta = 0
.sld_solvent = sld_solvent0 = 1.51913 in [-0.56,6.4]
.sld_solvent_M0 = 0
.sld_solvent_mphi = 0
.sld_solvent_mtheta = 0
.thickness1 = 40
.thickness10 = 40
.thickness100 = 40
.thickness100_pd = 0
.thickness100_pd_n = 35
.thickness100_pd_nsigma = 3
.thickness10_pd = 0
.thickness10_pd_n = 35
.thickness10_pd_nsigma = 3
.thickness11 = 40
.thickness11_pd = 0
.thickness11_pd_n = 35
.thickness11_pd_nsigma = 3
.thickness12 = 40
.thickness12_pd = 0
.thickness12_pd_n = 35
.thickness12_pd_nsigma = 3
.thickness13 = 40
.thickness13_pd = 0
.thickness13_pd_n = 35
.thickness13_pd_nsigma = 3
.thickness14 = 40
.thickness14_pd = 0
.thickness14_pd_n = 35
.thickness14_pd_nsigma = 3
.thickness15 = 40
.thickness15_pd = 0
.thickness15_pd_n = 35
.thickness15_pd_nsigma = 3
.thickness16 = 40
.thickness16_pd = 0
.thickness16_pd_n = 35
.thickness16_pd_nsigma = 3
.thickness17 = 40
.thickness17_pd = 0
.thickness17_pd_n = 35
.thickness17_pd_nsigma = 3
.thickness18 = 40
.thickness18_pd = 0
.thickness18_pd_n = 35
.thickness18_pd_nsigma = 3
.thickness19 = 40
.thickness19_pd = 0
.thickness19_pd_n = 35
.thickness19_pd_nsigma = 3
.thickness1_pd = 0
.thickness1_pd_n = 35
.thickness1_pd_nsigma = 3
.thickness2 = 40
.thickness20 = 40
.thickness20_pd = 0
.thickness20_pd_n = 35
.thickness20_pd_nsigma = 3
.thickness21 = 40
.thickness21_pd = 0
.thickness21_pd_n = 35
.thickness21_pd_nsigma = 3
.thickness22 = 40
.thickness22_pd = 0
.thickness22_pd_n = 35
.thickness22_pd_nsigma = 3
.thickness23 = 40
.thickness23_pd = 0
.thickness23_pd_n = 35
.thickness23_pd_nsigma = 3
.thickness24 = 40
.thickness24_pd = 0
.thickness24_pd_n = 35
.thickness24_pd_nsigma = 3
.thickness25 = 40
.thickness25_pd = 0
.thickness25_pd_n = 35
.thickness25_pd_nsigma = 3
.thickness26 = 40
.thickness26_pd = 0
.thickness26_pd_n = 35
.thickness26_pd_nsigma = 3
.thickness27 = 40
.thickness27_pd = 0
.thickness27_pd_n = 35
.thickness27_pd_nsigma = 3
.thickness28 = 40
.thickness28_pd = 0
.thickness28_pd_n = 35
.thickness28_pd_nsigma = 3
.thickness29 = 40
.thickness29_pd = 0
.thickness29_pd_n = 35
.thickness29_pd_nsigma = 3
.thickness2_pd = 0
.thickness2_pd_n = 35
.thickness2_pd_nsigma = 3
.thickness3 = 40
.thickness30 = 40
.thickness30_pd = 0
.thickness30_pd_n = 35
.thickness30_pd_nsigma = 3
.thickness31 = 40
.thickness31_pd = 0
.thickness31_pd_n = 35
.thickness31_pd_nsigma = 3
.thickness32 = 40
.thickness32_pd = 0
.thickness32_pd_n = 35
.thickness32_pd_nsigma = 3
.thickness33 = 40
.thickness33_pd = 0
.thickness33_pd_n = 35
.thickness33_pd_nsigma = 3
.thickness34 = 40
.thickness34_pd = 0
.thickness34_pd_n = 35
.thickness34_pd_nsigma = 3
.thickness35 = 40
.thickness35_pd = 0
.thickness35_pd_n = 35
.thickness35_pd_nsigma = 3
.thickness36 = 40
.thickness36_pd = 0
.thickness36_pd_n = 35
.thickness36_pd_nsigma = 3
.thickness37 = 40
.thickness37_pd = 0
.thickness37_pd_n = 35
.thickness37_pd_nsigma = 3
.thickness38 = 40
.thickness38_pd = 0
.thickness38_pd_n = 35
.thickness38_pd_nsigma = 3
.thickness39 = 40
.thickness39_pd = 0
.thickness39_pd_n = 35
.thickness39_pd_nsigma = 3
.thickness3_pd = 0
.thickness3_pd_n = 35
.thickness3_pd_nsigma = 3
.thickness4 = 40
.thickness40 = 40
.thickness40_pd = 0
.thickness40_pd_n = 35
.thickness40_pd_nsigma = 3
.thickness41 = 40
.thickness41_pd = 0
.thickness41_pd_n = 35
.thickness41_pd_nsigma = 3
.thickness42 = 40
.thickness42_pd = 0
.thickness42_pd_n = 35
.thickness42_pd_nsigma = 3
.thickness43 = 40
.thickness43_pd = 0
.thickness43_pd_n = 35
.thickness43_pd_nsigma = 3
.thickness44 = 40
.thickness44_pd = 0
.thickness44_pd_n = 35
.thickness44_pd_nsigma = 3
.thickness45 = 40
.thickness45_pd = 0
.thickness45_pd_n = 35
.thickness45_pd_nsigma = 3
.thickness46 = 40
.thickness46_pd = 0
.thickness46_pd_n = 35
.thickness46_pd_nsigma = 3
.thickness47 = 40
.thickness47_pd = 0
.thickness47_pd_n = 35
.thickness47_pd_nsigma = 3
.thickness48 = 40
.thickness48_pd = 0
.thickness48_pd_n = 35
.thickness48_pd_nsigma = 3
.thickness49 = 40
.thickness49_pd = 0
.thickness49_pd_n = 35
.thickness49_pd_nsigma = 3
.thickness4_pd = 0
.thickness4_pd_n = 35
.thickness4_pd_nsigma = 3
.thickness5 = 40
.thickness50 = 40
.thickness50_pd = 0
.thickness50_pd_n = 35
.thickness50_pd_nsigma = 3
.thickness51 = 40
.thickness51_pd = 0
.thickness51_pd_n = 35
.thickness51_pd_nsigma = 3
.thickness52 = 40
.thickness52_pd = 0
.thickness52_pd_n = 35
.thickness52_pd_nsigma = 3
.thickness53 = 40
.thickness53_pd = 0
.thickness53_pd_n = 35
.thickness53_pd_nsigma = 3
.thickness54 = 40
.thickness54_pd = 0
.thickness54_pd_n = 35
.thickness54_pd_nsigma = 3
.thickness55 = 40
.thickness55_pd = 0
.thickness55_pd_n = 35
.thickness55_pd_nsigma = 3
.thickness56 = 40
.thickness56_pd = 0
.thickness56_pd_n = 35
.thickness56_pd_nsigma = 3
.thickness57 = 40
.thickness57_pd = 0
.thickness57_pd_n = 35
.thickness57_pd_nsigma = 3
.thickness58 = 40
.thickness58_pd = 0
.thickness58_pd_n = 35
.thickness58_pd_nsigma = 3
.thickness59 = 40
.thickness59_pd = 0
.thickness59_pd_n = 35
.thickness59_pd_nsigma = 3
.thickness5_pd = 0
.thickness5_pd_n = 35
.thickness5_pd_nsigma = 3
.thickness6 = 40
.thickness60 = 40
.thickness60_pd = 0
.thickness60_pd_n = 35
.thickness60_pd_nsigma = 3
.thickness61 = 40
.thickness61_pd = 0
.thickness61_pd_n = 35
.thickness61_pd_nsigma = 3
.thickness62 = 40
.thickness62_pd = 0
.thickness62_pd_n = 35
.thickness62_pd_nsigma = 3
.thickness63 = 40
.thickness63_pd = 0
.thickness63_pd_n = 35
.thickness63_pd_nsigma = 3
.thickness64 = 40
.thickness64_pd = 0
.thickness64_pd_n = 35
.thickness64_pd_nsigma = 3
.thickness65 = 40
.thickness65_pd = 0
.thickness65_pd_n = 35
.thickness65_pd_nsigma = 3
.thickness66 = 40
.thickness66_pd = 0
.thickness66_pd_n = 35
.thickness66_pd_nsigma = 3
.thickness67 = 40
.thickness67_pd = 0
.thickness67_pd_n = 35
.thickness67_pd_nsigma = 3
.thickness68 = 40
.thickness68_pd = 0
.thickness68_pd_n = 35
.thickness68_pd_nsigma = 3
.thickness69 = 40
.thickness69_pd = 0
.thickness69_pd_n = 35
.thickness69_pd_nsigma = 3
.thickness6_pd = 0
.thickness6_pd_n = 35
.thickness6_pd_nsigma = 3
.thickness7 = 40
.thickness70 = 40
.thickness70_pd = 0
.thickness70_pd_n = 35
.thickness70_pd_nsigma = 3
.thickness71 = 40
.thickness71_pd = 0
.thickness71_pd_n = 35
.thickness71_pd_nsigma = 3
.thickness72 = 40
.thickness72_pd = 0
.thickness72_pd_n = 35
.thickness72_pd_nsigma = 3
.thickness73 = 40
.thickness73_pd = 0
.thickness73_pd_n = 35
.thickness73_pd_nsigma = 3
.thickness74 = 40
.thickness74_pd = 0
.thickness74_pd_n = 35
.thickness74_pd_nsigma = 3
.thickness75 = 40
.thickness75_pd = 0
.thickness75_pd_n = 35
.thickness75_pd_nsigma = 3
.thickness76 = 40
.thickness76_pd = 0
.thickness76_pd_n = 35
.thickness76_pd_nsigma = 3
.thickness77 = 40
.thickness77_pd = 0
.thickness77_pd_n = 35
.thickness77_pd_nsigma = 3
.thickness78 = 40
.thickness78_pd = 0
.thickness78_pd_n = 35
.thickness78_pd_nsigma = 3
.thickness79 = 40
.thickness79_pd = 0
.thickness79_pd_n = 35
.thickness79_pd_nsigma = 3
.thickness7_pd = 0
.thickness7_pd_n = 35
.thickness7_pd_nsigma = 3
.thickness8 = 40
.thickness80 = 40
.thickness80_pd = 0
.thickness80_pd_n = 35
.thickness80_pd_nsigma = 3
.thickness81 = 40
.thickness81_pd = 0
.thickness81_pd_n = 35
.thickness81_pd_nsigma = 3
.thickness82 = 40
.thickness82_pd = 0
.thickness82_pd_n = 35
.thickness82_pd_nsigma = 3
.thickness83 = 40
.thickness83_pd = 0
.thickness83_pd_n = 35
.thickness83_pd_nsigma = 3
.thickness84 = 40
.thickness84_pd = 0
.thickness84_pd_n = 35
.thickness84_pd_nsigma = 3
.thickness85 = 40
.thickness85_pd = 0
.thickness85_pd_n = 35
.thickness85_pd_nsigma = 3
.thickness86 = 40
.thickness86_pd = 0
.thickness86_pd_n = 35
.thickness86_pd_nsigma = 3
.thickness87 = 40
.thickness87_pd = 0
.thickness87_pd_n = 35
.thickness87_pd_nsigma = 3
.thickness88 = 40
.thickness88_pd = 0
.thickness88_pd_n = 35
.thickness88_pd_nsigma = 3
.thickness89 = 40
.thickness89_pd = 0
.thickness89_pd_n = 35
.thickness89_pd_nsigma = 3
.thickness8_pd = 0
.thickness8_pd_n = 35
.thickness8_pd_nsigma = 3
.thickness9 = 40
.thickness90 = 40
.thickness90_pd = 0
.thickness90_pd_n = 35
.thickness90_pd_nsigma = 3
.thickness91 = 40
.thickness91_pd = 0
.thickness91_pd_n = 35
.thickness91_pd_nsigma = 3
.thickness92 = 40
.thickness92_pd = 0
.thickness92_pd_n = 35
.thickness92_pd_nsigma = 3
.thickness93 = 40
.thickness93_pd = 0
.thickness93_pd_n = 35
.thickness93_pd_nsigma = 3
.thickness94 = 40
.thickness94_pd = 0
.thickness94_pd_n = 35
.thickness94_pd_nsigma = 3
.thickness95 = 40
.thickness95_pd = 0
.thickness95_pd_n = 35
.thickness95_pd_nsigma = 3
.thickness96 = 40
.thickness96_pd = 0
.thickness96_pd_n = 35
.thickness96_pd_nsigma = 3
.thickness97 = 40
.thickness97_pd = 0
.thickness97_pd_n = 35
.thickness97_pd_nsigma = 3
.thickness98 = 40
.thickness98_pd = 0
.thickness98_pd_n = 35
.thickness98_pd_nsigma = 3
.thickness99 = 40
.thickness99_pd = 0
.thickness99_pd_n = 35
.thickness99_pd_nsigma = 3
.thickness9_pd = 0
.thickness9_pd_n = 35
.thickness9_pd_nsigma = 3
.up_angle = 0
.up_frac_f = 0
.up_frac_i = 0
.up_phi = 0

[chisq=189.766(23), nllf=23815.7]
-- Model 1 sim1.dat
.background = background1 = 0.295631 in [0.01,0.8]
.n = 100
.radius = 45.5477 in [40,120]
.radius_pd = 0.0955671 in [0.05,0.7]
.radius_pd_n = 35
.radius_pd_nsigma = 3
.scale = 0.000127904 in [0.0001,0.05]
.sld1 = 1.7
.sld10 = 1.7
.sld100 = 1.7
.sld100_M0 = 0
.sld100_mphi = 0
.sld100_mtheta = 0
.sld10_M0 = 0
.sld10_mphi = 0
.sld10_mtheta = 0
.sld11 = 1.7
.sld11_M0 = 0
.sld11_mphi = 0
.sld11_mtheta = 0
.sld12 = 1.7
.sld12_M0 = 0
.sld12_mphi = 0
.sld12_mtheta = 0
.sld13 = 1.7
.sld13_M0 = 0
.sld13_mphi = 0
.sld13_mtheta = 0
.sld14 = 1.7
.sld14_M0 = 0
.sld14_mphi = 0
.sld14_mtheta = 0
.sld15 = 1.7
.sld15_M0 = 0
.sld15_mphi = 0
.sld15_mtheta = 0
.sld16 = 1.7
.sld16_M0 = 0
.sld16_mphi = 0
.sld16_mtheta = 0
.sld17 = 1.7
.sld17_M0 = 0
.sld17_mphi = 0
.sld17_mtheta = 0
.sld18 = 1.7
.sld18_M0 = 0
.sld18_mphi = 0
.sld18_mtheta = 0
.sld19 = 1.7
.sld19_M0 = 0
.sld19_mphi = 0
.sld19_mtheta = 0
.sld1_M0 = 0
.sld1_mphi = 0
.sld1_mtheta = 0
.sld2 = 1.7
.sld20 = 1.7
.sld20_M0 = 0
.sld20_mphi = 0
.sld20_mtheta = 0
.sld21 = 1.7
.sld21_M0 = 0
.sld21_mphi = 0
.sld21_mtheta = 0
.sld22 = 1.7
.sld22_M0 = 0
.sld22_mphi = 0
.sld22_mtheta = 0
.sld23 = 1.7
.sld23_M0 = 0
.sld23_mphi = 0
.sld23_mtheta = 0
.sld24 = 1.7
.sld24_M0 = 0
.sld24_mphi = 0
.sld24_mtheta = 0
.sld25 = 1.7
.sld25_M0 = 0
.sld25_mphi = 0
.sld25_mtheta = 0
.sld26 = 1.7
.sld26_M0 = 0
.sld26_mphi = 0
.sld26_mtheta = 0
.sld27 = 1.7
.sld27_M0 = 0
.sld27_mphi = 0
.sld27_mtheta = 0
.sld28 = 1.7
.sld28_M0 = 0
.sld28_mphi = 0
.sld28_mtheta = 0
.sld29 = 1.7
.sld29_M0 = 0
.sld29_mphi = 0
.sld29_mtheta = 0
.sld2_M0 = 0
.sld2_mphi = 0
.sld2_mtheta = 0
.sld3 = 1.7
.sld30 = 1.7
.sld30_M0 = 0
.sld30_mphi = 0
.sld30_mtheta = 0
.sld31 = 1.7
.sld31_M0 = 0
.sld31_mphi = 0
.sld31_mtheta = 0
.sld32 = 1.7
.sld32_M0 = 0
.sld32_mphi = 0
.sld32_mtheta = 0
.sld33 = 1.7
.sld33_M0 = 0
.sld33_mphi = 0
.sld33_mtheta = 0
.sld34 = 1.7
.sld34_M0 = 0
.sld34_mphi = 0
.sld34_mtheta = 0
.sld35 = 1.7
.sld35_M0 = 0
.sld35_mphi = 0
.sld35_mtheta = 0
.sld36 = 1.7
.sld36_M0 = 0
.sld36_mphi = 0
.sld36_mtheta = 0
.sld37 = 1.7
.sld37_M0 = 0
.sld37_mphi = 0
.sld37_mtheta = 0
.sld38 = 1.7
.sld38_M0 = 0
.sld38_mphi = 0
.sld38_mtheta = 0
.sld39 = 1.7
.sld39_M0 = 0
.sld39_mphi = 0
.sld39_mtheta = 0
.sld3_M0 = 0
.sld3_mphi = 0
.sld3_mtheta = 0
.sld4 = 1.7
.sld40 = 1.7
.sld40_M0 = 0
.sld40_mphi = 0
.sld40_mtheta = 0
.sld41 = 1.7
.sld41_M0 = 0
.sld41_mphi = 0
.sld41_mtheta = 0
.sld42 = 1.7
.sld42_M0 = 0
.sld42_mphi = 0
.sld42_mtheta = 0
.sld43 = 1.7
.sld43_M0 = 0
.sld43_mphi = 0
.sld43_mtheta = 0
.sld44 = 1.7
.sld44_M0 = 0
.sld44_mphi = 0
.sld44_mtheta = 0
.sld45 = 1.7
.sld45_M0 = 0
.sld45_mphi = 0
.sld45_mtheta = 0
.sld46 = 1.7
.sld46_M0 = 0
.sld46_mphi = 0
.sld46_mtheta = 0
.sld47 = 1.7
.sld47_M0 = 0
.sld47_mphi = 0
.sld47_mtheta = 0
.sld48 = 1.7
.sld48_M0 = 0
.sld48_mphi = 0
.sld48_mtheta = 0
.sld49 = 1.7
.sld49_M0 = 0
.sld49_mphi = 0
.sld49_mtheta = 0
.sld4_M0 = 0
.sld4_mphi = 0
.sld4_mtheta = 0
.sld5 = 1.7
.sld50 = 1.7
.sld50_M0 = 0
.sld50_mphi = 0
.sld50_mtheta = 0
.sld51 = 1.7
.sld51_M0 = 0
.sld51_mphi = 0
.sld51_mtheta = 0
.sld52 = 1.7
.sld52_M0 = 0
.sld52_mphi = 0
.sld52_mtheta = 0
.sld53 = 1.7
.sld53_M0 = 0
.sld53_mphi = 0
.sld53_mtheta = 0
.sld54 = 1.7
.sld54_M0 = 0
.sld54_mphi = 0
.sld54_mtheta = 0
.sld55 = 1.7
.sld55_M0 = 0
.sld55_mphi = 0
.sld55_mtheta = 0
.sld56 = 1.7
.sld56_M0 = 0
.sld56_mphi = 0
.sld56_mtheta = 0
.sld57 = 1.7
.sld57_M0 = 0
.sld57_mphi = 0
.sld57_mtheta = 0
.sld58 = 1.7
.sld58_M0 = 0
.sld58_mphi = 0
.sld58_mtheta = 0
.sld59 = 1.7
.sld59_M0 = 0
.sld59_mphi = 0
.sld59_mtheta = 0
.sld5_M0 = 0
.sld5_mphi = 0
.sld5_mtheta = 0
.sld6 = 1.7
.sld60 = 1.7
.sld60_M0 = 0
.sld60_mphi = 0
.sld60_mtheta = 0
.sld61 = 1.7
.sld61_M0 = 0
.sld61_mphi = 0
.sld61_mtheta = 0
.sld62 = 1.7
.sld62_M0 = 0
.sld62_mphi = 0
.sld62_mtheta = 0
.sld63 = 1.7
.sld63_M0 = 0
.sld63_mphi = 0
.sld63_mtheta = 0
.sld64 = 1.7
.sld64_M0 = 0
.sld64_mphi = 0
.sld64_mtheta = 0
.sld65 = 1.7
.sld65_M0 = 0
.sld65_mphi = 0
.sld65_mtheta = 0
.sld66 = 1.7
.sld66_M0 = 0
.sld66_mphi = 0
.sld66_mtheta = 0
.sld67 = 1.7
.sld67_M0 = 0
.sld67_mphi = 0
.sld67_mtheta = 0
.sld68 = 1.7
.sld68_M0 = 0
.sld68_mphi = 0
.sld68_mtheta = 0
.sld69 = 1.7
.sld69_M0 = 0
.sld69_mphi = 0
.sld69_mtheta = 0
.sld6_M0 = 0
.sld6_mphi = 0
.sld6_mtheta = 0
.sld7 = 1.7
.sld70 = 1.7
.sld70_M0 = 0
.sld70_mphi = 0
.sld70_mtheta = 0
.sld71 = 1.7
.sld71_M0 = 0
.sld71_mphi = 0
.sld71_mtheta = 0
.sld72 = 1.7
.sld72_M0 = 0
.sld72_mphi = 0
.sld72_mtheta = 0
.sld73 = 1.7
.sld73_M0 = 0
.sld73_mphi = 0
.sld73_mtheta = 0
.sld74 = 1.7
.sld74_M0 = 0
.sld74_mphi = 0
.sld74_mtheta = 0
.sld75 = 1.7
.sld75_M0 = 0
.sld75_mphi = 0
.sld75_mtheta = 0
.sld76 = 1.7
.sld76_M0 = 0
.sld76_mphi = 0
.sld76_mtheta = 0
.sld77 = 1.7
.sld77_M0 = 0
.sld77_mphi = 0
.sld77_mtheta = 0
.sld78 = 1.7
.sld78_M0 = 0
.sld78_mphi = 0
.sld78_mtheta = 0
.sld79 = 1.7
.sld79_M0 = 0
.sld79_mphi = 0
.sld79_mtheta = 0
.sld7_M0 = 0
.sld7_mphi = 0
.sld7_mtheta = 0
.sld8 = 1.7
.sld80 = 1.7
.sld80_M0 = 0
.sld80_mphi = 0
.sld80_mtheta = 0
.sld81 = 1.7
.sld81_M0 = 0
.sld81_mphi = 0
.sld81_mtheta = 0
.sld82 = 1.7
.sld82_M0 = 0
.sld82_mphi = 0
.sld82_mtheta = 0
.sld83 = 1.7
.sld83_M0 = 0
.sld83_mphi = 0
.sld83_mtheta = 0
.sld84 = 1.7
.sld84_M0 = 0
.sld84_mphi = 0
.sld84_mtheta = 0
.sld85 = 1.7
.sld85_M0 = 0
.sld85_mphi = 0
.sld85_mtheta = 0
.sld86 = 1.7
.sld86_M0 = 0
.sld86_mphi = 0
.sld86_mtheta = 0
.sld87 = 1.7
.sld87_M0 = 0
.sld87_mphi = 0
.sld87_mtheta = 0
.sld88 = 1.7
.sld88_M0 = 0
.sld88_mphi = 0
.sld88_mtheta = 0
.sld89 = 1.7
.sld89_M0 = 0
.sld89_mphi = 0
.sld89_mtheta = 0
.sld8_M0 = 0
.sld8_mphi = 0
.sld8_mtheta = 0
.sld9 = 1.7
.sld90 = 1.7
.sld90_M0 = 0
.sld90_mphi = 0
.sld90_mtheta = 0
.sld91 = 1.7
.sld91_M0 = 0
.sld91_mphi = 0
.sld91_mtheta = 0
.sld92 = 1.7
.sld92_M0 = 0
.sld92_mphi = 0
.sld92_mtheta = 0
.sld93 = 1.7
.sld93_M0 = 0
.sld93_mphi = 0
.sld93_mtheta = 0
.sld94 = 1.7
.sld94_M0 = 0
.sld94_mphi = 0
.sld94_mtheta = 0
.sld95 = 1.7
.sld95_M0 = 0
.sld95_mphi = 0
.sld95_mtheta = 0
.sld96 = 1.7
.sld96_M0 = 0
.sld96_mphi = 0
.sld96_mtheta = 0
.sld97 = 1.7
.sld97_M0 = 0
.sld97_mphi = 0
.sld97_mtheta = 0
.sld98 = 1.7
.sld98_M0 = 0
.sld98_mphi = 0
.sld98_mtheta = 0
.sld99 = 1.7
.sld99_M0 = 0
.sld99_mphi = 0
.sld99_mtheta = 0
.sld9_M0 = 0
.sld9_mphi = 0
.sld9_mtheta = 0
.sld_core = sld_solvent1 = 1.69854 in [-0.56,6.4]
.sld_core_M0 = 0
.sld_core_mphi = 0
.sld_core_mtheta = 0
.sld_solvent = sld_solvent1 = 1.69854 in [-0.56,6.4]
.sld_solvent_M0 = 0
.sld_solvent_mphi = 0
.sld_solvent_mtheta = 0
.thickness1 = 40
.thickness10 = 40
.thickness100 = 40
.thickness100_pd = 0
.thickness100_pd_n = 35
.thickness100_pd_nsigma = 3
.thickness10_pd = 0
.thickness10_pd_n = 35
.thickness10_pd_nsigma = 3
.thickness11 = 40
.thickness11_pd = 0
.thickness11_pd_n = 35
.thickness11_pd_nsigma = 3
.thickness12 = 40
.thickness12_pd = 0
.thickness12_pd_n = 35
.thickness12_pd_nsigma = 3
.thickness13 = 40
.thickness13_pd = 0
.thickness13_pd_n = 35
.thickness13_pd_nsigma = 3
.thickness14 = 40
.thickness14_pd = 0
.thickness14_pd_n = 35
.thickness14_pd_nsigma = 3
.thickness15 = 40
.thickness15_pd = 0
.thickness15_pd_n = 35
.thickness15_pd_nsigma = 3
.thickness16 = 40
.thickness16_pd = 0
.thickness16_pd_n = 35
.thickness16_pd_nsigma = 3
.thickness17 = 40
.thickness17_pd = 0
.thickness17_pd_n = 35
.thickness17_pd_nsigma = 3
.thickness18 = 40
.thickness18_pd = 0
.thickness18_pd_n = 35
.thickness18_pd_nsigma = 3
.thickness19 = 40
.thickness19_pd = 0
.thickness19_pd_n = 35
.thickness19_pd_nsigma = 3
.thickness1_pd = 0
.thickness1_pd_n = 35
.thickness1_pd_nsigma = 3
.thickness2 = 40
.thickness20 = 40
.thickness20_pd = 0
.thickness20_pd_n = 35
.thickness20_pd_nsigma = 3
.thickness21 = 40
.thickness21_pd = 0
.thickness21_pd_n = 35
.thickness21_pd_nsigma = 3
.thickness22 = 40
.thickness22_pd = 0
.thickness22_pd_n = 35
.thickness22_pd_nsigma = 3
.thickness23 = 40
.thickness23_pd = 0
.thickness23_pd_n = 35
.thickness23_pd_nsigma = 3
.thickness24 = 40
.thickness24_pd = 0
.thickness24_pd_n = 35
.thickness24_pd_nsigma = 3
.thickness25 = 40
.thickness25_pd = 0
.thickness25_pd_n = 35
.thickness25_pd_nsigma = 3
.thickness26 = 40
.thickness26_pd = 0
.thickness26_pd_n = 35
.thickness26_pd_nsigma = 3
.thickness27 = 40
.thickness27_pd = 0
.thickness27_pd_n = 35
.thickness27_pd_nsigma = 3
.thickness28 = 40
.thickness28_pd = 0
.thickness28_pd_n = 35
.thickness28_pd_nsigma = 3
.thickness29 = 40
.thickness29_pd = 0
.thickness29_pd_n = 35
.thickness29_pd_nsigma = 3
.thickness2_pd = 0
.thickness2_pd_n = 35
.thickness2_pd_nsigma = 3
.thickness3 = 40
.thickness30 = 40
.thickness30_pd = 0
.thickness30_pd_n = 35
.thickness30_pd_nsigma = 3
.thickness31 = 40
.thickness31_pd = 0
.thickness31_pd_n = 35
.thickness31_pd_nsigma = 3
.thickness32 = 40
.thickness32_pd = 0
.thickness32_pd_n = 35
.thickness32_pd_nsigma = 3
.thickness33 = 40
.thickness33_pd = 0
.thickness33_pd_n = 35
.thickness33_pd_nsigma = 3
.thickness34 = 40
.thickness34_pd = 0
.thickness34_pd_n = 35
.thickness34_pd_nsigma = 3
.thickness35 = 40
.thickness35_pd = 0
.thickness35_pd_n = 35
.thickness35_pd_nsigma = 3
.thickness36 = 40
.thickness36_pd = 0
.thickness36_pd_n = 35
.thickness36_pd_nsigma = 3
.thickness37 = 40
.thickness37_pd = 0
.thickness37_pd_n = 35
.thickness37_pd_nsigma = 3
.thickness38 = 40
.thickness38_pd = 0
.thickness38_pd_n = 35
.thickness38_pd_nsigma = 3
.thickness39 = 40
.thickness39_pd = 0
.thickness39_pd_n = 35
.thickness39_pd_nsigma = 3
.thickness3_pd = 0
.thickness3_pd_n = 35
.thickness3_pd_nsigma = 3
.thickness4 = 40
.thickness40 = 40
.thickness40_pd = 0
.thickness40_pd_n = 35
.thickness40_pd_nsigma = 3
.thickness41 = 40
.thickness41_pd = 0
.thickness41_pd_n = 35
.thickness41_pd_nsigma = 3
.thickness42 = 40
.thickness42_pd = 0
.thickness42_pd_n = 35
.thickness42_pd_nsigma = 3
.thickness43 = 40
.thickness43_pd = 0
.thickness43_pd_n = 35
.thickness43_pd_nsigma = 3
.thickness44 = 40
.thickness44_pd = 0
.thickness44_pd_n = 35
.thickness44_pd_nsigma = 3
.thickness45 = 40
.thickness45_pd = 0
.thickness45_pd_n = 35
.thickness45_pd_nsigma = 3
.thickness46 = 40
.thickness46_pd = 0
.thickness46_pd_n = 35
.thickness46_pd_nsigma = 3
.thickness47 = 40
.thickness47_pd = 0
.thickness47_pd_n = 35
.thickness47_pd_nsigma = 3
.thickness48 = 40
.thickness48_pd = 0
.thickness48_pd_n = 35
.thickness48_pd_nsigma = 3
.thickness49 = 40
.thickness49_pd = 0
.thickness49_pd_n = 35
.thickness49_pd_nsigma = 3
.thickness4_pd = 0
.thickness4_pd_n = 35
.thickness4_pd_nsigma = 3
.thickness5 = 40
.thickness50 = 40
.thickness50_pd = 0
.thickness50_pd_n = 35
.thickness50_pd_nsigma = 3
.thickness51 = 40
.thickness51_pd = 0
.thickness51_pd_n = 35
.thickness51_pd_nsigma = 3
.thickness52 = 40
.thickness52_pd = 0
.thickness52_pd_n = 35
.thickness52_pd_nsigma = 3
.thickness53 = 40
.thickness53_pd = 0
.thickness53_pd_n = 35
.thickness53_pd_nsigma = 3
.thickness54 = 40
.thickness54_pd = 0
.thickness54_pd_n = 35
.thickness54_pd_nsigma = 3
.thickness55 = 40
.thickness55_pd = 0
.thickness55_pd_n = 35
.thickness55_pd_nsigma = 3
.thickness56 = 40
.thickness56_pd = 0
.thickness56_pd_n = 35
.thickness56_pd_nsigma = 3
.thickness57 = 40
.thickness57_pd = 0
.thickness57_pd_n = 35
.thickness57_pd_nsigma = 3
.thickness58 = 40
.thickness58_pd = 0
.thickness58_pd_n = 35
.thickness58_pd_nsigma = 3
.thickness59 = 40
.thickness59_pd = 0
.thickness59_pd_n = 35
.thickness59_pd_nsigma = 3
.thickness5_pd = 0
.thickness5_pd_n = 35
.thickness5_pd_nsigma = 3
.thickness6 = 40
.thickness60 = 40
.thickness60_pd = 0
.thickness60_pd_n = 35
.thickness60_pd_nsigma = 3
.thickness61 = 40
.thickness61_pd = 0
.thickness61_pd_n = 35
.thickness61_pd_nsigma = 3
.thickness62 = 40
.thickness62_pd = 0
.thickness62_pd_n = 35
.thickness62_pd_nsigma = 3
.thickness63 = 40
.thickness63_pd = 0
.thickness63_pd_n = 35
.thickness63_pd_nsigma = 3
.thickness64 = 40
.thickness64_pd = 0
.thickness64_pd_n = 35
.thickness64_pd_nsigma = 3
.thickness65 = 40
.thickness65_pd = 0
.thickness65_pd_n = 35
.thickness65_pd_nsigma = 3
.thickness66 = 40
.thickness66_pd = 0
.thickness66_pd_n = 35
.thickness66_pd_nsigma = 3
.thickness67 = 40
.thickness67_pd = 0
.thickness67_pd_n = 35
.thickness67_pd_nsigma = 3
.thickness68 = 40
.thickness68_pd = 0
.thickness68_pd_n = 35
.thickness68_pd_nsigma = 3
.thickness69 = 40
.thickness69_pd = 0
.thickness69_pd_n = 35
.thickness69_pd_nsigma = 3
.thickness6_pd = 0
.thickness6_pd_n = 35
.thickness6_pd_nsigma = 3
.thickness7 = 40
.thickness70 = 40
.thickness70_pd = 0
.thickness70_pd_n = 35
.thickness70_pd_nsigma = 3
.thickness71 = 40
.thickness71_pd = 0
.thickness71_pd_n = 35
.thickness71_pd_nsigma = 3
.thickness72 = 40
.thickness72_pd = 0
.thickness72_pd_n = 35
.thickness72_pd_nsigma = 3
.thickness73 = 40
.thickness73_pd = 0
.thickness73_pd_n = 35
.thickness73_pd_nsigma = 3
.thickness74 = 40
.thickness74_pd = 0
.thickness74_pd_n = 35
.thickness74_pd_nsigma = 3
.thickness75 = 40
.thickness75_pd = 0
.thickness75_pd_n = 35
.thickness75_pd_nsigma = 3
.thickness76 = 40
.thickness76_pd = 0
.thickness76_pd_n = 35
.thickness76_pd_nsigma = 3
.thickness77 = 40
.thickness77_pd = 0
.thickness77_pd_n = 35
.thickness77_pd_nsigma = 3
.thickness78 = 40
.thickness78_pd = 0
.thickness78_pd_n = 35
.thickness78_pd_nsigma = 3
.thickness79 = 40
.thickness79_pd = 0
.thickness79_pd_n = 35
.thickness79_pd_nsigma = 3
.thickness7_pd = 0
.thickness7_pd_n = 35
.thickness7_pd_nsigma = 3
.thickness8 = 40
.thickness80 = 40
.thickness80_pd = 0
.thickness80_pd_n = 35
.thickness80_pd_nsigma = 3
.thickness81 = 40
.thickness81_pd = 0
.thickness81_pd_n = 35
.thickness81_pd_nsigma = 3
.thickness82 = 40
.thickness82_pd = 0
.thickness82_pd_n = 35
.thickness82_pd_nsigma = 3
.thickness83 = 40
.thickness83_pd = 0
.thickness83_pd_n = 35
.thickness83_pd_nsigma = 3
.thickness84 = 40
.thickness84_pd = 0
.thickness84_pd_n = 35
.thickness84_pd_nsigma = 3
.thickness85 = 40
.thickness85_pd = 0
.thickness85_pd_n = 35
.thickness85_pd_nsigma = 3
.thickness86 = 40
.thickness86_pd = 0
.thickness86_pd_n = 35
.thickness86_pd_nsigma = 3
.thickness87 = 40
.thickness87_pd = 0
.thickness87_pd_n = 35
.thickness87_pd_nsigma = 3
.thickness88 = 40
.thickness88_pd = 0
.thickness88_pd_n = 35
.thickness88_pd_nsigma = 3
.thickness89 = 40
.thickness89_pd = 0
.thickness89_pd_n = 35
.thickness89_pd_nsigma = 3
.thickness8_pd = 0
.thickness8_pd_n = 35
.thickness8_pd_nsigma = 3
.thickness9 = 40
.thickness90 = 40
.thickness90_pd = 0
.thickness90_pd_n = 35
.thickness90_pd_nsigma = 3
.thickness91 = 40
.thickness91_pd = 0
.thickness91_pd_n = 35
.thickness91_pd_nsigma = 3
.thickness92 = 40
.thickness92_pd = 0
.thickness92_pd_n = 35
.thickness92_pd_nsigma = 3
.thickness93 = 40
.thickness93_pd = 0
.thickness93_pd_n = 35
.thickness93_pd_nsigma = 3
.thickness94 = 40
.thickness94_pd = 0
.thickness94_pd_n = 35
.thickness94_pd_nsigma = 3
.thickness95 = 40
.thickness95_pd = 0
.thickness95_pd_n = 35
.thickness95_pd_nsigma = 3
.thickness96 = 40
.thickness96_pd = 0
.thickness96_pd_n = 35
.thickness96_pd_nsigma = 3
.thickness97 = 40
.thickness97_pd = 0
.thickness97_pd_n = 35
.thickness97_pd_nsigma = 3
.thickness98 = 40
.thickness98_pd = 0
.thickness98_pd_n = 35
.thickness98_pd_nsigma = 3
.thickness99 = 40
.thickness99_pd = 0
.thickness99_pd_n = 35
.thickness99_pd_nsigma = 3
.thickness9_pd = 0
.thickness9_pd_n = 35
.thickness9_pd_nsigma = 3
.up_angle = 0
.up_frac_f = 0
.up_frac_i = 0
.up_phi = 0

[chisq=19.260(23), nllf=2417.13]
[overall chisq=105.991(17), nllf=26232.8]
