-- Model 0 sim0.dat
.background = background0 = 0.155353 in [0.01,0.8]
.radius = 84.9197 in [50,200]
.radius_pd = 0
.radius_pd_n = 35
.radius_pd_nsigma = 3
.scale = 0.00152369 in [0.0001,0.05]
.sld = 3.16286 in [1,4]
.sld_M0 = 0
.sld_mphi = 0
.sld_mtheta = 0
.sld_solvent = sld_solvent0 = 4.41944 in [-0.56,6.4]
.sld_solvent_M0 = 0
.sld_solvent_mphi = 0
.sld_solvent_mtheta = 0
.up_angle = 0
.up_frac_f = 0
.up_frac_i = 0
.up_phi = 0

[chisq=37.590(23), nllf=4717.54]
-- Model 1 sim1.dat
.background = background1 = 0.296532 in [0.01,0.8]
.radius = 84.9197 in [50,200]
.radius_pd = 0
.radius_pd_n = 35
.radius_pd_nsigma = 3
.scale = 0.00152369 in [0.0001,0.05]
.sld = 3.16286 in [1,4]
.sld_M0 = 0
.sld_mphi = 0
.sld_mtheta = 0
.sld_solvent = sld_solvent1 = 3.39287 in [-0.56,6.4]
.sld_solvent_M0 = 0
.sld_solvent_mphi = 0
.sld_solvent_mtheta = 0
.up_angle = 0
.up_frac_f = 0
.up_frac_i = 0
.up_phi = 0

[chisq=19.220(23), nllf=2412.16]
-- Model 2 sim2.dat
.background = background2 = 0.501056 in [0.01,0.8]
.radius = 84.9197 in [50,200]
.radius_pd = 0
.radius_pd_n = 35
.radius_pd_nsigma = 3
.scale = 0.00152369 in [0.0001,0.05]
.sld = 3.16286 in [1,4]
.sld_M0 = 0
.sld_mphi = 0
.sld_mtheta = 0
.sld_solvent = sld_solvent2 = 1.09351 in [-0.56,6.4]
.sld_solvent_M0 = 0
.sld_solvent_mphi = 0
.sld_solvent_mtheta = 0
.up_angle = 0
.up_frac_f = 0
.up_frac_i = 0
.up_phi = 0

[chisq=26.546(19), nllf=4061.6]
[overall chisq=28.013(13), nllf=11191.3]
              Parameter       mean  median    best [   68% interval] [   95% interval]
 1          background0  0.161(21)  0.1591  0.1554 [  0.148   0.173] [  0.134   0.207]
 2               radius     91(28)   87.57   84.92 [   63.7   121.8] [   54.1   153.9]
 3                scale 5.8(91)e-3  0.0020  0.0015 [  0.000   0.011] [  0.000   0.034]
 4                  sld   2.47(87)   2.420   3.163 [   1.46    3.53] [   1.05    3.95]
 5         sld_solvent0    2.8(13)   2.575   4.419 [   1.52    4.26] [   0.25    5.63]
 6          background1  0.295(22)  0.2944  0.2965 [  0.280   0.308] [  0.257   0.341]
 7         sld_solvent1    2.5(12)   2.432   3.393 [   1.22    3.72] [   0.30    5.03]
 8          background2  0.508(32)   0.513   0.501 [   0.49    0.53] [   0.43    0.56]
 9         sld_solvent2    2.7(18)   2.530   1.094 [   0.65    4.93] [  -0.22    5.83]

Statistics and plots based on 9879 samples (100.0% of total samples drawn)
